    thet   rho_a    zeta   omeg1   omeg2      bp   zcols   zcolm    mu_a   sig_a     bta      ww     tfp
   0.329   0.208   2.702   0.568   0.282   0.798  -0.001   0.279   0.840   0.329   0.983   0.701   1.712
 --------------------------------------------------
   0.320   0.160   2.202   0.468   0.182   0.748  -0.100   0.179   0.820   0.316   0.982   0.651   1.612
   0.400   0.210   3.202   0.668   0.382   0.848   0.100   0.379   0.860   0.336   0.984   0.751   1.812
 --------------------------------------------------
     hsc     col     std    time     igc  eprem1  i.rate  enroll avgearn
   1.000   1.000  10.000   1.000 100.000  10.000  10.000  10.000  10.000
 --------------------------------------------------
      DISTANCE:     8.979
 --------------------------------------------------
  hmax/smax*avge       hk/sk*max
  20.000   6.000   0.250   1.250
 --------------------------------------------------
   itmax    bign  switch
     200       1       2       0       0       0
 --------------------------------------------------
         eprem/avge:   157.256   100.000
         eprem/avge:   163.823    96.428
 --------------
    IR/enrl/ww/ups0:     4.000    47.986    70.125    46.865
    IR/enrl/ww/ups1:     4.194    51.931    62.073    47.795
 --------------------------------------------------
                avg:     0.586     0.750     0.862     0.925     0.991     1.000     0.894
               mavg:     0.238     0.442     0.558     0.671     0.857     1.000     0.993
               prem:     1.148     1.299     1.476     1.634     1.694     1.869     2.087
              mprem:     1.247     1.500     1.692     1.689     1.719     1.891     1.821
 --------------
             logstd:     0.474     0.506     0.529     0.564     0.586     0.653     0.686
            mlogstd:     0.498     0.420     0.461     0.551     0.731     0.797     0.769
 --------------
               time:     0.157     0.104     0.083
              mtime:     0.165     0.122     0.100
               igc4:     0.341     0.675     0.154     0.208     0.450
              migc4:     0.334     1.187     0.255     0.312     0.099
 --------------------------------------------------
         hbins: 1.000
 --------------
 0.000 0.000 0.300 0.294 0.191 0.108 0.060 0.029 0.012 0.004 0.001 0.000 0.000
 --------------
        hkbins: 1.000
 --------------
 0.000 0.000 0.007 0.557 0.169 0.197 0.040 0.024 0.004 0.002 0.000 0.000 0.000
 --------------
         sbins: 1.000
 --------------
 0.000 0.208 0.141 0.104 0.088 0.085 0.082 0.070 0.055 0.043 0.034 0.026 0.020 0.016 0.011 0.007 0.005 0.003 0.001 0.001 0.000 0.000 0.000 0.000 0.000
 --------------
        skbins: 1.000
 --------------
 0.000 0.016 0.058 0.079 0.105 0.114 0.104 0.084 0.075 0.080 0.075 0.063 0.048 0.037 0.025 0.017 0.010 0.005 0.003 0.001 0.001 0.000 0.000 0.000 0.000
