   1   0.233   1.325   0.200
   1   0.000   0.795   1.122
   1   0.191   2.009   0.819   0.346
 -------------------
   2   0.233   1.325   0.300
   2   0.000   0.795   1.428
   2   0.191   2.009   0.819   0.346
 -------------------
   3   0.233   1.325   0.400
   3   0.000   0.795   1.668
   3   0.191   2.009   0.819   0.346
 -------------------
   4   0.233   2.550   0.200
   4   0.000   1.530   0.708
   4   0.191   2.009   0.819   0.346
 -------------------
   5   0.233   2.550   0.300
   5   0.000   1.530   0.997
   5   0.191   2.009   0.819   0.346
 -------------------
   6   0.233   2.550   0.400
   6   0.000   1.530   1.235
   6   0.191   2.009   0.819   0.346
 -------------------
   7   0.233   3.775   0.200
   7   0.000   2.265   0.425
   7   0.191   2.009   0.819   0.346
 -------------------
   8   0.233   3.775   0.300
   8   0.000   2.265   0.667
   8   0.191   2.009   0.819   0.346
 -------------------
   9   0.233   3.775   0.400
   9   0.000   2.265   0.881
   9   0.191   2.009   0.819   0.346
 -------------------
  10   0.455   1.325   0.200
  10   0.000   0.584   1.262
  10   0.191   2.009   0.819   0.346
 -------------------
  11   0.455   1.325   0.300
  11   0.000   0.584   1.566
  11   0.191   2.009   0.819   0.346
 -------------------
  12   0.455   1.325   0.400
  12   0.000   0.584   1.803
  12   0.191   2.009   0.819   0.346
 -------------------
  13   0.455   2.550   0.200
  13   0.000   1.123   0.921
  13   0.191   2.009   0.819   0.346
 -------------------
  14   0.455   2.550   0.300
  14   0.000   1.123   1.225
  14   0.191   2.009   0.819   0.346
 -------------------
  15   0.455   2.550   0.400
  15   0.000   1.123   1.466
  15   0.191   2.009   0.819   0.346
 -------------------
  16   0.455   3.775   0.200
  16   0.019   1.735   0.593
  16   0.191   2.009   0.819   0.346
 -------------------
  17   0.455   3.775   0.300
  17   0.026   1.761   0.854
  17   0.191   2.009   0.819   0.346
 -------------------
  18   0.455   3.775   0.400
  18   0.030   1.778   1.074
  18   0.191   2.009   0.819   0.346
 -------------------
  19   0.677   1.325   0.200
  19   0.000   0.428   1.369
  19   0.191   2.009   0.819   0.346
 -------------------
  20   0.677   1.325   0.300
  20   0.000   0.428   1.669
  20   0.191   2.009   0.819   0.346
 -------------------
  21   0.677   1.325   0.400
  21   0.000   0.428   1.904
  21   0.191   2.009   0.819   0.346
 -------------------
  22   0.677   2.550   0.200
  22   0.002   0.831   1.097
  22   0.191   2.009   0.819   0.346
 -------------------
  23   0.677   2.550   0.300
  23   0.002   0.832   1.402
  23   0.191   2.009   0.819   0.346
 -------------------
  24   0.677   2.550   0.400
  24   0.002   0.832   1.642
  24   0.191   2.009   0.819   0.346
 -------------------
  25   0.677   3.775   0.200
  25   0.052   1.433   0.714
  25   0.191   2.009   0.819   0.346
 -------------------
  26   0.677   3.775   0.300
  26   0.069   1.501   0.957
  26   0.191   2.009   0.819   0.346
 -------------------
  27   0.677   3.775   0.400
  27   0.082   1.548   1.156
  27   0.191   2.009   0.819   0.346
 -------------------
   1   0.677   3.775   0.300
   1   0.069   1.501   0.957
   1   0.191   2.009   0.819   0.346
 -------------------
   2   0.803   3.775   0.300
   2   0.094   1.419   0.999
   2   0.191   2.009   0.819   0.346
 -------------------
   3   0.677   4.465   0.300
   3   0.123   1.955   0.680
   3   0.191   2.009   0.819   0.346
 -------------------
   4   0.677   3.775   0.392
   4   0.081   1.545   1.142
   4   0.191   2.009   0.819   0.346
 -------------------
   5   0.770   4.284   0.208
   5   0.114   1.691   0.563
   5   0.191   2.009   0.819   0.346
 -------------------
   6   0.812   4.515   0.236
   6   0.170   1.919   0.489
   6   0.191   2.009   0.819   0.346
 -------------------
   7   0.707   4.756   0.199
   7   0.121   1.992   0.384
   7   0.191   2.009   0.819   0.346
 -------------------
   8   0.784   4.150   0.272
   8   0.120   1.660   0.772
   8   0.191   2.009   0.819   0.346
 -------------------
   9   0.763   4.488   0.337
   9   0.172   2.009   0.708
   9   0.191   2.009   0.819   0.346
 -------------------
  10   0.759   4.569   0.397
  10   0.195   2.138   0.758
  10   0.191   2.009   0.819   0.346
 -------------------
  11   0.643   4.299   0.406
  11   0.116   1.932   0.938
  11   0.191   2.009   0.819   0.346
 -------------------
  12   0.782   4.468   0.280
  12   0.163   1.932   0.612
  12   0.191   2.009   0.819   0.346
 -------------------
  13   0.695   4.719   0.380
  13   0.171   2.211   0.701
  13   0.191   2.009   0.819   0.346
 -------------------
  14   0.801   4.700   0.402
  14   0.242   2.305   0.648
  14   0.191   2.009   0.819   0.346
 -------------------
  15   0.777   4.653   0.380
  15   0.212   2.207   0.674
  15   0.191   2.009   0.819   0.346
 -------------------
  16   0.703   4.776   0.454
  16   0.196   2.325   0.774
  16   0.191   2.009   0.819   0.346
 -------------------
  17   0.648   4.739   0.442
  17   0.160   2.272   0.804
  17   0.191   2.009   0.819   0.346
 -------------------
  18   0.687   4.720   0.430
  18   0.177   2.255   0.777
  18   0.191   2.009   0.819   0.346
 -------------------
  19   0.740   4.677   0.462
  19   0.210   2.277   0.804
  19   0.191   2.009   0.819   0.346
 -------------------
  20   0.755   4.493   0.407
  20   0.185   2.080   0.818
  20   0.191   2.009   0.819   0.346
 -------------------
  21   0.776   4.255   0.374
  21   0.155   1.849   0.894
  21   0.191   2.009   0.819   0.346
 -------------------
  22   0.732   4.518   0.328
  22   0.158   2.016   0.693
  22   0.191   2.009   0.819   0.346
 -------------------
  23   0.738   4.643   0.441
  23   0.201   2.228   0.796
  23   0.191   2.009   0.819   0.346
 -------------------
  24   0.799   4.358   0.402
  24   0.187   1.972   0.868
  24   0.191   2.009   0.819   0.346
 -------------------
  25   0.801   4.254   0.348
  25   0.159   1.824   0.851
  25   0.191   2.009   0.819   0.346
 -------------------
  26   0.756   4.568   0.423
  26   0.198   2.160   0.799
  26   0.191   2.009   0.819   0.346
 -------------------
  27   0.782   4.372   0.424
  27   0.185   1.999   0.899
  27   0.191   2.009   0.819   0.346
 -------------------
  28   0.765   4.526   0.404
  28   0.194   2.112   0.789
  28   0.191   2.009   0.819   0.346
 -------------------
  29   0.791   4.336   0.382
  29   0.175   1.931   0.856
  29   0.191   2.009   0.819   0.346
 -------------------
  30   0.765   4.518   0.414
  30   0.195   2.114   0.808
  30   0.191   2.009   0.819   0.346
 -------------------
  31   0.715   4.633   0.415
  31   0.181   2.185   0.780
  31   0.191   2.009   0.819   0.346
 -------------------
  32   0.782   4.440   0.405
  32   0.191   2.044   0.830
  32   0.191   2.009   0.819   0.346
 -------------------
  33   0.770   4.439   0.414
  33   0.187   2.046   0.849
  33   0.191   2.009   0.819   0.346
 -------------------
  34   0.773   4.391   0.403
  34   0.179   1.994   0.861
  34   0.191   2.009   0.819   0.346
 -------------------
  35   0.767   4.489   0.411
  35   0.192   2.087   0.819
  35   0.191   2.009   0.819   0.346
 -------------------
  36   0.789   4.418   0.413
  36   0.194   2.036   0.851
  36   0.191   2.009   0.819   0.346
 -------------------
  37   0.789   4.459   0.406
  37   0.199   2.069   0.815
  37   0.191   2.009   0.819   0.346
 -------------------
  38   0.775   4.444   0.412
  38   0.190   2.051   0.841
  38   0.191   2.009   0.819   0.346
 -------------------
  39   0.759   4.496   0.406
  39   0.187   2.083   0.812
  39   0.191   2.009   0.819   0.346
 -------------------
  40   0.782   4.438   0.411
  40   0.193   2.049   0.840
  40   0.191   2.009   0.819   0.346
 -------------------
  41   0.791   4.389   0.408
  41   0.189   2.004   0.860
  41   0.191   2.009   0.819   0.346
 -------------------
  42   0.774   4.465   0.411
  42   0.192   2.068   0.828
  42   0.191   2.009   0.819   0.346
 -------------------
  43   0.783   4.451   0.406
  43   0.194   2.057   0.824
  43   0.191   2.009   0.819   0.346
 -------------------
  44   0.777   4.466   0.403
  44   0.192   2.064   0.815
  44   0.191   2.009   0.819   0.346
 -------------------
  45   0.787   4.439   0.399
  45   0.193   2.042   0.818
  45   0.191   2.009   0.819   0.346
 -------------------
  46   0.794   4.426   0.393
  46   0.193   2.027   0.814
  46   0.191   2.009   0.819   0.346
 -------------------
  47   0.785   4.437   0.395
  47   0.190   2.034   0.815
  47   0.191   2.009   0.819   0.346
 -------------------
  48   0.786   4.429   0.389
  48   0.188   2.022   0.810
  48   0.191   2.009   0.819   0.346
 -------------------
  49   0.796   4.401   0.392
  49   0.190   2.004   0.827
  49   0.191   2.009   0.819   0.346
 -------------------
  50   0.805   4.366   0.386
  50   0.188   1.969   0.836
  50   0.191   2.009   0.819   0.346
 -------------------
  51   0.801   4.402   0.381
  51   0.191   1.997   0.805
  51   0.191   2.009   0.819   0.346
 -------------------
  52   0.797   4.412   0.387
  52   0.191   2.010   0.812
  52   0.191   2.009   0.819   0.346
 -------------------
  53   0.792   4.407   0.390
  53   0.188   2.005   0.821
  53   0.191   2.009   0.819   0.346
 -------------------
  54   0.792   4.412   0.391
  54   0.190   2.011   0.819
  54   0.191   2.009   0.819   0.346
 -------------------
  55   0.804   4.378   0.385
  55   0.189   1.980   0.826
  55   0.191   2.009   0.819   0.346
 -------------------
  56   0.790   4.422   0.392
  56   0.191   2.021   0.817
  56   0.191   2.009   0.819   0.346
 -------------------
  57   0.790   4.430   0.388
  57   0.190   2.023   0.806
  57   0.191   2.009   0.819   0.346
 -------------------
  58   0.795   4.408   0.391
  58   0.190   2.009   0.821
  58   0.191   2.009   0.819   0.346
 -------------------
  59   0.788   4.417   0.395
  59   0.189   2.017   0.826
  59   0.191   2.009   0.819   0.346
 -------------------
  60   0.795   4.413   0.389
  60   0.191   2.012   0.815
  60   0.191   2.009   0.819   0.346
 -------------------
  61   0.794   4.417   0.391
  61   0.192   2.017   0.816
  61   0.191   2.009   0.819   0.346
 -------------------
  62   0.799   4.403   0.389
  62   0.191   2.004   0.819
  62   0.191   2.009   0.819   0.346
 -------------------
  63   0.802   4.393   0.387
  63   0.191   1.995   0.820
  63   0.191   2.009   0.819   0.346
 -------------------
  64   0.798   4.399   0.388
  64   0.190   1.999   0.821
  64   0.191   2.009   0.819   0.346
 -------------------
  65   0.795   4.413   0.391
  65   0.191   2.013   0.817
  65   0.191   2.009   0.819   0.346
 -------------------
  66   0.798   4.403   0.391
  66   0.191   2.005   0.823
  66   0.191   2.009   0.819   0.346
 -------------------
  67   0.799   4.404   0.389
  67   0.192   2.006   0.818
  67   0.191   2.009   0.819   0.346
 -------------------
  68   0.798   4.410   0.388
  68   0.192   2.010   0.813
  68   0.191   2.009   0.819   0.346
 -------------------
  69   0.798   4.405   0.390
  69   0.191   2.006   0.820
  69   0.191   2.009   0.819   0.346
 -------------------
  70   0.795   4.409   0.391
  70   0.190   2.010   0.820
  70   0.191   2.009   0.819   0.346
 -------------------
  71   0.796   4.408   0.390
  71   0.191   2.009   0.819
  71   0.191   2.009   0.819   0.346
 -------------------
  72   0.800   4.398   0.389
  72   0.191   2.000   0.822
  72   0.191   2.009   0.819   0.346
 -------------------
  73   0.796   4.409   0.390
  73   0.191   2.010   0.818
  73   0.191   2.009   0.819   0.346
 -------------------
  74   0.795   4.411   0.392
  74   0.191   2.013   0.820
  74   0.191   2.009   0.819   0.346
 -------------------
  75   0.796   4.409   0.391
  75   0.191   2.010   0.820
  75   0.191   2.009   0.819   0.346
 -------------------
  76   0.797   4.407   0.391
  76   0.191   2.009   0.820
  76   0.191   2.009   0.819   0.346
 -------------------
  77   0.798   4.407   0.391
  77   0.192   2.009   0.820
  77   0.191   2.009   0.819   0.346
 -------------------
  78   0.795   4.412   0.391
  78   0.191   2.013   0.818
  78   0.191   2.009   0.819   0.346
 -------------------
  79   0.797   4.407   0.390
  79   0.191   2.008   0.820
  79   0.191   2.009   0.819   0.346
 -------------------
  80   0.798   4.406   0.390
  80   0.191   2.007   0.819
  80   0.191   2.009   0.819   0.346
 -------------------
  81   0.796   4.408   0.391
  81   0.191   2.010   0.819
  81   0.191   2.009   0.819   0.346
 -------------------
  82   0.797   4.406   0.391
  82   0.191   2.008   0.821
  82   0.191   2.009   0.819   0.346
 -------------------
  83   0.796   4.408   0.390
  83   0.191   2.009   0.819
  83   0.191   2.009   0.819   0.346
 -------------------
  84   0.796   4.408   0.390
  84   0.191   2.009   0.819
  84   0.191   2.009   0.819   0.346
 -------------------
  85   0.797   4.407   0.391
  85   0.191   2.009   0.819
  85   0.191   2.009   0.819   0.346
 -------------------
  86   0.796   4.409   0.391
  86   0.191   2.011   0.819
  86   0.191   2.009   0.819   0.346
 -------------------
  87   0.797   4.407   0.390
  87   0.191   2.009   0.820
  87   0.191   2.009   0.819   0.346
 -------------------
  88   0.797   4.407   0.390
  88   0.191   2.008   0.819
  88   0.191   2.009   0.819   0.346
 -------------------
  89   0.797   4.407   0.390
  89   0.191   2.009   0.819
  89   0.191   2.009   0.819   0.346
 -------------------
  90   0.797   4.408   0.390
  90   0.191   2.009   0.819
  90   0.191   2.009   0.819   0.346
 -------------------
  91   0.797   4.407   0.390
  91   0.191   2.008   0.820
  91   0.191   2.009   0.819   0.346
 -------------------
  92   0.797   4.407   0.390
  92   0.191   2.008   0.819
  92   0.191   2.009   0.819   0.346
 -------------------
  93   0.797   4.407   0.391
  93   0.191   2.008   0.820
  93   0.191   2.009   0.819   0.346
 -------------------
  94   0.797   4.407   0.390
  94   0.191   2.009   0.819
  94   0.191   2.009   0.819   0.346
 -------------------
  95   0.797   4.407   0.390
  95   0.191   2.008   0.819
  95   0.191   2.009   0.819   0.346
 -------------------
  96   0.797   4.407   0.390
  96   0.191   2.008   0.819
  96   0.191   2.009   0.819   0.346
 -------------------
  97   0.797   4.407   0.390
  97   0.191   2.008   0.819
  97   0.191   2.009   0.819   0.346
 -------------------
  98   0.797   4.407   0.390
  98   0.191   2.009   0.819
  98   0.191   2.009   0.819   0.346
 -------------------
  99   0.797   4.408   0.390
  99   0.191   2.009   0.819
  99   0.191   2.009   0.819   0.346
 -------------------
 100   0.797   4.407   0.390
 100   0.191   2.008   0.819
 100   0.191   2.009   0.819   0.346
 -------------------
 101   0.797   4.407   0.390
 101   0.191   2.009   0.819
 101   0.191   2.009   0.819   0.346
 -------------------
 102   0.797   4.407   0.390
 102   0.191   2.008   0.819
 102   0.191   2.009   0.819   0.346
 -------------------
 103   0.797   4.407   0.390
 103   0.191   2.009   0.819
 103   0.191   2.009   0.819   0.346
 -------------------
 104   0.797   4.407   0.390
 104   0.191   2.009   0.819
 104   0.191   2.009   0.819   0.346
 -------------------
 105   0.797   4.407   0.390
 105   0.191   2.009   0.819
 105   0.191   2.009   0.819   0.346
 -------------------
 106   0.797   4.407   0.390
 106   0.191   2.008   0.819
 106   0.191   2.009   0.819   0.346
 -------------------
 107   0.797   4.407   0.390
 107   0.191   2.009   0.819
 107   0.191   2.009   0.819   0.346
 -------------------
 108   0.797   4.407   0.390
 108   0.191   2.009   0.819
 108   0.191   2.009   0.819   0.346
 -------------------
 109   0.797   4.408   0.390
 109   0.191   2.009   0.819
 109   0.191   2.009   0.819   0.346
 -------------------
 110   0.797   4.407   0.390
 110   0.191   2.009   0.819
 110   0.191   2.009   0.819   0.346
 -------------------
 111   0.797   4.407   0.390
 111   0.191   2.009   0.819
 111   0.191   2.009   0.819   0.346
 -------------------
 112   0.797   4.407   0.390
 112   0.191   2.009   0.819
 112   0.191   2.009   0.819   0.346
 -------------------
 113   0.797   4.407   0.390
 113   0.191   2.009   0.819
 113   0.191   2.009   0.819   0.346
 -------------------
 114   0.797   4.407   0.390
 114   0.191   2.009   0.819
 114   0.191   2.009   0.819   0.346
 -------------------
 115   0.797   4.407   0.390
 115   0.191   2.009   0.819
 115   0.191   2.009   0.819   0.346
 -------------------
 116   0.797   4.407   0.390
 116   0.191   2.009   0.819
 116   0.191   2.009   0.819   0.346
 -------------------
 117   0.797   4.407   0.390
 117   0.191   2.009   0.819
 117   0.191   2.009   0.819   0.346
 -------------------
 118   0.797   4.407   0.390
 118   0.191   2.009   0.819
 118   0.191   2.009   0.819   0.346
 -------------------
 119   0.797   4.407   0.390
 119   0.191   2.009   0.819
 119   0.191   2.009   0.819   0.346
 -------------------
 120   0.797   4.407   0.390
 120   0.191   2.009   0.819
 120   0.191   2.009   0.819   0.346
 -------------------
 121   0.797   4.407   0.390
 121   0.191   2.009   0.819
 121   0.191   2.009   0.819   0.346
 -------------------
 122   0.797   4.407   0.390
 122   0.191   2.009   0.819
 122   0.191   2.009   0.819   0.346
 -------------------
 123   0.797   4.407   0.390
 123   0.191   2.009   0.819
 123   0.191   2.009   0.819   0.346
 -------------------
 124   0.797   4.407   0.390
 124   0.191   2.009   0.819
 124   0.191   2.009   0.819   0.346
 -------------------
 125   0.797   4.407   0.390
 125   0.191   2.009   0.819
 125   0.191   2.009   0.819   0.346
 -------------------
 126   0.797   4.407   0.390
 126   0.191   2.009   0.819
 126   0.191   2.009   0.819   0.346
 -------------------
 127   0.797   4.407   0.390
 127   0.191   2.009   0.819
 127   0.191   2.009   0.819   0.346
 -------------------
 128   0.797   4.407   0.390
 128   0.191   2.009   0.819
 128   0.191   2.009   0.819   0.346
 -------------------
 129   0.797   4.407   0.390
 129   0.191   2.009   0.819
 129   0.191   2.009   0.819   0.346
 -------------------
 130   0.797   4.407   0.390
 130   0.191   2.009   0.819
 130   0.191   2.009   0.819   0.346
 -------------------
 131   0.797   4.407   0.390
 131   0.191   2.009   0.819
 131   0.191   2.009   0.819   0.346
 -------------------
 132   0.797   4.407   0.390
 132   0.191   2.009   0.819
 132   0.191   2.009   0.819   0.346
 -------------------
 133   0.797   4.407   0.390
 133   0.191   2.009   0.819
 133   0.191   2.009   0.819   0.346
 -------------------
 134   0.797   4.407   0.390
 134   0.191   2.009   0.819
 134   0.191   2.009   0.819   0.346
 -------------------
 135   0.797   4.407   0.390
 135   0.191   2.009   0.819
 135   0.191   2.009   0.819   0.346
 -------------------
 136   0.797   4.407   0.390
 136   0.191   2.009   0.819
 136   0.191   2.009   0.819   0.346
 -------------------
 137   0.797   4.407   0.390
 137   0.191   2.009   0.819
 137   0.191   2.009   0.819   0.346
 -------------------
 138   0.797   4.407   0.390
 138   0.191   2.009   0.819
 138   0.191   2.009   0.819   0.346
 -------------------
 139   0.797   4.407   0.390
 139   0.191   2.009   0.819
 139   0.191   2.009   0.819   0.346
 -------------------
 140   0.797   4.407   0.390
 140   0.191   2.009   0.819
 140   0.191   2.009   0.819   0.346
 -------------------
 141   0.797   4.407   0.390
 141   0.191   2.009   0.819
 141   0.191   2.009   0.819   0.346
 -------------------
 142   0.797   4.407   0.390
 142   0.191   2.009   0.819
 142   0.191   2.009   0.819   0.346
 -------------------
 143   0.797   4.407   0.390
 143   0.191   2.009   0.819
 143   0.191   2.009   0.819   0.346
 -------------------
 144   0.797   4.407   0.390
 144   0.191   2.009   0.819
 144   0.191   2.009   0.819   0.346
 -------------------
 145   0.797   4.407   0.390
 145   0.191   2.009   0.819
 145   0.191   2.009   0.819   0.346
 -------------------
 146   0.797   4.407   0.390
 146   0.191   2.009   0.819
 146   0.191   2.009   0.819   0.346
 -------------------
 147   0.797   4.407   0.390
 147   0.191   2.009   0.819
 147   0.191   2.009   0.819   0.346
 -------------------
 148   0.797   4.407   0.390
 148   0.191   2.009   0.819
 148   0.191   2.009   0.819   0.346
 -------------------
 149   0.797   4.407   0.390
 149   0.191   2.009   0.819
 149   0.191   2.009   0.819   0.346
 -------------------
 150   0.797   4.407   0.390
 150   0.191   2.009   0.819
 150   0.191   2.009   0.819   0.346
 -------------------
 151   0.797   4.407   0.390
 151   0.191   2.009   0.819
 151   0.191   2.009   0.819   0.346
 -------------------
 152   0.797   4.407   0.390
 152   0.191   2.009   0.819
 152   0.191   2.009   0.819   0.346
 -------------------
 153   0.797   4.407   0.390
 153   0.191   2.009   0.819
 153   0.191   2.009   0.819   0.346
 -------------------
 154   0.797   4.407   0.390
 154   0.191   2.009   0.819
 154   0.191   2.009   0.819   0.346
 -------------------
 155   0.797   4.407   0.390
 155   0.191   2.009   0.819
 155   0.191   2.009   0.819   0.346
 -------------------
 156   0.797   4.407   0.390
 156   0.191   2.009   0.819
 156   0.191   2.009   0.819   0.346
 -------------------
 157   0.797   4.407   0.390
 157   0.191   2.009   0.819
 157   0.191   2.009   0.819   0.346
 -------------------
 158   0.797   4.407   0.390
 158   0.191   2.009   0.819
 158   0.191   2.009   0.819   0.346
 -------------------
 159   0.797   4.407   0.390
 159   0.191   2.009   0.819
 159   0.191   2.009   0.819   0.346
 -------------------
 160   0.797   4.407   0.390
 160   0.191   2.009   0.819
 160   0.191   2.009   0.819   0.346
 -------------------
 161   0.797   4.407   0.390
 161   0.191   2.009   0.819
 161   0.191   2.009   0.819   0.346
 -------------------
 162   0.797   4.407   0.390
 162   0.191   2.009   0.819
 162   0.191   2.009   0.819   0.346
 -------------------
 163   0.797   4.407   0.390
 163   0.191   2.009   0.819
 163   0.191   2.009   0.819   0.346
 -------------------
 164   0.797   4.407   0.390
 164   0.191   2.009   0.819
 164   0.191   2.009   0.819   0.346
 -------------------
 165   0.797   4.407   0.390
 165   0.191   2.009   0.819
 165   0.191   2.009   0.819   0.346
 -------------------
 166   0.797   4.407   0.390
 166   0.191   2.009   0.819
 166   0.191   2.009   0.819   0.346
 -------------------
 167   0.797   4.407   0.390
 167   0.191   2.009   0.819
 167   0.191   2.009   0.819   0.346
 -------------------
 168   0.797   4.407   0.390
 168   0.191   2.009   0.819
 168   0.191   2.009   0.819   0.346
 -------------------
 169   0.797   4.407   0.390
 169   0.191   2.009   0.819
 169   0.191   2.009   0.819   0.346
 -------------------
 170   0.797   4.407   0.390
 170   0.191   2.009   0.819
 170   0.191   2.009   0.819   0.346
 -------------------
 171   0.797   4.407   0.390
 171   0.191   2.009   0.819
 171   0.191   2.009   0.819   0.346
 -------------------
 172   0.797   4.407   0.390
 172   0.191   2.009   0.819
 172   0.191   2.009   0.819   0.346
 -------------------
 173   0.797   4.407   0.390
 173   0.191   2.009   0.819
 173   0.191   2.009   0.819   0.346
 -------------------
 174   0.797   4.407   0.390
 174   0.191   2.009   0.819
 174   0.191   2.009   0.819   0.346
 -------------------
 175   0.797   4.407   0.390
 175   0.191   2.009   0.819
 175   0.191   2.009   0.819   0.346
 -------------------
 176   0.797   4.407   0.390
 176   0.191   2.009   0.819
 176   0.191   2.009   0.819   0.346
 -------------------
 177   0.797   4.407   0.390
 177   0.191   2.009   0.819
 177   0.191   2.009   0.819   0.346
 -------------------
 178   0.797   4.407   0.390
 178   0.191   2.009   0.819
 178   0.191   2.009   0.819   0.346
 -------------------
 179   0.797   4.407   0.390
 179   0.191   2.009   0.819
 179   0.191   2.009   0.819   0.346
 -------------------
 180   0.797   4.407   0.390
 180   0.191   2.009   0.819
 180   0.191   2.009   0.819   0.346
 -------------------
 181   0.797   4.407   0.390
 181   0.191   2.009   0.819
 181   0.191   2.009   0.819   0.346
 -------------------
 182   0.797   4.407   0.390
 182   0.191   2.009   0.819
 182   0.191   2.009   0.819   0.346
 -------------------
 183   0.797   4.407   0.390
 183   0.191   2.009   0.819
 183   0.191   2.009   0.819   0.346
 -------------------
 184   0.797   4.407   0.390
 184   0.191   2.009   0.819
 184   0.191   2.009   0.819   0.346
 -------------------
 185   0.797   4.407   0.390
 185   0.191   2.009   0.819
 185   0.191   2.009   0.819   0.346
 -------------------
 186   0.797   4.407   0.390
 186   0.191   2.009   0.819
 186   0.191   2.009   0.819   0.346
 -------------------
 187   0.797   4.407   0.390
 187   0.191   2.009   0.819
 187   0.191   2.009   0.819   0.346
 -------------------
 188   0.797   4.407   0.390
 188   0.191   2.009   0.819
 188   0.191   2.009   0.819   0.346
 -------------------
 189   0.797   4.407   0.390
 189   0.191   2.009   0.819
 189   0.191   2.009   0.819   0.346
 -------------------
 190   0.797   4.407   0.390
 190   0.191   2.009   0.819
 190   0.191   2.009   0.819   0.346
 -------------------
 191   0.797   4.407   0.390
 191   0.191   2.009   0.819
 191   0.191   2.009   0.819   0.346
 -------------------
 192   0.797   4.407   0.390
 192   0.191   2.009   0.819
 192   0.191   2.009   0.819   0.346
 -------------------
 193   0.797   4.407   0.390
 193   0.191   2.009   0.819
 193   0.191   2.009   0.819   0.346
 -------------------
 194   0.797   4.407   0.390
 194   0.191   2.009   0.819
 194   0.191   2.009   0.819   0.346
 -------------------
 195   0.797   4.407   0.390
 195   0.191   2.009   0.819
 195   0.191   2.009   0.819   0.346
 -------------------
 196   0.797   4.407   0.390
 196   0.191   2.009   0.819
 196   0.191   2.009   0.819   0.346
 -------------------
 197   0.797   4.407   0.390
 197   0.191   2.009   0.819
 197   0.191   2.009   0.819   0.346
 -------------------
 198   0.797   4.407   0.390
 198   0.191   2.009   0.819
 198   0.191   2.009   0.819   0.346
 -------------------
 199   0.797   4.407   0.390
 199   0.191   2.009   0.819
 199   0.191   2.009   0.819   0.346
 -------------------
 200   0.797   4.407   0.390
 200   0.191   2.009   0.819
 200   0.191   2.009   0.819   0.346
 -------------------
 201   0.797   4.407   0.390
 201   0.191   2.009   0.819
 201   0.191   2.009   0.819   0.346
 -------------------
 202   0.797   4.407   0.390
 202   0.191   2.009   0.819
 202   0.191   2.009   0.819   0.346
 -------------------
 203   0.797   4.407   0.390
 203   0.191   2.009   0.819
 203   0.191   2.009   0.819   0.346
 -------------------
 204   0.797   4.407   0.390
 204   0.191   2.009   0.819
 204   0.191   2.009   0.819   0.346
 -------------------
   1   0.797   4.407   0.390
   1   0.191   2.009   0.819
   1   0.191   2.009   0.819   0.346
 -------------------
  2.793806888565916E-017
