 --------------------------------------------------
         eprem/avge:   157.256   100.000
         eprem/avge:   170.100    97.112
 --------------
    IR/enrl/ww/ups0:     4.000    47.986    71.711    46.694
    IR/enrl/ww/ups1:     4.269    47.682    69.230    46.963
 --------------------------------------------------
                avg:     0.586     0.750     0.862     0.925     0.991     1.000     0.894
               mavg:     0.232     0.458     0.584     0.684     0.850     1.000     0.986
               prem:     1.148     1.299     1.476     1.634     1.694     1.869     2.087
              mprem:     1.327     1.586     1.687     1.715     1.779     1.999     1.902
 --------------
                hsc:     0.748     0.899     0.970     0.989     1.041     1.000     0.846
               mhsc:     0.282     0.511     0.634     0.736     0.899     1.000     1.010
                col:     0.859     1.169     1.432     1.616     1.763     1.869     1.766
               mcol:     0.374     0.811     1.069     1.262     1.599     1.999     1.922
 --------------
             logstd:     0.474     0.506     0.529     0.564     0.586     0.653     0.686
            mlogstd:     0.497     0.448     0.443     0.541     0.719     0.782     0.756
 --------------
               time:     0.157     0.104     0.083
              mtime:     0.141     0.098     0.090
               igc4:     0.341     0.675     0.154     0.208     0.450
              migc4:     0.366     1.237     0.275     0.300     0.075
  tax,dd   0.106   0.213
