 --------------------------------------------------
         eprem/avge:   157.256   100.000
         eprem/avge:   156.394    96.508
 --------------
    IR/enrl/ww/ups0:     4.000    47.986    69.740    46.907
    IR/enrl/ww/ups1:     4.291    46.429    75.653    46.287
 --------------------------------------------------
                avg:     0.586     0.750     0.862     0.925     0.991     1.000     0.894
               mavg:     0.225     0.445     0.579     0.677     0.849     1.000     0.984
               prem:     1.148     1.299     1.476     1.634     1.694     1.869     2.087
              mprem:     1.205     1.482     1.497     1.602     1.638     1.843     1.769
 --------------
             logstd:     0.474     0.506     0.529     0.564     0.586     0.653     0.686
            mlogstd:     0.496     0.455     0.451     0.543     0.723     0.782     0.757
 --------------
               time:     0.157     0.104     0.083
              mtime:     0.140     0.109     0.095
               igc4:     0.341     0.675     0.154     0.208     0.450
              migc4:     0.322     1.187     0.263     0.305     0.068
  tax,dd   0.106   0.213
      IR   4.000
