 --------------------------------------------------
         eprem/avge:   157.256   100.000
         eprem/avge:   165.247    95.251
 --------------
    IR/enrl/ww/ups0:     4.000    47.986    74.258    46.429
    IR/enrl/ww/ups1:     4.203    48.230    73.229    46.535
 --------------------------------------------------
                avg:     0.586     0.750     0.862     0.925     0.991     1.000     0.894
               mavg:     0.230     0.451     0.556     0.635     0.826     1.000     0.990
               prem:     1.148     1.299     1.476     1.634     1.694     1.869     2.087
              mprem:     1.193     1.431     1.718     1.788     1.786     1.952     1.841
 --------------
             logstd:     0.474     0.506     0.529     0.564     0.586     0.653     0.686
            mlogstd:     0.458     0.412     0.454     0.557     0.704     0.755     0.721
 --------------
               time:     0.157     0.104     0.083
              mtime:     0.149     0.110     0.096
               igc4:     0.341     0.675     0.154     0.208     0.450
              migc4:     0.339     1.199     0.276     0.308     0.047
  tax,dd   0.106   0.213
      IR   4.000
