 --------------------------------------------------
         eprem/avge:   157.256   100.000
         eprem/avge:   151.250   108.842
 --------------
    IR/enrl/ww/ups0:     4.000    47.986    71.711    46.694
    IR/enrl/ww/ups1:     4.990    52.116    65.467    47.389
 --------------------------------------------------
                avg:     0.586     0.750     0.862     0.925     0.991     1.000     0.894
               mavg:     0.226     0.449     0.548     0.647     0.839     1.000     0.967
               prem:     1.148     1.299     1.476     1.634     1.694     1.869     2.087
              mprem:     0.999     1.393     1.568     1.676     1.672     1.743     1.697
 --------------
             logstd:     0.474     0.506     0.529     0.564     0.586     0.653     0.686
            mlogstd:     0.459     0.393     0.439     0.540     0.696     0.729     0.708
 --------------
               time:     0.157     0.104     0.083
              mtime:     0.173     0.154     0.131
               igc4:     0.341     0.675     0.154     0.208     0.450
              migc4:     0.300     1.235     0.219     0.316     0.055
  tax,dd   0.106   0.213
