 --------------------------------------------------
         eprem/avge:   157.256   100.000
         eprem/avge:   174.045    94.899
 --------------
    IR/enrl/ww/ups0:     4.000    47.986    71.711    46.694
    IR/enrl/ww/ups1:     5.134    46.797    70.424    46.832
 --------------------------------------------------
                avg:     0.586     0.750     0.862     0.925     0.991     1.000     0.894
               mavg:     0.231     0.456     0.584     0.679     0.852     1.000     0.986
               prem:     1.148     1.299     1.476     1.634     1.694     1.869     2.087
              mprem:     1.388     1.628     1.702     1.757     1.811     2.038     1.940
 --------------
                hsc:     0.748     0.899     0.970     0.989     1.041     1.000     0.846
               mhsc:     0.276     0.506     0.635     0.728     0.901     1.000     1.009
                col:     0.859     1.169     1.432     1.616     1.763     1.869     1.766
               mcol:     0.383     0.824     1.081     1.279     1.631     2.038     1.958
 --------------
             logstd:     0.474     0.506     0.529     0.564     0.586     0.653     0.686
            mlogstd:     0.499     0.453     0.457     0.554     0.724     0.787     0.760
 --------------
               time:     0.157     0.104     0.083
              mtime:     0.141     0.097     0.089
               igc4:     0.341     0.675     0.154     0.208     0.450
              migc4:     0.376     1.253     0.269     0.327     0.113
  tax,dd   0.106   0.213
