 --------------------------------------------------
         eprem/avge:   157.256   100.000
         eprem/avge:   166.686    97.542
 --------------
    IR/enrl/ww/ups0:     4.000    47.986    71.711    46.694
    IR/enrl/ww/ups1:     4.643    50.443    65.279    47.411
 --------------------------------------------------
                avg:     0.586     0.750     0.862     0.925     0.991     1.000     0.894
               mavg:     0.227     0.429     0.562     0.667     0.853     1.000     0.986
               prem:     1.148     1.299     1.476     1.634     1.694     1.869     2.087
              mprem:     1.310     1.445     1.596     1.767     1.786     1.982     1.893
 --------------
             logstd:     0.474     0.506     0.529     0.564     0.586     0.653     0.686
            mlogstd:     0.480     0.444     0.457     0.556     0.716     0.775     0.748
 --------------
               time:     0.157     0.104     0.083
              mtime:     0.154     0.111     0.098
               igc4:     0.341     0.675     0.154     0.208     0.450
              migc4:     0.334     1.239     0.260     0.308     0.066
  tax,dd   0.106   0.213
