    thet   rho_a    zeta   omeg1   omeg2      bp   zcols   zcolm    mu_a   sig_a     bta      ww     tfp
   0.329   0.208   2.702   0.568   0.282   0.798  -0.001   0.279   0.840   0.329   0.983   0.701   1.712
 --------------------------------------------------
   0.320   0.160   2.202   0.468   0.182   0.748  -0.100   0.179   0.820   0.316   0.982   0.651   1.612
   0.400   0.210   3.202   0.668   0.382   0.848   0.100   0.379   0.860   0.336   0.984   0.751   1.812
 --------------------------------------------------
     hsc     col     std    time     igc  eprem1  i.rate  enroll avgearn
   1.000   1.000  10.000   1.000 100.000  10.000  10.000  10.000  10.000
 --------------------------------------------------
      DISTANCE:     9.381
 --------------------------------------------------
  hmax/smax*avge       hk/sk*max
  20.000   6.000   0.250   1.250
 --------------------------------------------------
   itmax    bign  switch
     200       1       0       0       0       0
 --------------------------------------------------
         eprem/avge:   157.256   100.000
         eprem/avge:   169.429    94.072
 --------------
    IR/enrl/ww/ups0:     4.000    47.986    70.125    46.865
    IR/enrl/ww/ups1:     4.281    50.711    62.833    47.702
 --------------------------------------------------
                avg:     0.586     0.750     0.862     0.925     0.991     1.000     0.894
               mavg:     0.238     0.432     0.555     0.660     0.854     1.000     1.002
               prem:     1.148     1.299     1.476     1.634     1.694     1.869     2.087
              mprem:     1.177     1.596     1.759     1.775     1.814     1.986     1.897
 --------------
             logstd:     0.474     0.506     0.529     0.564     0.586     0.653     0.686
            mlogstd:     0.491     0.424     0.452     0.549     0.721     0.782     0.753
 --------------
               time:     0.157     0.104     0.083
              mtime:     0.164     0.120     0.098
               igc4:     0.341     0.675     0.154     0.208     0.450
              migc4:     0.356     1.184     0.276     0.312     0.100
 --------------------------------------------------
         hbins: 1.000
 --------------
 0.000 0.000 0.300 0.306 0.184 0.106 0.060 0.028 0.011 0.004 0.001 0.000 0.000
 --------------
        hkbins: 1.000
 --------------
 0.000 0.000 0.003 0.559 0.176 0.199 0.037 0.021 0.003 0.002 0.000 0.000 0.000
 --------------
         sbins: 1.000
 --------------
 0.000 0.202 0.124 0.116 0.103 0.099 0.082 0.068 0.049 0.039 0.031 0.025 0.019 0.015 0.011 0.007 0.004 0.002 0.001 0.001 0.000 0.000 0.000 0.000 0.000
 --------------
        skbins: 1.000
 --------------
 0.000 0.015 0.060 0.081 0.107 0.118 0.108 0.089 0.075 0.071 0.070 0.061 0.048 0.037 0.024 0.015 0.009 0.005 0.003 0.001 0.001 0.000 0.000 0.000 0.000
