   1   0.135   0.600   0.324
   1   0.031   1.003   0.718   0.010
   1   0.394   1.859   0.819   0.346
 -------------------
   2   0.135   0.600   0.547
   2   0.032   1.006   0.992   0.003
   2   0.394   1.859   0.819   0.346
 -------------------
   3   0.135   0.600   0.771
   3   0.033   1.007   1.188   0.001
   3   0.394   1.859   0.819   0.346
 -------------------
   4   0.135   1.100   0.324
   4   0.057   1.308   0.549   0.044
   4   0.394   1.859   0.819   0.346
 -------------------
   5   0.135   1.100   0.547
   5   0.062   1.319   0.813   0.023
   5   0.394   1.859   0.819   0.346
 -------------------
   6   0.135   1.100   0.771
   6   0.064   1.323   1.008   0.013
   6   0.394   1.859   0.819   0.346
 -------------------
   7   0.135   1.600   0.324
   7   0.078   1.620   0.406   0.101
   7   0.394   1.859   0.819   0.346
 -------------------
   8   0.135   1.600   0.547
   8   0.089   1.644   0.647   0.064
   8   0.394   1.859   0.819   0.346
 -------------------
   9   0.135   1.600   0.771
   9   0.094   1.656   0.835   0.044
   9   0.394   1.859   0.819   0.346
 -------------------
  10   0.260   0.600   0.324
  10   0.043   0.913   0.763   0.012
  10   0.394   1.859   0.819   0.346
 -------------------
  11   0.260   0.600   0.547
  11   0.045   0.916   1.035   0.004
  11   0.394   1.859   0.819   0.346
 -------------------
  12   0.260   0.600   0.771
  12   0.046   0.917   1.229   0.001
  12   0.394   1.859   0.819   0.346
 -------------------
  13   0.260   1.100   0.324
  13   0.091   1.179   0.596   0.054
  13   0.394   1.859   0.819   0.346
 -------------------
  14   0.260   1.100   0.547
  14   0.098   1.193   0.858   0.027
  14   0.394   1.859   0.819   0.346
 -------------------
  15   0.260   1.100   0.771
  15   0.101   1.199   1.050   0.016
  15   0.394   1.859   0.819   0.346
 -------------------
  16   0.260   1.600   0.324
  16   0.133   1.467   0.441   0.135
  16   0.394   1.859   0.819   0.346
 -------------------
  17   0.260   1.600   0.547
  17   0.150   1.501   0.680   0.086
  17   0.394   1.859   0.819   0.346
 -------------------
  18   0.260   1.600   0.771
  18   0.158   1.517   0.863   0.060
  18   0.394   1.859   0.819   0.346
 -------------------
  19   0.385   0.600   0.324
  19   0.045   0.845   0.801   0.011
  19   0.394   1.859   0.819   0.346
 -------------------
  20   0.385   0.600   0.547
  20   0.047   0.848   1.073   0.003
  20   0.394   1.859   0.819   0.346
 -------------------
  21   0.385   0.600   0.771
  21   0.048   0.849   1.264   0.001
  21   0.394   1.859   0.819   0.346
 -------------------
  22   0.385   1.100   0.324
  22   0.112   1.087   0.634   0.057
  22   0.394   1.859   0.819   0.346
 -------------------
  23   0.385   1.100   0.547
  23   0.120   1.102   0.895   0.029
  23   0.394   1.859   0.819   0.346
 -------------------
  24   0.385   1.100   0.771
  24   0.124   1.108   1.085   0.017
  24   0.394   1.859   0.819   0.346
 -------------------
  25   0.385   1.600   0.324
  25   0.179   1.371   0.461   0.162
  25   0.394   1.859   0.819   0.346
 -------------------
  26   0.385   1.600   0.547
  26   0.201   1.412   0.696   0.106
  26   0.394   1.859   0.819   0.346
 -------------------
  27   0.385   1.600   0.771
  27   0.212   1.432   0.874   0.077
  27   0.394   1.859   0.819   0.346
 -------------------
   1   0.385   1.600   0.771
   1   0.212   1.432   0.874   0.077
   1   0.394   1.859   0.819   0.346
 -------------------
   2   0.455   1.600   0.771
   2   0.240   1.400   0.874   0.087
   2   0.394   1.859   0.819   0.346
 -------------------
   3   0.385   1.882   0.771
   3   0.260   1.628   0.756   0.120
   3   0.394   1.859   0.819   0.346
 -------------------
   4   0.385   1.600   0.897
   4   0.216   1.439   0.957   0.065
   4   0.394   1.859   0.819   0.346
 -------------------
   5   0.437   1.808   0.569
   5   0.260   1.529   0.632   0.152
   5   0.394   1.859   0.819   0.346
 -------------------
   6   0.461   1.902   0.643
   6   0.297   1.602   0.645   0.165
   6   0.394   1.859   0.819   0.346
 -------------------
   7   0.480   1.982   0.569
   7   0.315   1.639   0.554   0.207
   7   0.394   1.859   0.819   0.346
 -------------------
   8   0.402   2.001   0.545
   8   0.268   1.667   0.542   0.189
   8   0.394   1.859   0.819   0.346
 -------------------
   9   0.445   1.753   0.721
   9   0.265   1.510   0.769   0.118
   9   0.394   1.859   0.819   0.346
 -------------------
  10   0.433   1.891   0.827
  10   0.293   1.626   0.780   0.127
  10   0.394   1.859   0.819   0.346
 -------------------
  11   0.431   1.924   0.902
  11   0.303   1.659   0.810   0.124
  11   0.394   1.859   0.819   0.346
 -------------------
  12   0.413   1.993   0.849
  12   0.301   1.708   0.754   0.138
  12   0.394   1.859   0.819   0.346
 -------------------
  13   0.470   1.990   0.859
  13   0.340   1.700   0.743   0.154
  13   0.394   1.859   0.819   0.346
 -------------------
  14   0.489   2.023   0.891
  14   0.363   1.730   0.738   0.164
  14   0.394   1.859   0.819   0.346
 -------------------
  15   0.447   2.036   0.967
  15   0.340   1.750   0.791   0.143
  15   0.394   1.859   0.819   0.346
 -------------------
  16   0.487   2.015   0.967
  16   0.365   1.733   0.784   0.152
  16   0.394   1.859   0.819   0.346
 -------------------
  17   0.500   2.024   0.984
  17   0.378   1.744   0.782   0.157
  17   0.394   1.859   0.819   0.346
 -------------------
  18   0.503   2.072   0.984
  18   0.393   1.784   0.756   0.169
  18   0.394   1.859   0.819   0.346
 -------------------
  19   0.508   2.089   0.991
  19   0.401   1.801   0.749   0.174
  19   0.394   1.859   0.819   0.346
 -------------------
  20   0.508   2.053   0.974
  20   0.391   1.768   0.758   0.168
  20   0.394   1.859   0.819   0.346
 -------------------
  21   0.509   2.071   0.993
  21   0.398   1.787   0.758   0.170
  21   0.394   1.859   0.819   0.346
 -------------------
  22   0.510   2.083   0.995
  22   0.402   1.797   0.752   0.173
  22   0.394   1.859   0.819   0.346
 -------------------
  23   0.500   2.067   0.993
  23   0.389   1.781   0.765   0.166
  23   0.394   1.859   0.819   0.346
 -------------------
  24   0.487   2.072   0.994
  24   0.381   1.784   0.770   0.162
  24   0.394   1.859   0.819   0.346
 -------------------
  25   0.508   2.088   0.994
  25   0.402   1.801   0.750   0.174
  25   0.394   1.859   0.819   0.346
 -------------------
  26   0.503   2.052   0.989
  26   0.388   1.769   0.768   0.164
  26   0.394   1.859   0.819   0.346
 -------------------
  27   0.507   2.056   0.994
  27   0.393   1.773   0.767   0.166
  27   0.394   1.859   0.819   0.346
 -------------------
  28   0.508   2.045   0.995
  28   0.391   1.764   0.773   0.164
  28   0.394   1.859   0.819   0.346
 -------------------
  29   0.490   2.031   0.994
  29   0.373   1.750   0.788   0.154
  29   0.394   1.859   0.819   0.346
 -------------------
  30   0.508   2.064   0.994
  30   0.395   1.780   0.762   0.168
  30   0.394   1.859   0.819   0.346
 -------------------
  31   0.500   2.045   0.994
  31   0.384   1.763   0.776   0.161
  31   0.394   1.859   0.819   0.346
 -------------------
  32   0.505   2.054   0.995
  32   0.391   1.772   0.769   0.165
  32   0.394   1.859   0.819   0.346
 -------------------
  33   0.508   2.019   0.995
  33   0.384   1.742   0.786   0.158
  33   0.394   1.859   0.819   0.346
 -------------------
  34   0.507   2.035   0.995
  34   0.387   1.756   0.778   0.161
  34   0.394   1.859   0.819   0.346
 -------------------
  35   0.509   2.046   0.995
  35   0.392   1.765   0.771   0.164
  35   0.394   1.859   0.819   0.346
 -------------------
  36   0.509   2.026   0.995
  36   0.387   1.749   0.781   0.160
  36   0.394   1.859   0.819   0.346
 -------------------
  37   0.509   2.035   0.995
  37   0.389   1.756   0.777   0.162
  37   0.394   1.859   0.819   0.346
 -------------------
  38   0.507   2.030   0.994
  38   0.386   1.751   0.781   0.160
  38   0.394   1.859   0.819   0.346
 -------------------
  39   0.509   2.042   0.995
  39   0.391   1.762   0.774   0.163
  39   0.394   1.859   0.819   0.346
 -------------------
  40   0.509   2.029   0.995
  40   0.387   1.751   0.780   0.160
  40   0.394   1.859   0.819   0.346
 -------------------
  41   0.508   2.041   0.995
  41   0.390   1.761   0.774   0.163
  41   0.394   1.859   0.819   0.346
 -------------------
  42   0.508   2.031   0.995
  42   0.387   1.753   0.780   0.160
  42   0.394   1.859   0.819   0.346
 -------------------
  43   0.509   2.040   0.995
  43   0.390   1.760   0.775   0.163
  43   0.394   1.859   0.819   0.346
 -------------------
  44   0.509   2.042   0.995
  44   0.391   1.762   0.773   0.163
  44   0.394   1.859   0.819   0.346
 -------------------
  45   0.508   2.037   0.995
  45   0.389   1.757   0.777   0.162
  45   0.394   1.859   0.819   0.346
 -------------------
  46   0.509   2.033   0.995
  46   0.388   1.754   0.778   0.161
  46   0.394   1.859   0.819   0.346
 -------------------
  47   0.509   2.039   0.995
  47   0.390   1.759   0.775   0.162
  47   0.394   1.859   0.819   0.346
 -------------------
  48   0.507   2.042   0.995
  48   0.389   1.762   0.774   0.163
  48   0.394   1.859   0.819   0.346
 -------------------
  49   0.507   2.039   0.995
  49   0.389   1.759   0.776   0.162
  49   0.394   1.859   0.819   0.346
 -------------------
  50   0.506   2.039   0.995
  50   0.388   1.759   0.776   0.162
  50   0.394   1.859   0.819   0.346
 -------------------
  51   0.509   2.034   0.995
  51   0.388   1.755   0.778   0.161
  51   0.394   1.859   0.819   0.346
 -------------------
  52   0.508   2.040   0.995
  52   0.389   1.760   0.775   0.162
  52   0.394   1.859   0.819   0.346
 -------------------
  53   0.506   2.038   0.995
  53   0.388   1.759   0.777   0.162
  53   0.394   1.859   0.819   0.346
 -------------------
  54   0.508   2.039   0.995
  54   0.389   1.759   0.775   0.162
  54   0.394   1.859   0.819   0.346
 -------------------
  55   0.507   2.042   0.995
  55   0.389   1.762   0.774   0.163
  55   0.394   1.859   0.819   0.346
 -------------------
  56   0.508   2.038   0.995
  56   0.389   1.759   0.776   0.162
  56   0.394   1.859   0.819   0.346
 -------------------
  57   0.507   2.039   0.995
  57   0.388   1.760   0.776   0.162
  57   0.394   1.859   0.819   0.346
 -------------------
  58   0.506   2.040   0.995
  58   0.388   1.760   0.776   0.162
  58   0.394   1.859   0.819   0.346
 -------------------
  59   0.507   2.038   0.995
  59   0.388   1.758   0.777   0.162
  59   0.394   1.859   0.819   0.346
 -------------------
  60   0.508   2.040   0.995
  60   0.389   1.760   0.775   0.162
  60   0.394   1.859   0.819   0.346
 -------------------
  61   0.508   2.039   0.995
  61   0.389   1.759   0.776   0.162
  61   0.394   1.859   0.819   0.346
 -------------------
  62   0.508   2.039   0.995
  62   0.389   1.759   0.776   0.162
  62   0.394   1.859   0.819   0.346
 -------------------
  63   0.507   2.041   0.995
  63   0.389   1.760   0.775   0.162
  63   0.394   1.859   0.819   0.346
 -------------------
  64   0.506   2.042   0.995
  64   0.388   1.761   0.775   0.162
  64   0.394   1.859   0.819   0.346
 -------------------
  65   0.508   2.040   0.995
  65   0.389   1.760   0.775   0.162
  65   0.394   1.859   0.819   0.346
 -------------------
  66   0.507   2.040   0.995
  66   0.389   1.760   0.776   0.162
  66   0.394   1.859   0.819   0.346
 -------------------
  67   0.507   2.040   0.995
  67   0.389   1.760   0.776   0.162
  67   0.394   1.859   0.819   0.346
 -------------------
  68   0.507   2.040   0.995
  68   0.388   1.760   0.776   0.162
  68   0.394   1.859   0.819   0.346
 -------------------
  69   0.506   2.041   0.995
  69   0.388   1.761   0.776   0.162
  69   0.394   1.859   0.819   0.346
 -------------------
  70   0.507   2.040   0.995
  70   0.389   1.760   0.776   0.162
  70   0.394   1.859   0.819   0.346
 -------------------
  71   0.507   2.040   0.995
  71   0.389   1.760   0.775   0.162
  71   0.394   1.859   0.819   0.346
 -------------------
  72   0.507   2.041   0.995
  72   0.389   1.761   0.775   0.162
  72   0.394   1.859   0.819   0.346
 -------------------
  73   0.507   2.040   0.995
  73   0.388   1.760   0.776   0.162
  73   0.394   1.859   0.819   0.346
 -------------------
  74   0.506   2.041   0.995
  74   0.388   1.760   0.776   0.162
  74   0.394   1.859   0.819   0.346
 -------------------
  75   0.506   2.041   0.995
  75   0.388   1.760   0.776   0.162
  75   0.394   1.859   0.819   0.346
 -------------------
  76   0.507   2.041   0.995
  76   0.388   1.761   0.775   0.162
  76   0.394   1.859   0.819   0.346
 -------------------
  77   0.506   2.041   0.995
  77   0.388   1.761   0.775   0.162
  77   0.394   1.859   0.819   0.346
 -------------------
  78   0.507   2.041   0.995
  78   0.389   1.760   0.775   0.162
  78   0.394   1.859   0.819   0.346
 -------------------
  79   0.506   2.042   0.995
  79   0.389   1.762   0.775   0.162
  79   0.394   1.859   0.819   0.346
 -------------------
  80   0.507   2.042   0.995
  80   0.389   1.761   0.775   0.162
  80   0.394   1.859   0.819   0.346
 -------------------
  81   0.507   2.042   0.995
  81   0.389   1.762   0.775   0.162
  81   0.394   1.859   0.819   0.346
 -------------------
  82   0.506   2.043   0.995
  82   0.388   1.762   0.775   0.162
  82   0.394   1.859   0.819   0.346
 -------------------
  83   0.506   2.041   0.995
  83   0.388   1.761   0.775   0.162
  83   0.394   1.859   0.819   0.346
 -------------------
  84   0.506   2.041   0.995
  84   0.388   1.761   0.775   0.162
  84   0.394   1.859   0.819   0.346
 -------------------
  85   0.506   2.042   0.995
  85   0.389   1.762   0.775   0.162
  85   0.394   1.859   0.819   0.346
 -------------------
  86   0.507   2.041   0.995
  86   0.389   1.761   0.775   0.162
  86   0.394   1.859   0.819   0.346
 -------------------
  87   0.507   2.040   0.995
  87   0.389   1.760   0.775   0.162
  87   0.394   1.859   0.819   0.346
 -------------------
  88   0.506   2.041   0.995
  88   0.388   1.761   0.775   0.162
  88   0.394   1.859   0.819   0.346
 -------------------
  89   0.506   2.041   0.995
  89   0.388   1.761   0.775   0.162
  89   0.394   1.859   0.819   0.346
 -------------------
  90   0.507   2.040   0.995
  90   0.388   1.760   0.776   0.162
  90   0.394   1.859   0.819   0.346
 -------------------
  91   0.507   2.041   0.995
  91   0.388   1.760   0.775   0.162
  91   0.394   1.859   0.819   0.346
 -------------------
  92   0.507   2.041   0.995
  92   0.389   1.761   0.775   0.162
  92   0.394   1.859   0.819   0.346
 -------------------
  93   0.507   2.041   0.995
  93   0.389   1.760   0.775   0.162
  93   0.394   1.859   0.819   0.346
 -------------------
  94   0.506   2.041   0.995
  94   0.388   1.761   0.775   0.162
  94   0.394   1.859   0.819   0.346
 -------------------
  95   0.506   2.042   0.995
  95   0.388   1.761   0.775   0.162
  95   0.394   1.859   0.819   0.346
 -------------------
  96   0.506   2.042   0.995
  96   0.388   1.762   0.775   0.162
  96   0.394   1.859   0.819   0.346
 -------------------
  97   0.507   2.042   0.995
  97   0.389   1.761   0.775   0.162
  97   0.394   1.859   0.819   0.346
 -------------------
  98   0.506   2.041   0.995
  98   0.388   1.761   0.775   0.162
  98   0.394   1.859   0.819   0.346
 -------------------
  99   0.507   2.041   0.995
  99   0.389   1.761   0.775   0.162
  99   0.394   1.859   0.819   0.346
 -------------------
 100   0.507   2.041   0.995
 100   0.389   1.760   0.775   0.162
 100   0.394   1.859   0.819   0.346
 -------------------
 101   0.506   2.042   0.995
 101   0.388   1.761   0.775   0.162
 101   0.394   1.859   0.819   0.346
 -------------------
 102   0.506   2.041   0.995
 102   0.388   1.761   0.775   0.162
 102   0.394   1.859   0.819   0.346
 -------------------
 103   0.506   2.041   0.995
 103   0.388   1.761   0.775   0.162
 103   0.394   1.859   0.819   0.346
 -------------------
 104   0.506   2.042   0.995
 104   0.389   1.761   0.775   0.162
 104   0.394   1.859   0.819   0.346
 -------------------
 105   0.507   2.041   0.995
 105   0.389   1.761   0.775   0.162
 105   0.394   1.859   0.819   0.346
 -------------------
 106   0.507   2.041   0.995
 106   0.389   1.761   0.775   0.162
 106   0.394   1.859   0.819   0.346
 -------------------
 107   0.506   2.041   0.995
 107   0.388   1.761   0.775   0.162
 107   0.394   1.859   0.819   0.346
 -------------------
 108   0.506   2.041   0.995
 108   0.388   1.761   0.775   0.162
 108   0.394   1.859   0.819   0.346
 -------------------
 109   0.506   2.042   0.995
 109   0.388   1.761   0.775   0.162
 109   0.394   1.859   0.819   0.346
 -------------------
 110   0.506   2.041   0.995
 110   0.389   1.761   0.775   0.162
 110   0.394   1.859   0.819   0.346
 -------------------
 111   0.506   2.041   0.995
 111   0.389   1.761   0.775   0.162
 111   0.394   1.859   0.819   0.346
 -------------------
 112   0.506   2.041   0.995
 112   0.388   1.761   0.775   0.162
 112   0.394   1.859   0.819   0.346
 -------------------
 113   0.506   2.041   0.995
 113   0.388   1.761   0.775   0.162
 113   0.394   1.859   0.819   0.346
 -------------------
 114   0.506   2.041   0.995
 114   0.388   1.761   0.775   0.162
 114   0.394   1.859   0.819   0.346
 -------------------
 115   0.506   2.041   0.995
 115   0.388   1.761   0.775   0.162
 115   0.394   1.859   0.819   0.346
 -------------------
 116   0.506   2.041   0.995
 116   0.389   1.761   0.775   0.162
 116   0.394   1.859   0.819   0.346
 -------------------
 117   0.506   2.041   0.995
 117   0.389   1.761   0.775   0.162
 117   0.394   1.859   0.819   0.346
 -------------------
 118   0.506   2.041   0.995
 118   0.388   1.761   0.775   0.162
 118   0.394   1.859   0.819   0.346
 -------------------
 119   0.507   2.041   0.995
 119   0.388   1.761   0.775   0.162
 119   0.394   1.859   0.819   0.346
 -------------------
 120   0.507   2.041   0.995
 120   0.389   1.761   0.775   0.162
 120   0.394   1.859   0.819   0.346
 -------------------
 121   0.507   2.041   0.995
 121   0.389   1.761   0.775   0.162
 121   0.394   1.859   0.819   0.346
 -------------------
 122   0.506   2.041   0.995
 122   0.389   1.761   0.775   0.162
 122   0.394   1.859   0.819   0.346
 -------------------
 123   0.506   2.042   0.995
 123   0.388   1.761   0.775   0.162
 123   0.394   1.859   0.819   0.346
 -------------------
 124   0.507   2.041   0.995
 124   0.389   1.761   0.775   0.162
 124   0.394   1.859   0.819   0.346
 -------------------
 125   0.507   2.041   0.995
 125   0.388   1.760   0.775   0.162
 125   0.394   1.859   0.819   0.346
 -------------------
 126   0.506   2.041   0.995
 126   0.388   1.761   0.775   0.162
 126   0.394   1.859   0.819   0.346
 -------------------
 127   0.506   2.041   0.995
 127   0.388   1.761   0.775   0.162
 127   0.394   1.859   0.819   0.346
 -------------------
 128   0.506   2.041   0.995
 128   0.388   1.761   0.775   0.162
 128   0.394   1.859   0.819   0.346
 -------------------
 129   0.506   2.041   0.995
 129   0.389   1.761   0.775   0.162
 129   0.394   1.859   0.819   0.346
 -------------------
 130   0.506   2.041   0.995
 130   0.388   1.761   0.775   0.162
 130   0.394   1.859   0.819   0.346
 -------------------
 131   0.506   2.041   0.995
 131   0.388   1.761   0.775   0.162
 131   0.394   1.859   0.819   0.346
 -------------------
 132   0.506   2.041   0.995
 132   0.388   1.761   0.775   0.162
 132   0.394   1.859   0.819   0.346
 -------------------
 133   0.506   2.042   0.995
 133   0.388   1.761   0.775   0.162
 133   0.394   1.859   0.819   0.346
 -------------------
 134   0.506   2.041   0.995
 134   0.388   1.761   0.775   0.162
 134   0.394   1.859   0.819   0.346
 -------------------
 135   0.506   2.041   0.995
 135   0.389   1.761   0.775   0.162
 135   0.394   1.859   0.819   0.346
 -------------------
 136   0.506   2.041   0.995
 136   0.388   1.761   0.775   0.162
 136   0.394   1.859   0.819   0.346
 -------------------
 137   0.506   2.041   0.995
 137   0.388   1.761   0.775   0.162
 137   0.394   1.859   0.819   0.346
 -------------------
 138   0.506   2.041   0.995
 138   0.388   1.761   0.775   0.162
 138   0.394   1.859   0.819   0.346
 -------------------
 139   0.506   2.041   0.995
 139   0.388   1.761   0.775   0.162
 139   0.394   1.859   0.819   0.346
 -------------------
 140   0.506   2.041   0.995
 140   0.388   1.761   0.775   0.162
 140   0.394   1.859   0.819   0.346
 -------------------
 141   0.506   2.041   0.995
 141   0.388   1.761   0.775   0.162
 141   0.394   1.859   0.819   0.346
 -------------------
 142   0.506   2.041   0.995
 142   0.389   1.761   0.775   0.162
 142   0.394   1.859   0.819   0.346
 -------------------
 143   0.506   2.041   0.995
 143   0.388   1.761   0.775   0.162
 143   0.394   1.859   0.819   0.346
 -------------------
 144   0.506   2.041   0.995
 144   0.388   1.761   0.775   0.162
 144   0.394   1.859   0.819   0.346
 -------------------
 145   0.507   2.041   0.995
 145   0.388   1.761   0.775   0.162
 145   0.394   1.859   0.819   0.346
 -------------------
 146   0.506   2.041   0.995
 146   0.388   1.761   0.775   0.162
 146   0.394   1.859   0.819   0.346
 -------------------
 147   0.506   2.041   0.995
 147   0.388   1.761   0.775   0.162
 147   0.394   1.859   0.819   0.346
 -------------------
 148   0.506   2.041   0.995
 148   0.388   1.761   0.775   0.162
 148   0.394   1.859   0.819   0.346
 -------------------
 149   0.506   2.041   0.995
 149   0.388   1.761   0.775   0.162
 149   0.394   1.859   0.819   0.346
 -------------------
 150   0.506   2.041   0.995
 150   0.388   1.761   0.775   0.162
 150   0.394   1.859   0.819   0.346
 -------------------
 151   0.506   2.041   0.995
 151   0.388   1.761   0.775   0.162
 151   0.394   1.859   0.819   0.346
 -------------------
 152   0.506   2.041   0.995
 152   0.388   1.761   0.775   0.162
 152   0.394   1.859   0.819   0.346
 -------------------
 153   0.506   2.041   0.995
 153   0.388   1.761   0.775   0.162
 153   0.394   1.859   0.819   0.346
 -------------------
 154   0.506   2.041   0.995
 154   0.388   1.761   0.775   0.162
 154   0.394   1.859   0.819   0.346
 -------------------
 155   0.506   2.041   0.995
 155   0.388   1.761   0.775   0.162
 155   0.394   1.859   0.819   0.346
 -------------------
 156   0.506   2.041   0.995
 156   0.388   1.761   0.775   0.162
 156   0.394   1.859   0.819   0.346
 -------------------
 157   0.506   2.041   0.995
 157   0.388   1.761   0.775   0.162
 157   0.394   1.859   0.819   0.346
 -------------------
 158   0.506   2.041   0.995
 158   0.388   1.761   0.775   0.162
 158   0.394   1.859   0.819   0.346
 -------------------
 159   0.506   2.041   0.995
 159   0.388   1.761   0.775   0.162
 159   0.394   1.859   0.819   0.346
 -------------------
 160   0.506   2.041   0.995
 160   0.388   1.761   0.775   0.162
 160   0.394   1.859   0.819   0.346
 -------------------
 161   0.506   2.041   0.995
 161   0.388   1.761   0.775   0.162
 161   0.394   1.859   0.819   0.346
 -------------------
 162   0.506   2.041   0.995
 162   0.388   1.761   0.775   0.162
 162   0.394   1.859   0.819   0.346
 -------------------
 163   0.506   2.041   0.995
 163   0.388   1.761   0.775   0.162
 163   0.394   1.859   0.819   0.346
 -------------------
 164   0.506   2.041   0.995
 164   0.388   1.761   0.775   0.162
 164   0.394   1.859   0.819   0.346
 -------------------
 165   0.506   2.041   0.995
 165   0.388   1.761   0.775   0.162
 165   0.394   1.859   0.819   0.346
 -------------------
 166   0.506   2.041   0.995
 166   0.388   1.761   0.775   0.162
 166   0.394   1.859   0.819   0.346
 -------------------
 167   0.506   2.041   0.995
 167   0.388   1.761   0.775   0.162
 167   0.394   1.859   0.819   0.346
 -------------------
 168   0.506   2.041   0.995
 168   0.388   1.761   0.775   0.162
 168   0.394   1.859   0.819   0.346
 -------------------
 169   0.506   2.041   0.995
 169   0.388   1.761   0.775   0.162
 169   0.394   1.859   0.819   0.346
 -------------------
 170   0.506   2.041   0.995
 170   0.388   1.761   0.775   0.162
 170   0.394   1.859   0.819   0.346
 -------------------
 171   0.506   2.041   0.995
 171   0.388   1.761   0.775   0.162
 171   0.394   1.859   0.819   0.346
 -------------------
 172   0.506   2.041   0.995
 172   0.388   1.761   0.775   0.162
 172   0.394   1.859   0.819   0.346
 -------------------
 173   0.506   2.041   0.995
 173   0.388   1.761   0.775   0.162
 173   0.394   1.859   0.819   0.346
 -------------------
 174   0.506   2.041   0.995
 174   0.388   1.761   0.775   0.162
 174   0.394   1.859   0.819   0.346
 -------------------
 175   0.506   2.041   0.995
 175   0.388   1.761   0.775   0.162
 175   0.394   1.859   0.819   0.346
 -------------------
 176   0.506   2.041   0.995
 176   0.388   1.761   0.775   0.162
 176   0.394   1.859   0.819   0.346
 -------------------
 177   0.506   2.041   0.995
 177   0.388   1.761   0.775   0.162
 177   0.394   1.859   0.819   0.346
 -------------------
 178   0.506   2.041   0.995
 178   0.388   1.761   0.775   0.162
 178   0.394   1.859   0.819   0.346
 -------------------
   1   0.505   2.012   0.995
   1   0.380   1.736   0.791   0.155
   1   0.394   1.859   0.819   0.346
 -------------------
   2   0.505   2.012   0.995
   2   0.380   1.736   0.791   0.155
   2   0.394   1.859   0.819   0.346
 -------------------
   3   0.505   2.012   0.995
   3   0.380   1.736   0.791   0.155
   3   0.394   1.859   0.819   0.346
 -------------------
   4   0.505   2.041   0.995
   4   0.387   1.761   0.776   0.161
   4   0.394   1.859   0.819   0.346
 -------------------
   5   0.505   2.041   0.995
   5   0.387   1.761   0.776   0.161
   5   0.394   1.859   0.819   0.346
 -------------------
   6   0.505   2.041   0.995
   6   0.387   1.761   0.776   0.161
   6   0.394   1.859   0.819   0.346
 -------------------
   7   0.505   2.071   0.995
   7   0.394   1.785   0.761   0.168
   7   0.394   1.859   0.819   0.346
 -------------------
   8   0.505   2.071   0.995
   8   0.394   1.785   0.761   0.168
   8   0.394   1.859   0.819   0.346
 -------------------
   9   0.505   2.071   0.995
   9   0.394   1.785   0.761   0.168
   9   0.394   1.859   0.819   0.346
 -------------------
  10   0.506   2.012   0.995
  10   0.381   1.736   0.790   0.155
  10   0.394   1.859   0.819   0.346
 -------------------
  11   0.506   2.012   0.995
  11   0.381   1.736   0.790   0.155
  11   0.394   1.859   0.819   0.346
 -------------------
  12   0.506   2.012   0.995
  12   0.381   1.736   0.790   0.155
  12   0.394   1.859   0.819   0.346
 -------------------
  13   0.506   2.041   0.995
  13   0.388   1.761   0.775   0.162
  13   0.394   1.859   0.819   0.346
 -------------------
  14   0.506   2.041   0.995
  14   0.388   1.761   0.775   0.162
  14   0.394   1.859   0.819   0.346
 -------------------
  15   0.506   2.041   0.995
  15   0.388   1.761   0.775   0.162
  15   0.394   1.859   0.819   0.346
 -------------------
  16   0.506   2.071   0.995
  16   0.396   1.786   0.760   0.169
  16   0.394   1.859   0.819   0.346
 -------------------
  17   0.506   2.071   0.995
  17   0.396   1.786   0.760   0.169
  17   0.394   1.859   0.819   0.346
 -------------------
  18   0.506   2.071   0.995
  18   0.396   1.786   0.760   0.169
  18   0.394   1.859   0.819   0.346
 -------------------
  19   0.508   2.012   0.995
  19   0.382   1.736   0.789   0.156
  19   0.394   1.859   0.819   0.346
 -------------------
  20   0.508   2.012   0.995
  20   0.382   1.736   0.789   0.156
  20   0.394   1.859   0.819   0.346
 -------------------
  21   0.508   2.012   0.995
  21   0.382   1.736   0.789   0.156
  21   0.394   1.859   0.819   0.346
 -------------------
  22   0.508   2.041   0.995
  22   0.390   1.761   0.774   0.163
  22   0.394   1.859   0.819   0.346
 -------------------
  23   0.508   2.041   0.995
  23   0.390   1.761   0.774   0.163
  23   0.394   1.859   0.819   0.346
 -------------------
  24   0.508   2.041   0.995
  24   0.390   1.761   0.774   0.163
  24   0.394   1.859   0.819   0.346
 -------------------
  25   0.508   2.071   0.995
  25   0.397   1.786   0.760   0.170
  25   0.394   1.859   0.819   0.346
 -------------------
  26   0.508   2.071   0.995
  26   0.397   1.786   0.760   0.170
  26   0.394   1.859   0.819   0.346
 -------------------
  27   0.508   2.071   0.995
  27   0.397   1.786   0.760   0.170
  27   0.394   1.859   0.819   0.346
 -------------------
   1   0.506   2.041   0.995
   1   0.388   1.761   0.775   0.162
   1   0.394   1.859   0.819   0.346
 -------------------
   2   0.508   2.041   0.995
   2   0.390   1.761   0.774   0.163
   2   0.394   1.859   0.819   0.346
 -------------------
   3   0.506   2.068   0.995
   3   0.395   1.784   0.762   0.168
   3   0.394   1.859   0.819   0.346
 -------------------
   4   0.506   2.041   0.995
   4   0.388   1.761   0.775   0.162
   4   0.394   1.859   0.819   0.346
 -------------------
   5   0.508   2.014   0.995
   5   0.382   1.738   0.788   0.156
   5   0.394   1.859   0.819   0.346
 -------------------
   6   0.507   2.027   0.995
   6   0.386   1.749   0.782   0.159
   6   0.394   1.859   0.819   0.346
 -------------------
   7   0.507   2.056   0.995
   7   0.392   1.773   0.768   0.166
   7   0.394   1.859   0.819   0.346
 -------------------
   8   0.507   2.034   0.995
   8   0.387   1.755   0.779   0.161
   8   0.394   1.859   0.819   0.346
 -------------------
   9   0.507   2.048   0.995
   9   0.391   1.767   0.771   0.164
   9   0.394   1.859   0.819   0.346
 -------------------
  10   0.507   2.038   0.995
  10   0.388   1.758   0.777   0.162
  10   0.394   1.859   0.819   0.346
 -------------------
  11   0.505   2.039   0.995
  11   0.387   1.759   0.777   0.161
  11   0.394   1.859   0.819   0.346
 -------------------
  12   0.507   2.041   0.995
  12   0.389   1.761   0.775   0.162
  12   0.394   1.859   0.819   0.346
 -------------------
  13   0.506   2.044   0.995
  13   0.389   1.764   0.774   0.163
  13   0.394   1.859   0.819   0.346
 -------------------
  14   0.507   2.039   0.995
  14   0.388   1.759   0.776   0.162
  14   0.394   1.859   0.819   0.346
 -------------------
  15   0.506   2.041   0.995
  15   0.388   1.760   0.776   0.162
  15   0.394   1.859   0.819   0.346
 -------------------
  16   0.507   2.041   0.995
  16   0.389   1.760   0.775   0.162
  16   0.394   1.859   0.819   0.346
 -------------------
  17   0.506   2.043   0.995
  17   0.389   1.762   0.775   0.162
  17   0.394   1.859   0.819   0.346
 -------------------
  18   0.507   2.040   0.995
  18   0.388   1.760   0.776   0.162
  18   0.394   1.859   0.819   0.346
 -------------------
  19   0.506   2.041   0.995
  19   0.388   1.761   0.775   0.162
  19   0.394   1.859   0.819   0.346
 -------------------
  20   0.507   2.041   0.995
  20   0.389   1.761   0.775   0.162
  20   0.394   1.859   0.819   0.346
 -------------------
  21   0.506   2.042   0.995
  21   0.389   1.761   0.775   0.162
  21   0.394   1.859   0.819   0.346
 -------------------
  22   0.506   2.041   0.995
  22   0.389   1.761   0.775   0.162
  22   0.394   1.859   0.819   0.346
 -------------------
  23   0.506   2.042   0.995
  23   0.388   1.761   0.775   0.162
  23   0.394   1.859   0.819   0.346
 -------------------
  24   0.506   2.042   0.995
  24   0.388   1.761   0.775   0.162
  24   0.394   1.859   0.819   0.346
 -------------------
  25   0.506   2.041   0.995
  25   0.388   1.761   0.775   0.162
  25   0.394   1.859   0.819   0.346
 -------------------
  26   0.506   2.041   0.995
  26   0.388   1.761   0.775   0.162
  26   0.394   1.859   0.819   0.346
 -------------------
  27   0.507   2.041   0.995
  27   0.388   1.761   0.775   0.162
  27   0.394   1.859   0.819   0.346
 -------------------
  28   0.506   2.041   0.995
  28   0.388   1.761   0.775   0.162
  28   0.394   1.859   0.819   0.346
 -------------------
  29   0.507   2.041   0.995
  29   0.389   1.761   0.775   0.162
  29   0.394   1.859   0.819   0.346
 -------------------
  30   0.506   2.041   0.995
  30   0.388   1.761   0.775   0.162
  30   0.394   1.859   0.819   0.346
 -------------------
  31   0.506   2.041   0.995
  31   0.388   1.761   0.775   0.162
  31   0.394   1.859   0.819   0.346
 -------------------
  32   0.506   2.041   0.995
  32   0.388   1.761   0.775   0.162
  32   0.394   1.859   0.819   0.346
 -------------------
  33   0.506   2.041   0.995
  33   0.389   1.761   0.775   0.162
  33   0.394   1.859   0.819   0.346
 -------------------
  34   0.506   2.041   0.995
  34   0.388   1.761   0.775   0.162
  34   0.394   1.859   0.819   0.346
 -------------------
  35   0.506   2.041   0.995
  35   0.388   1.761   0.775   0.162
  35   0.394   1.859   0.819   0.346
 -------------------
  36   0.506   2.041   0.995
  36   0.388   1.761   0.775   0.162
  36   0.394   1.859   0.819   0.346
 -------------------
  37   0.506   2.041   0.995
  37   0.388   1.761   0.775   0.162
  37   0.394   1.859   0.819   0.346
 -------------------
  38   0.506   2.041   0.995
  38   0.388   1.761   0.775   0.162
  38   0.394   1.859   0.819   0.346
 -------------------
  39   0.506   2.041   0.995
  39   0.388   1.761   0.775   0.162
  39   0.394   1.859   0.819   0.346
 -------------------
  40   0.506   2.041   0.995
  40   0.388   1.761   0.775   0.162
  40   0.394   1.859   0.819   0.346
 -------------------
  41   0.506   2.041   0.995
  41   0.388   1.761   0.775   0.162
  41   0.394   1.859   0.819   0.346
 -------------------
  42   0.506   2.041   0.995
  42   0.388   1.761   0.775   0.162
  42   0.394   1.859   0.819   0.346
 -------------------
  43   0.506   2.041   0.995
  43   0.388   1.761   0.775   0.162
  43   0.394   1.859   0.819   0.346
 -------------------
  44   0.506   2.041   0.995
  44   0.388   1.761   0.775   0.162
  44   0.394   1.859   0.819   0.346
 -------------------
  45   0.506   2.041   0.995
  45   0.388   1.761   0.775   0.162
  45   0.394   1.859   0.819   0.346
 -------------------
   1   0.506   2.041   0.995
   1   0.388   1.761   0.775   0.162
   1   0.394   1.859   0.819   0.346
 -------------------
  5.869089002898129E-003
