 --------------------------------------------------
         eprem/avge:   157.256   100.000
         eprem/avge:   128.238   107.910
 --------------
    IR/enrl/ww/ups0:     4.000    47.986    65.937    46.694
    IR/enrl/ww/ups1:     4.423    53.697    68.619    47.030
 --------------------------------------------------
                avg:     0.586     0.750     0.862     0.925     0.991     1.000     0.894
               mavg:     0.218     0.413     0.510     0.606     0.839     1.000     0.969
               prem:     1.148     1.299     1.476     1.634     1.694     1.869     2.087
              mprem:     0.815     1.127     1.255     1.598     1.384     1.535     1.459
 --------------
                hsc:     0.748     0.899     0.970     0.989     1.041     1.000     0.846
               mhsc:     0.307     0.488     0.568     0.593     0.887     1.000     0.996
                col:     0.859     1.169     1.432     1.616     1.763     1.869     1.766
               mcol:     0.250     0.549     0.713     0.948     1.227     1.535     1.453
 --------------
             logstd:     0.474     0.506     0.529     0.564     0.586     0.653     0.686
            mlogstd:     0.491     0.381     0.495     0.573     0.672     0.718     0.700
 --------------
               time:     0.157     0.104     0.083
              mtime:     0.222     0.077     0.229
               igc4:     0.341     0.675     0.154     0.208     0.450
              migc4:     0.169     1.152     0.167     0.278     0.066
  tax,dd   0.106   0.213
      IR   4.396
