 --------------------------------------------------
         eprem/avge:   157.256   100.000
         eprem/avge:   172.214    85.831
 --------------
    IR/enrl/ww/ups0:     4.000    47.986    71.711    46.694
    IR/enrl/ww/ups1:     4.779    44.012    80.566    45.809
 --------------------------------------------------
                avg:     0.586     0.750     0.862     0.925     0.991     1.000     0.894
               mavg:     0.233     0.456     0.588     0.660     0.837     1.000     1.002
               prem:     1.148     1.299     1.476     1.634     1.694     1.869     2.087
              mprem:     1.449     1.758     1.688     1.696     1.712     1.964     1.830
 --------------
                hsc:     0.748     0.899     0.970     0.989     1.041     1.000     0.846
               mhsc:     0.267     0.479     0.628     0.704     0.889     1.000     1.034
                col:     0.859     1.169     1.432     1.616     1.763     1.869     1.766
               mcol:     0.386     0.842     1.061     1.194     1.523     1.964     1.893
 --------------
             logstd:     0.474     0.506     0.529     0.564     0.586     0.653     0.686
            mlogstd:     0.508     0.457     0.481     0.582     0.746     0.810     0.781
 --------------
               time:     0.157     0.104     0.083
              mtime:     0.133     0.078     0.070
               igc4:     0.341     0.675     0.154     0.208     0.450
              migc4:     0.321     1.274     0.206     0.306     0.180
  tax,dd   0.106   0.213
