 --------------------------------------------------
         eprem/avge:   157.256   100.000
         eprem/avge:   115.525   124.395
 --------------
    IR/enrl/ww/ups0:     4.000    47.986    71.711    46.694
    IR/enrl/ww/ups1:    -3.327    87.513    22.979    55.376
 --------------------------------------------------
                avg:     0.586     0.750     0.862     0.925     0.991     1.000     0.894
               mavg:     0.218     0.347     0.509     0.637     0.884     1.000     0.774
               prem:     1.148     1.299     1.476     1.634     1.694     1.869     2.087
              mprem:     0.614     0.851     1.069     1.277     1.480     1.738     1.497
 --------------
                hsc:     0.748     0.899     0.970     0.989     1.041     1.000     0.846
               mhsc:     0.542     0.649     0.779     0.834     1.018     1.000     0.882
                col:     0.859     1.169     1.432     1.616     1.763     1.869     1.766
               mcol:     0.333     0.552     0.833     1.066     1.507     1.738     1.320
 --------------
             logstd:     0.474     0.506     0.529     0.564     0.586     0.653     0.686
            mlogstd:     0.502     0.487     0.513     0.599     0.695     0.728     0.779
 --------------
               time:     0.157     0.104     0.083
              mtime:     0.026     0.075     0.078
               igc4:     0.341     0.675     0.154     0.208     0.450
              migc4:     0.072     0.553     0.022     0.186     0.001
  tax,dd   0.106   0.213
