 --------------------------------------------------
         eprem/avge:   157.256   100.000
         eprem/avge:   157.131    90.213
 --------------
    IR/enrl/ww/ups0:     4.000    47.986    67.333    47.175
    IR/enrl/ww/ups1:     3.917    48.359    72.456    46.616
 --------------------------------------------------
                avg:     0.586     0.750     0.862     0.925     0.991     1.000     0.894
               mavg:     0.224     0.460     0.589     0.674     0.831     1.000     1.002
               prem:     1.148     1.299     1.476     1.634     1.694     1.869     2.087
              mprem:     1.353     1.577     1.611     1.517     1.543     1.774     1.656
 --------------
                hsc:     0.748     0.899     0.970     0.989     1.041     1.000     0.846
               mhsc:     0.255     0.487     0.617     0.727     0.888     1.000     1.036
                col:     0.859     1.169     1.432     1.616     1.763     1.869     1.766
               mcol:     0.345     0.768     0.995     1.103     1.371     1.774     1.716
 --------------
             logstd:     0.474     0.506     0.529     0.564     0.586     0.653     0.686
            mlogstd:     0.511     0.488     0.472     0.567     0.737     0.804     0.776
 --------------
               time:     0.157     0.104     0.083
              mtime:     0.135     0.079     0.073
               igc4:     0.341     0.675     0.154     0.208     0.450
              migc4:     0.246     1.211     0.213     0.299     0.092
  tax,dd   0.106   0.213
      IR   4.289
