 --------------------------------------------------
         eprem/avge:   157.256   100.000
         eprem/avge:   150.076   120.806
 --------------
    IR/enrl/ww/ups0:     4.000    47.986    71.711    46.694
    IR/enrl/ww/ups1:     5.919    67.176    41.485    50.877
 --------------------------------------------------
                avg:     0.586     0.750     0.862     0.925     0.991     1.000     0.894
               mavg:     0.209     0.375     0.507     0.597     0.866     1.000     0.962
               prem:     1.148     1.299     1.476     1.634     1.694     1.869     2.087
              mprem:     1.054     1.070     1.478     1.779     1.779     1.867     1.740
 --------------
                hsc:     0.748     0.899     0.970     0.989     1.041     1.000     0.846
               mhsc:     0.307     0.545     0.594     0.617     0.895     1.000     1.008
                col:     0.859     1.169     1.432     1.616     1.763     1.869     1.766
               mcol:     0.323     0.583     0.878     1.098     1.592     1.867     1.755
 --------------
             logstd:     0.474     0.506     0.529     0.564     0.586     0.653     0.686
            mlogstd:     0.433     0.454     0.459     0.533     0.586     0.653     0.648
 --------------
               time:     0.157     0.104     0.083
              mtime:     0.025     0.230     0.219
               igc4:     0.341     0.675     0.154     0.208     0.450
              migc4:     0.307     1.149     0.172     0.320     0.083
  tax,dd   0.106   0.213
