 --------------------------------------------------
         eprem/avge:   157.256   100.000
         eprem/avge:   166.296    93.130
 --------------
    IR/enrl/ww/ups0:     4.000    47.986    71.711    46.694
    IR/enrl/ww/ups1:     5.254    50.718    65.134    47.428
 --------------------------------------------------
                avg:     0.586     0.750     0.862     0.925     0.991     1.000     0.894
               mavg:     0.215     0.436     0.569     0.673     0.834     1.000     1.001
               prem:     1.148     1.299     1.476     1.634     1.694     1.869     2.087
              mprem:     1.365     1.569     1.574     1.634     1.760     1.973     1.840
 --------------
                hsc:     0.748     0.899     0.970     0.989     1.041     1.000     0.846
               mhsc:     0.260     0.489     0.639     0.741     0.884     1.000     1.037
                col:     0.859     1.169     1.432     1.616     1.763     1.869     1.766
               mcol:     0.354     0.768     1.005     1.210     1.556     1.973     1.907
 --------------
             logstd:     0.474     0.506     0.529     0.564     0.586     0.653     0.686
            mlogstd:     0.458     0.432     0.437     0.541     0.714     0.772     0.748
 --------------
               time:     0.157     0.104     0.083
              mtime:     0.134     0.090     0.081
               igc4:     0.341     0.675     0.154     0.208     0.450
              migc4:     0.331     1.244     0.261     0.334     0.111
  tax,dd   0.106   0.213
