 --------------------------------------------------
         eprem/avge:   157.256   100.000
         eprem/avge:   144.771   110.015
 --------------
    IR/enrl/ww/ups0:     4.000    47.986    71.711    46.694
    IR/enrl/ww/ups1:     5.612    60.440    53.129    48.984
 --------------------------------------------------
                avg:     0.586     0.750     0.862     0.925     0.991     1.000     0.894
               mavg:     0.190     0.402     0.515     0.596     0.835     1.000     0.968
               prem:     1.148     1.299     1.476     1.634     1.694     1.869     2.087
              mprem:     0.977     1.218     1.420     1.645     1.670     1.741     1.649
 --------------
                hsc:     0.748     0.899     0.970     0.989     1.041     1.000     0.846
               mhsc:     0.269     0.498     0.582     0.616     0.857     1.000     1.000
                col:     0.859     1.169     1.432     1.616     1.763     1.869     1.766
               mcol:     0.263     0.607     0.826     1.014     1.430     1.741     1.650
 --------------
             logstd:     0.474     0.506     0.529     0.564     0.586     0.653     0.686
            mlogstd:     0.409     0.368     0.462     0.537     0.629     0.675     0.662
 --------------
               time:     0.157     0.104     0.083
              mtime:     0.214     0.069     0.214
               igc4:     0.341     0.675     0.154     0.208     0.450
              migc4:     0.241     1.176     0.212     0.326     0.085
  tax,dd   0.106   0.213
