 --------------------------------------------------
         eprem/avge:   157.256   100.000
         eprem/avge:   155.048   101.209
 --------------
    IR/enrl/ww/ups0:     4.000    47.986    71.711    46.694
    IR/enrl/ww/ups1:     3.801    51.197    68.901    46.999
 --------------------------------------------------
                avg:     0.586     0.750     0.862     0.925     0.991     1.000     0.894
               mavg:     0.221     0.460     0.591     0.679     0.845     1.000     0.990
               prem:     1.148     1.299     1.476     1.634     1.694     1.869     2.087
              mprem:     1.103     1.462     1.577     1.722     1.595     1.810     1.704
 --------------
             logstd:     0.474     0.506     0.529     0.564     0.586     0.653     0.686
            mlogstd:     0.489     0.436     0.455     0.540     0.727     0.771     0.745
 --------------
               time:     0.157     0.104     0.083
              mtime:     0.138     0.101     0.099
               igc4:     0.341     0.675     0.154     0.208     0.450
              migc4:     0.283     1.175     0.238     0.308     0.068
  tax,dd   0.118   0.213
      IR   4.000
