 --------------------------------------------------
         eprem/avge:   157.256   100.000
         eprem/avge:   171.456    96.772
 --------------
    IR/enrl/ww/ups0:     4.000    47.986    71.711    46.694
    IR/enrl/ww/ups1:     4.625    47.429    69.420    46.942
 --------------------------------------------------
                avg:     0.586     0.750     0.862     0.925     0.991     1.000     0.894
               mavg:     0.231     0.458     0.582     0.682     0.851     1.000     0.986
               prem:     1.148     1.299     1.476     1.634     1.694     1.869     2.087
              mprem:     1.337     1.592     1.689     1.736     1.795     2.022     1.924
 --------------
             logstd:     0.474     0.506     0.529     0.564     0.586     0.653     0.686
            mlogstd:     0.496     0.448     0.447     0.546     0.721     0.784     0.758
 --------------
               time:     0.157     0.104     0.083
              mtime:     0.142     0.098     0.090
               igc4:     0.341     0.675     0.154     0.208     0.450
              migc4:     0.370     1.244     0.273     0.319     0.093
  tax,dd   0.118   0.213
