 --------------------------------------------------
         eprem/avge:   157.256   100.000
         eprem/avge:   146.742   108.511
 --------------
    IR/enrl/ww/ups0:     4.000    47.986    71.711    46.694
    IR/enrl/ww/ups1:     5.426    58.378    55.325    48.675
 --------------------------------------------------
                avg:     0.586     0.750     0.862     0.925     0.991     1.000     0.894
               mavg:     0.203     0.406     0.504     0.609     0.831     1.000     0.977
               prem:     1.148     1.299     1.476     1.634     1.694     1.869     2.087
              mprem:     0.996     1.319     1.506     1.516     1.662     1.753     1.676
 --------------
                hsc:     0.748     0.899     0.970     0.989     1.041     1.000     0.846
               mhsc:     0.282     0.479     0.551     0.663     0.858     1.000     1.003
                col:     0.859     1.169     1.432     1.616     1.763     1.869     1.766
               mcol:     0.281     0.632     0.830     1.005     1.426     1.753     1.681
 --------------
             logstd:     0.474     0.506     0.529     0.564     0.586     0.653     0.686
            mlogstd:     0.417     0.382     0.448     0.553     0.647     0.688     0.671
 --------------
               time:     0.157     0.104     0.083
              mtime:     0.215     0.245     0.071
               igc4:     0.341     0.675     0.154     0.208     0.450
              migc4:     0.251     1.175     0.212     0.325     0.082
  tax,dd   0.106   0.213
