 --------------------------------------------------
         eprem/avge:   157.256   100.000
         eprem/avge:   122.172   119.530
 --------------
    IR/enrl/ww/ups0:     4.000    47.986    63.727    46.694
    IR/enrl/ww/ups1:     4.538    58.808    58.830    48.205
 --------------------------------------------------
                avg:     0.586     0.750     0.862     0.925     0.991     1.000     0.894
               mavg:     0.234     0.391     0.527     0.613     0.855     1.000     0.959
               prem:     1.148     1.299     1.476     1.634     1.694     1.869     2.087
              mprem:     0.735     0.924     1.299     1.699     1.338     1.461     1.387
 --------------
                hsc:     0.748     0.899     0.970     0.989     1.041     1.000     0.846
               mhsc:     0.350     0.512     0.565     0.561     0.900     1.000     0.989
                col:     0.859     1.169     1.432     1.616     1.763     1.869     1.766
               mcol:     0.257     0.473     0.734     0.952     1.205     1.461     1.371
 --------------
             logstd:     0.474     0.506     0.529     0.564     0.586     0.653     0.686
            mlogstd:     0.410     0.435     0.474     0.570     0.642     0.698     0.688
 --------------
               time:     0.157     0.104     0.083
              mtime:     0.022     0.256     0.242
               igc4:     0.341     0.675     0.154     0.208     0.450
              migc4:     0.147     1.190     0.124     0.264     0.069
  tax,dd   0.106   0.213
      IR   4.581
