 --------------------------------------------------
         eprem/avge:   157.256   100.000
         eprem/avge:   167.705    95.844
 --------------
    IR/enrl/ww/ups0:     4.000    47.986    71.711    46.694
    IR/enrl/ww/ups1:     4.621    47.854    70.416    46.833
 --------------------------------------------------
                avg:     0.586     0.750     0.862     0.925     0.991     1.000     0.894
               mavg:     0.226     0.456     0.588     0.676     0.850     1.000     0.994
               prem:     1.148     1.299     1.476     1.634     1.694     1.869     2.087
              mprem:     1.228     1.572     1.647     1.766     1.777     1.990     1.881
 --------------
                hsc:     0.748     0.899     0.970     0.989     1.041     1.000     0.846
               mhsc:     0.285     0.510     0.643     0.716     0.898     1.000     1.021
                col:     0.859     1.169     1.432     1.616     1.763     1.869     1.766
               mcol:     0.350     0.802     1.060     1.264     1.595     1.990     1.920
 --------------
             logstd:     0.474     0.506     0.529     0.564     0.586     0.653     0.686
            mlogstd:     0.491     0.438     0.445     0.551     0.725     0.783     0.757
 --------------
               time:     0.157     0.104     0.083
              mtime:     0.147     0.104     0.092
               igc4:     0.341     0.675     0.154     0.208     0.450
              migc4:     0.344     1.223     0.276     0.313     0.106
  tax,dd   0.106   0.213
