 --------------------------------------------------
         eprem/avge:   157.256   100.000
         eprem/avge:   172.503    96.611
 --------------
    IR/enrl/ww/ups0:     4.000    47.986    71.711    46.694
    IR/enrl/ww/ups1:     5.623    44.817    67.133    47.197
 --------------------------------------------------
                avg:     0.586     0.750     0.862     0.925     0.991     1.000     0.894
               mavg:     0.234     0.435     0.546     0.646     0.847     1.000     0.977
               prem:     1.148     1.299     1.476     1.634     1.694     1.869     2.087
              mprem:     1.240     1.669     1.635     1.793     1.852     2.047     1.977
 --------------
                hsc:     0.748     0.899     0.970     0.989     1.041     1.000     0.846
               mhsc:     0.293     0.477     0.604     0.686     0.886     1.000     0.993
                col:     0.859     1.169     1.432     1.616     1.763     1.869     1.766
               mcol:     0.363     0.796     0.988     1.230     1.641     2.047     1.963
 --------------
             logstd:     0.474     0.506     0.529     0.564     0.586     0.653     0.686
            mlogstd:     0.465     0.420     0.481     0.547     0.648     0.703     0.682
 --------------
               time:     0.157     0.104     0.083
              mtime:     0.141     0.180     0.141
               igc4:     0.341     0.675     0.154     0.208     0.450
              migc4:     0.429     1.234     0.256     0.327     0.108
  tax,dd   0.106   0.213
