 --------------------------------------------------
         eprem/avge:   157.256   100.000
         eprem/avge:   161.927   102.627
 --------------
    IR/enrl/ww/ups0:     4.000    47.986    71.711    46.694
    IR/enrl/ww/ups1:     4.327    49.179    69.593    46.923
 --------------------------------------------------
                avg:     0.586     0.750     0.862     0.925     0.991     1.000     0.894
               mavg:     0.236     0.465     0.568     0.663     0.847     1.000     0.968
               prem:     1.148     1.299     1.476     1.634     1.694     1.869     2.087
              mprem:     1.118     1.583     1.658     1.761     1.707     1.830     1.809
 --------------
                hsc:     0.748     0.899     0.970     0.989     1.041     1.000     0.846
               mhsc:     0.301     0.499     0.596     0.676     0.876     1.000     0.974
                col:     0.859     1.169     1.432     1.616     1.763     1.869     1.766
               mcol:     0.337     0.790     0.989     1.190     1.496     1.830     1.761
 --------------
             logstd:     0.474     0.506     0.529     0.564     0.586     0.653     0.686
            mlogstd:     0.488     0.436     0.445     0.553     0.719     0.763     0.737
 --------------
               time:     0.157     0.104     0.083
              mtime:     0.161     0.132     0.112
               igc4:     0.341     0.675     0.154     0.208     0.450
              migc4:     0.329     1.222     0.243     0.301     0.045
  tax,dd   0.106   0.213
