 --------------------------------------------------
         eprem/avge:   157.256   100.000
         eprem/avge:   132.186   106.241
 --------------
    IR/enrl/ww/ups0:     4.000    47.986    67.565    46.694
    IR/enrl/ww/ups1:     4.161    53.616    67.705    47.133
 --------------------------------------------------
                avg:     0.586     0.750     0.862     0.925     0.991     1.000     0.894
               mavg:     0.211     0.419     0.541     0.625     0.832     1.000     0.977
               prem:     1.148     1.299     1.476     1.634     1.694     1.869     2.087
              mprem:     0.924     1.138     1.440     1.440     1.421     1.540     1.478
 --------------
                hsc:     0.748     0.899     0.970     0.989     1.041     1.000     0.846
               mhsc:     0.278     0.493     0.561     0.648     0.869     1.000     0.999
                col:     0.859     1.169     1.432     1.616     1.763     1.869     1.766
               mcol:     0.257     0.561     0.808     0.933     1.235     1.540     1.476
 --------------
             logstd:     0.474     0.506     0.529     0.564     0.586     0.653     0.686
            mlogstd:     0.412     0.388     0.469     0.591     0.703     0.741     0.716
 --------------
               time:     0.157     0.104     0.083
              mtime:     0.220     0.255     0.068
               igc4:     0.341     0.675     0.154     0.208     0.450
              migc4:     0.173     1.107     0.193     0.285     0.056
  tax,dd   0.106   0.213
      IR   4.367
