 --------------------------------------------------
         eprem/avge:   157.256   100.000
         eprem/avge:   141.627   106.730
 --------------
    IR/enrl/ww/ups0:     4.000    47.986    71.711    46.694
    IR/enrl/ww/ups1:     1.149    63.012    50.921    49.309
 --------------------------------------------------
                avg:     0.586     0.750     0.862     0.925     0.991     1.000     0.894
               mavg:     0.250     0.460     0.487     0.604     0.848     1.000     0.969
               prem:     1.148     1.299     1.476     1.634     1.694     1.869     2.087
              mprem:     0.863     1.451     1.311     1.566     1.575     1.726     1.636
 --------------
                hsc:     0.748     0.899     0.970     0.989     1.041     1.000     0.846
               mhsc:     0.387     0.513     0.580     0.642     0.899     1.000     1.003
                col:     0.859     1.169     1.432     1.616     1.763     1.869     1.766
               mcol:     0.334     0.744     0.760     1.006     1.415     1.726     1.640
 --------------
             logstd:     0.474     0.506     0.529     0.564     0.586     0.653     0.686
            mlogstd:     0.575     0.391     0.527     0.569     0.691     0.754     0.728
 --------------
               time:     0.157     0.104     0.083
              mtime:     0.219     0.081     0.134
               igc4:     0.341     0.675     0.154     0.208     0.450
              migc4:     0.155     1.102     0.176     0.258     0.014
  tax,dd   0.106   0.213
