 --------------------------------------------------
         eprem/avge:   157.256   100.000
         eprem/avge:   168.949    97.562
 --------------
    IR/enrl/ww/ups0:     4.000    47.986    71.711    46.694
    IR/enrl/ww/ups1:     4.538    48.057    68.727    47.018
 --------------------------------------------------
                avg:     0.586     0.750     0.862     0.925     0.991     1.000     0.894
               mavg:     0.232     0.458     0.584     0.683     0.850     1.000     0.985
               prem:     1.148     1.299     1.476     1.634     1.694     1.869     2.087
              mprem:     1.308     1.580     1.679     1.705     1.768     1.986     1.892
 --------------
                hsc:     0.748     0.899     0.970     0.989     1.041     1.000     0.846
               mhsc:     0.283     0.511     0.633     0.735     0.899     1.000     1.009
                col:     0.859     1.169     1.432     1.616     1.763     1.869     1.766
               mcol:     0.371     0.807     1.062     1.254     1.589     1.986     1.908
 --------------
             logstd:     0.474     0.506     0.529     0.564     0.586     0.653     0.686
            mlogstd:     0.496     0.448     0.442     0.541     0.718     0.780     0.755
 --------------
               time:     0.157     0.104     0.083
              mtime:     0.142     0.099     0.091
               igc4:     0.341     0.675     0.154     0.208     0.450
              migc4:     0.363     1.239     0.273     0.309     0.097
  tax,dd   0.106   0.213
