 --------------------------------------------------
         eprem/avge:   157.256   100.000
         eprem/avge:   157.429    96.299
 --------------
    IR/enrl/ww/ups0:     4.000    47.986    71.711    46.694
    IR/enrl/ww/ups1:     4.010    49.061    70.757    46.796
 --------------------------------------------------
                avg:     0.586     0.750     0.862     0.925     0.991     1.000     0.894
               mavg:     0.224     0.447     0.596     0.684     0.848     1.000     0.983
               prem:     1.148     1.299     1.476     1.634     1.694     1.869     2.087
              mprem:     1.189     1.412     1.564     1.632     1.667     1.876     1.789
 --------------
                hsc:     0.748     0.899     0.970     0.989     1.041     1.000     0.846
               mhsc:     0.280     0.513     0.651     0.733     0.899     1.000     1.006
                col:     0.859     1.169     1.432     1.616     1.763     1.869     1.766
               mcol:     0.333     0.725     1.019     1.196     1.498     1.876     1.800
 --------------
             logstd:     0.474     0.506     0.529     0.564     0.586     0.653     0.686
            mlogstd:     0.479     0.438     0.441     0.551     0.737     0.800     0.770
 --------------
               time:     0.157     0.104     0.083
              mtime:     0.145     0.103     0.090
               igc4:     0.341     0.675     0.154     0.208     0.450
              migc4:     0.303     1.199     0.258     0.298     0.091
  tax,dd   0.106   0.213
      IR   4.161
