 --------------------------------------------------
         eprem/avge:   157.256   100.000
         eprem/avge:   154.873    99.484
 --------------
    IR/enrl/ww/ups0:     4.000    47.986    71.711    46.694
    IR/enrl/ww/ups1:     3.796    49.614    68.961    46.992
 --------------------------------------------------
                avg:     0.586     0.750     0.862     0.925     0.991     1.000     0.894
               mavg:     0.226     0.451     0.590     0.686     0.850     1.000     0.982
               prem:     1.148     1.299     1.476     1.634     1.694     1.869     2.087
              mprem:     1.134     1.350     1.573     1.612     1.663     1.864     1.776
 --------------
                hsc:     0.748     0.899     0.970     0.989     1.041     1.000     0.846
               mhsc:     0.290     0.529     0.642     0.737     0.900     1.000     1.006
                col:     0.859     1.169     1.432     1.616     1.763     1.869     1.766
               mcol:     0.329     0.715     1.010     1.189     1.496     1.864     1.787
 --------------
             logstd:     0.474     0.506     0.529     0.564     0.586     0.653     0.686
            mlogstd:     0.472     0.432     0.433     0.540     0.731     0.794     0.766
 --------------
               time:     0.157     0.104     0.083
              mtime:     0.147     0.105     0.092
               igc4:     0.341     0.675     0.154     0.208     0.450
              migc4:     0.309     1.196     0.268     0.306     0.045
  tax,dd   0.106   0.213
