 --------------------------------------------------
         eprem/avge:   157.256   100.000
         eprem/avge:   174.838    94.508
 --------------
    IR/enrl/ww/ups0:     4.000    47.986    71.711    46.694
    IR/enrl/ww/ups1:     4.827    46.687    70.523    46.822
 --------------------------------------------------
                avg:     0.586     0.750     0.862     0.925     0.991     1.000     0.894
               mavg:     0.231     0.454     0.584     0.679     0.852     1.000     0.987
               prem:     1.148     1.299     1.476     1.634     1.694     1.869     2.087
              mprem:     1.393     1.642     1.706     1.766     1.819     2.047     1.947
 --------------
                hsc:     0.748     0.899     0.970     0.989     1.041     1.000     0.846
               mhsc:     0.276     0.503     0.636     0.727     0.900     1.000     1.010
                col:     0.859     1.169     1.432     1.616     1.763     1.869     1.766
               mcol:     0.385     0.827     1.085     1.284     1.638     2.047     1.967
 --------------
             logstd:     0.474     0.506     0.529     0.564     0.586     0.653     0.686
            mlogstd:     0.501     0.454     0.458     0.555     0.725     0.787     0.760
 --------------
               time:     0.157     0.104     0.083
              mtime:     0.141     0.096     0.088
               igc4:     0.341     0.675     0.154     0.208     0.450
              migc4:     0.378     1.252     0.269     0.311     0.112
  tax,dd   0.106   0.213
