 --------------------------------------------------
         eprem/avge:   157.256   100.000
         eprem/avge:   157.478   101.695
 --------------
    IR/enrl/ww/ups0:     4.000    47.986    71.711    46.694
    IR/enrl/ww/ups1:     4.335    48.727    70.208    46.856
 --------------------------------------------------
                avg:     0.586     0.750     0.862     0.925     0.991     1.000     0.894
               mavg:     0.224     0.437     0.551     0.652     0.841     1.000     0.971
               prem:     1.148     1.299     1.476     1.634     1.694     1.869     2.087
              mprem:     1.065     1.428     1.634     1.705     1.687     1.845     1.820
 --------------
                hsc:     0.748     0.899     0.970     0.989     1.041     1.000     0.846
               mhsc:     0.292     0.495     0.584     0.678     0.879     1.000     0.978
                col:     0.859     1.169     1.432     1.616     1.763     1.869     1.766
               mcol:     0.311     0.706     0.955     1.156     1.482     1.845     1.780
 --------------
             logstd:     0.474     0.506     0.529     0.564     0.586     0.653     0.686
            mlogstd:     0.470     0.425     0.446     0.550     0.706     0.745     0.718
 --------------
               time:     0.157     0.104     0.083
              mtime:     0.156     0.131     0.110
               igc4:     0.341     0.675     0.154     0.208     0.450
              migc4:     0.320     1.218     0.246     0.303     0.040
  tax,dd   0.106   0.213
      IR   4.000
