 --------------------------------------------------
         eprem/avge:   157.256   100.000
         eprem/avge:   154.339   105.246
 --------------
    IR/enrl/ww/ups0:     4.000    47.986    71.711    46.694
    IR/enrl/ww/ups1:     4.024    53.496    62.515    47.741
 --------------------------------------------------
                avg:     0.586     0.750     0.862     0.925     0.991     1.000     0.894
               mavg:     0.230     0.460     0.567     0.687     0.848     1.000     0.977
               prem:     1.148     1.299     1.476     1.634     1.694     1.869     2.087
              mprem:     1.027     1.378     1.641     1.731     1.652     1.822     1.725
 --------------
             logstd:     0.474     0.506     0.529     0.564     0.586     0.653     0.686
            mlogstd:     0.500     0.427     0.434     0.539     0.711     0.756     0.733
 --------------
               time:     0.157     0.104     0.083
              mtime:     0.143     0.117     0.101
               igc4:     0.341     0.675     0.154     0.208     0.450
              migc4:     0.313     1.199     0.226     0.310     0.058
  tax,dd   0.118   0.213
