 --------------------------------------------------
         eprem/avge:   157.256   100.000
         eprem/avge:   161.974   100.318
 --------------
    IR/enrl/ww/ups0:     4.000    47.986    71.711    46.694
    IR/enrl/ww/ups1:     4.080    48.746    69.198    46.966
 --------------------------------------------------
                avg:     0.586     0.750     0.862     0.925     0.991     1.000     0.894
               mavg:     0.235     0.452     0.570     0.655     0.845     1.000     0.975
               prem:     1.148     1.299     1.476     1.634     1.694     1.869     2.087
              mprem:     1.107     1.484     1.686     1.695     1.758     1.915     1.853
 --------------
                hsc:     0.748     0.899     0.970     0.989     1.041     1.000     0.846
               mhsc:     0.306     0.512     0.607     0.695     0.881     1.000     0.991
                col:     0.859     1.169     1.432     1.616     1.763     1.869     1.766
               mcol:     0.339     0.760     1.023     1.179     1.549     1.915     1.836
 --------------
             logstd:     0.474     0.506     0.529     0.564     0.586     0.653     0.686
            mlogstd:     0.486     0.426     0.442     0.548     0.710     0.757     0.731
 --------------
               time:     0.157     0.104     0.083
              mtime:     0.154     0.118     0.105
               igc4:     0.341     0.675     0.154     0.208     0.450
              migc4:     0.342     1.209     0.259     0.301     0.046
  tax,dd   0.106   0.213
      IR   4.000
