 --------------------------------------------------
         eprem/avge:   157.256   100.000
         eprem/avge:   158.321   101.851
 --------------
    IR/enrl/ww/ups0:     4.000    47.986    71.711    46.694
    IR/enrl/ww/ups1:     4.265    48.432    71.642    46.702
 --------------------------------------------------
                avg:     0.586     0.750     0.862     0.925     0.991     1.000     0.894
               mavg:     0.233     0.463     0.561     0.664     0.840     1.000     0.972
               prem:     1.148     1.299     1.476     1.634     1.694     1.869     2.087
              mprem:     1.097     1.471     1.633     1.738     1.690     1.805     1.784
 --------------
                hsc:     0.748     0.899     0.970     0.989     1.041     1.000     0.846
               mhsc:     0.297     0.511     0.589     0.676     0.867     1.000     0.978
                col:     0.859     1.169     1.432     1.616     1.763     1.869     1.766
               mcol:     0.326     0.752     0.963     1.175     1.465     1.805     1.744
 --------------
             logstd:     0.474     0.506     0.529     0.564     0.586     0.653     0.686
            mlogstd:     0.480     0.423     0.447     0.543     0.725     0.760     0.733
 --------------
               time:     0.157     0.104     0.083
              mtime:     0.161     0.130     0.112
               igc4:     0.341     0.675     0.154     0.208     0.450
              migc4:     0.310     1.217     0.240     0.300     0.040
  tax,dd   0.106   0.213
