           0.000          -0.018
           0.014          -0.007
           0.057           0.027
           0.128           0.084
           0.227           0.164
           0.354           0.266
           0.510           0.391
           0.695           0.539
           0.907           0.710
           1.148           0.903
           1.418           1.119
           1.716           1.358
           2.042           1.620
           2.396           1.904
           2.779           2.212
           3.190           2.541
           3.629           2.894
           4.097           3.270
           4.594           3.668
           5.118           4.089
           5.671           4.532
           6.252           4.999
           6.862           5.488
           7.500           6.000
