---------------------------------------------------------------------------------
      name:  <unnamed>
       log:  /home/sylee/now/ananth/natnurt/stata_final_real/logfiles/abi_rel.log
  log type:  text
 opened on:  20 Nov 2016, 16:24:56

.         list

     +------------------------------------------------------------------------+
     | abi_ki   abi_gi     ss_4_g    lfgearn     ivfrac       time      inith |
     |------------------------------------------------------------------------|
  1. |      1        1   .0687624   1.292943   .0644552    .235753   .7497494 |
  2. |      2        1   .1186613   .4607078   .1133968   .0729821   .5927758 |
  3. |      3        1   .1670944   .1149963   .1657546   .0151535   .3235795 |
  4. |      1        2   .0357426   2.084301   .0345196   .2335776    .731464 |
  5. |      2        2   .0791609   1.045823   .0742147   .0906863   .6561036 |
     |------------------------------------------------------------------------|
  6. |      3        2   .1382891   .4030793   .1396247   .0352289   .4955738 |
  7. |      1        3   .0277144   3.705133    .026925   .1887973   .6003623 |
  8. |      2        3   .0529357   2.122456   .0500284   .0945682   .6430754 |
  9. |      3        3   .0992479   1.060204    .100848   .0530879   .5915505 |
     +------------------------------------------------------------------------+

.         log close
      name:  <unnamed>
       log:  /home/sylee/now/ananth/natnurt/stata_final_real/logfiles/abi_rel.log
  log type:  text
 closed on:  20 Nov 2016, 16:24:56
---------------------------------------------------------------------------------
