---------------------------------------------------------------------------------
      name:  <unnamed>
       log:  /home/sylee/now/ananth/natnurt/stata_final_real/logfiles/comparisons
> .log
  log type:  text
 opened on:  21 Nov 2016, 04:16:25

. *-----------------------------------------------------------------------------
. * total igc's
.         correlate lfpavge_r lfkavge_r
(obs=120,000)

             | lfpavg~r lfkavg~r
-------------+------------------
   lfpavge_r |   1.0000
   lfkavge_r |   0.3458   1.0000


.         correlate hparent_bt_r hchild_bt_r
(obs=120,000)

             | hpar~t_r hchi~t_r
-------------+------------------
hparent_bt_r |   1.0000
 hchild_bt_r |   0.3728   1.0000


.         correlate hparent_ss_r hchild_ss_r
(obs=120,000)

             | hpar~s_r hchi~s_r
-------------+------------------
hparent_ss_r |   1.0000
 hchild_ss_r |   0.2772   1.0000


. 
.         g learnpbt = log(hparent_bt)

.         g learnkbt = log(hchild_bt)

.         reg learnkbt learnpbt

      Source |       SS           df       MS      Number of obs   =   120,000
-------------+----------------------------------   F(1, 119998)    =  17532.43
       Model |  5275.45895         1  5275.45895   Prob > F        =    0.0000
    Residual |  36107.0594   119,998  .300897177   R-squared       =    0.1275
-------------+----------------------------------   Adj R-squared   =    0.1275
       Total |  41382.5184   119,999  .344857194   Root MSE        =    .54854

------------------------------------------------------------------------------
    learnkbt |      Coef.   Std. Err.      t    P>|t|     [95% Conf. Interval]
-------------+----------------------------------------------------------------
    learnpbt |    .298539   .0022547   132.41   0.000     .2941199    .3029581
       _cons |   .3801025   .0018943   200.65   0.000     .3763896    .3838153
------------------------------------------------------------------------------

. 
.         g learnpss = log(hparent_ss)

.         g learnkss = log(hchild_ss)

.         reg learnkss learnpss

      Source |       SS           df       MS      Number of obs   =   120,000
-------------+----------------------------------   F(1, 119998)    =  10005.89
       Model |  2880.90609         1  2880.90609   Prob > F        =    0.0000
    Residual |  34549.9368   119,998  .287920939   R-squared       =    0.0770
-------------+----------------------------------   Adj R-squared   =    0.0770
       Total |  37430.8429   119,999   .31192629   Root MSE        =    .53658

------------------------------------------------------------------------------
    learnkss |      Coef.   Std. Err.      t    P>|t|     [95% Conf. Interval]
-------------+----------------------------------------------------------------
    learnpss |   .2770714   .0027699   100.03   0.000     .2716425    .2825004
       _cons |   .4068308   .0021888   185.87   0.000     .4025408    .4111208
------------------------------------------------------------------------------

. 
.         correlate schild_bt_r ss_4_p_r
(obs=120,000)

             | schi~t_r ss_4_p_r
-------------+------------------
 schild_bt_r |   1.0000
    ss_4_p_r |   0.3386   1.0000


.         correlate schild_ss_r sparent_ss_r
(obs=120,000)

             | schi~s_r sparen~r
-------------+------------------
 schild_ss_r |   1.0000
sparent_ss_r |   0.2053   1.0000


. 
.         g lwlthpbt = log(ss_4_p)
(23 missing values generated)

.         g lwlthkbt = log(schild_bt)
(48,890 missing values generated)

.         reg lwlthkbt lwlthpbt

      Source |       SS           df       MS      Number of obs   =    71,096
-------------+----------------------------------   F(1, 71094)     =   8626.28
       Model |  9314.58898         1  9314.58898   Prob > F        =    0.0000
    Residual |  76766.7523    71,094  1.07979228   R-squared       =    0.1082
-------------+----------------------------------   Adj R-squared   =    0.1082
       Total |  86081.3413    71,095  1.21079318   Root MSE        =    1.0391

------------------------------------------------------------------------------
    lwlthkbt |      Coef.   Std. Err.      t    P>|t|     [95% Conf. Interval]
-------------+----------------------------------------------------------------
    lwlthpbt |   .3356937   .0036144    92.88   0.000     .3286096    .3427779
       _cons |   .0605915   .0042781    14.16   0.000     .0522064    .0689766
------------------------------------------------------------------------------

. 
.         g lwlthpss = log(sparent_ss)
(36,138 missing values generated)

.         g lwlthkss = log(schild_ss)
(36,482 missing values generated)

.         reg lwlthkss lwlthpss

      Source |       SS           df       MS      Number of obs   =    63,607
-------------+----------------------------------   F(1, 63605)     =  30646.79
       Model |  22018.7999         1  22018.7999   Prob > F        =    0.0000
    Residual |  45698.2827    63,605  .718469973   R-squared       =    0.3252
-------------+----------------------------------   Adj R-squared   =    0.3251
       Total |  67717.0826    63,606  1.06463357   Root MSE        =    .84763

------------------------------------------------------------------------------
    lwlthkss |      Coef.   Std. Err.      t    P>|t|     [95% Conf. Interval]
-------------+----------------------------------------------------------------
    lwlthpss |   .6182222   .0035314   175.06   0.000     .6113006    .6251438
       _cons |  -.2675025   .0034612   -77.29   0.000    -.2742864   -.2607186
------------------------------------------------------------------------------

. 
. log close
      name:  <unnamed>
       log:  /home/sylee/now/ananth/natnurt/stata_final_real/logfiles/comparisons
> .log
  log type:  text
 closed on:  21 Nov 2016, 04:16:26
---------------------------------------------------------------------------------
---------------------------------------------------------------------------------
      name:  <unnamed>
       log:  /home/sylee/now/ananth/natnurt/stata_final_real/logfiles/comparisons
> .log
  log type:  text
 opened on:  21 Nov 2016, 04:16:26

. * parents bequests and ige
.         disp `bm'
.68661667

.         reg lfkavge lfpavge if !upper_iv

      Source |       SS           df       MS      Number of obs   =    82,394
-------------+----------------------------------   F(1, 82392)     =  20229.78
       Model |  8951.62887         1  8951.62887   Prob > F        =    0.0000
    Residual |  36458.2549    82,392   .44249751   R-squared       =    0.1971
-------------+----------------------------------   Adj R-squared   =    0.1971
       Total |  45409.8837    82,393  .551137642   Root MSE        =     .6652

------------------------------------------------------------------------------
     lfkavge |      Coef.   Std. Err.      t    P>|t|     [95% Conf. Interval]
-------------+----------------------------------------------------------------
     lfpavge |   .5190739   .0036495   142.23   0.000     .5119209    .5262269
       _cons |  -.1558069   .0042957   -36.27   0.000    -.1642265   -.1473873
------------------------------------------------------------------------------

.         reg lfkavge lfpavge if upper_iv

      Source |       SS           df       MS      Number of obs   =    37,606
-------------+----------------------------------   F(1, 37604)     =   5587.24
       Model |   3573.9116         1   3573.9116   Prob > F        =    0.0000
    Residual |  24053.6083    37,604  .639655577   R-squared       =    0.1294
-------------+----------------------------------   Adj R-squared   =    0.1293
       Total |  27627.5199    37,605   .73467677   Root MSE        =    .79978

------------------------------------------------------------------------------
     lfkavge |      Coef.   Std. Err.      t    P>|t|     [95% Conf. Interval]
-------------+----------------------------------------------------------------
     lfpavge |   .5963842   .0079786    74.75   0.000     .5807459    .6120225
       _cons |  -.6697268    .004183  -160.11   0.000    -.6779257    -.661528
------------------------------------------------------------------------------

. 
.         disp `bt'
.44176667

.         reg learnkbt learnpbt if !upper_bt

      Source |       SS           df       MS      Number of obs   =    53,012
-------------+----------------------------------   F(1, 53010)     >  99999.00
       Model |  11955.3216         1  11955.3216   Prob > F        =    0.0000
    Residual |  5047.87095    53,010  .095224881   R-squared       =    0.7031
-------------+----------------------------------   Adj R-squared   =    0.7031
       Total |  17003.1925    53,011  .320748383   Root MSE        =    .30859

------------------------------------------------------------------------------
    learnkbt |      Coef.   Std. Err.      t    P>|t|     [95% Conf. Interval]
-------------+----------------------------------------------------------------
    learnpbt |   .6737145   .0019014   354.33   0.000     .6699878    .6774412
       _cons |   .6654591   .0014335   464.21   0.000     .6626494    .6682689
------------------------------------------------------------------------------

.         reg learnkbt learnpbt if upper_bt

      Source |       SS           df       MS      Number of obs   =    66,988
-------------+----------------------------------   F(1, 66986)     =   6258.43
       Model |  1210.52597         1  1210.52597   Prob > F        =    0.0000
    Residual |  12956.6449    66,986  .193423177   R-squared       =    0.0854
-------------+----------------------------------   Adj R-squared   =    0.0854
       Total |  14167.1709    66,987  .211491348   Root MSE        =     .4398

------------------------------------------------------------------------------
    learnkbt |      Coef.   Std. Err.      t    P>|t|     [95% Conf. Interval]
-------------+----------------------------------------------------------------
    learnpbt |    .203288   .0025697    79.11   0.000     .1982514    .2083245
       _cons |   .1333683   .0023194    57.50   0.000     .1288223    .1379144
------------------------------------------------------------------------------

. 
.         disp `ss'
.33875833

.         reg learnkss learnpss if !upper_ss

      Source |       SS           df       MS      Number of obs   =    40,651
-------------+----------------------------------   F(1, 40649)     =  23697.57
       Model |  1730.55289         1  1730.55289   Prob > F        =    0.0000
    Residual |  2968.45862    40,649  .073026609   R-squared       =    0.3683
-------------+----------------------------------   Adj R-squared   =    0.3683
       Total |  4699.01151    40,650  .115596839   Root MSE        =    .27023

------------------------------------------------------------------------------
    learnkss |      Coef.   Std. Err.      t    P>|t|     [95% Conf. Interval]
-------------+----------------------------------------------------------------
    learnpss |   .3736927   .0024275   153.94   0.000     .3689348    .3784507
       _cons |   .8553513   .0019811   431.75   0.000     .8514683    .8592344
------------------------------------------------------------------------------

.         reg learnkss learnpss if upper_ss

      Source |       SS           df       MS      Number of obs   =    79,349
-------------+----------------------------------   F(1, 79347)     =   3989.38
       Model |  775.975128         1  775.975128   Prob > F        =    0.0000
    Residual |  15433.7882    79,347   .19451004   R-squared       =    0.0479
-------------+----------------------------------   Adj R-squared   =    0.0479
       Total |  16209.7633    79,348   .20428698   Root MSE        =    .44103

------------------------------------------------------------------------------
    learnkss |      Coef.   Std. Err.      t    P>|t|     [95% Conf. Interval]
-------------+----------------------------------------------------------------
    learnpss |   .1760988   .0027881    63.16   0.000     .1706342    .1815634
       _cons |   .2014676   .0021652    93.05   0.000     .1972238    .2057114
------------------------------------------------------------------------------

. 
. * bequests and earnings
.         correlate ss_4_k_r lfkavge_r
(obs=120,000)

             | ss_4_k_r lfkavg~r
-------------+------------------
    ss_4_k_r |   1.0000
   lfkavge_r |   0.0485   1.0000


.         correlate schild_bt_r hchild_bt_r
(obs=120,000)

             | schi~t_r hchi~t_r
-------------+------------------
 schild_bt_r |   1.0000
 hchild_bt_r |  -0.3707   1.0000


.         correlate schild_ss_r hchild_ss_r
(obs=120,000)

             | schi~s_r hchi~s_r
-------------+------------------
 schild_ss_r |   1.0000
 hchild_ss_r |  -0.6716   1.0000


. 
. log close
      name:  <unnamed>
       log:  /home/sylee/now/ananth/natnurt/stata_final_real/logfiles/comparisons
> .log
  log type:  text
 closed on:  21 Nov 2016, 04:16:26
---------------------------------------------------------------------------------
---------------------------------------------------------------------------------
      name:  <unnamed>
       log:  /home/sylee/now/ananth/natnurt/stata_final_real/logfiles/comparisons
> .log
  log type:  text
 opened on:  21 Nov 2016, 04:16:27

. * parent net wealth and ige
.         correlate netwlth_r lfkavge_r
(obs=120,000)

             | netwlt~r lfkavg~r
-------------+------------------
   netwlth_r |   1.0000
   lfkavge_r |   0.1703   1.0000


.         correlate resource_bt_r hchild_bt_r
(obs=120,000)

             | reso~t_r hchi~t_r
-------------+------------------
resource_b~r |   1.0000
 hchild_bt_r |   0.3922   1.0000


.         correlate resource_ss_r hchild_ss_r
(obs=120,000)

             | reso~s_r hchi~s_r
-------------+------------------
resource_s~r |   1.0000
 hchild_ss_r |   0.2293   1.0000


. 
.         reg lfkavge lfpavge if !rich

      Source |       SS           df       MS      Number of obs   =    60,000
-------------+----------------------------------   F(1, 59998)     =  10178.60
       Model |  5230.33081         1  5230.33081   Prob > F        =    0.0000
    Residual |  30830.3129    59,998  .513855677   R-squared       =    0.1450
-------------+----------------------------------   Adj R-squared   =    0.1450
       Total |  36060.6437    59,999  .601020746   Root MSE        =    .71684

------------------------------------------------------------------------------
     lfkavge |      Coef.   Std. Err.      t    P>|t|     [95% Conf. Interval]
-------------+----------------------------------------------------------------
     lfpavge |   .3927529   .0038929   100.89   0.000     .3851228     .400383
       _cons |  -.5063694   .0039042  -129.70   0.000    -.5140216   -.4987171
------------------------------------------------------------------------------

.         reg lfkavge lfpavge if rich

      Source |       SS           df       MS      Number of obs   =    60,000
-------------+----------------------------------   F(1, 59998)     =   5961.70
       Model |   3209.2018         1   3209.2018   Prob > F        =    0.0000
    Residual |  32297.0927    59,998  .538302822   R-squared       =    0.0904
-------------+----------------------------------   Adj R-squared   =    0.0904
       Total |  35506.2945    59,999  .591781438   Root MSE        =    .73369

------------------------------------------------------------------------------
     lfkavge |      Coef.   Std. Err.      t    P>|t|     [95% Conf. Interval]
-------------+----------------------------------------------------------------
     lfpavge |   .2854166   .0036965    77.21   0.000     .2781714    .2926618
       _cons |  -.3570376   .0038221   -93.41   0.000    -.3645289   -.3495463
------------------------------------------------------------------------------

. 
.         reg learnkbt learnpbt if !bt_par

      Source |       SS           df       MS      Number of obs   =    60,000
-------------+----------------------------------   F(1, 59998)     =   6298.09
       Model |  1158.74348         1  1158.74348   Prob > F        =    0.0000
    Residual |  11038.6373    59,998  .183983422   R-squared       =    0.0950
-------------+----------------------------------   Adj R-squared   =    0.0950
       Total |  12197.3808    59,999  .203293068   Root MSE        =    .42893

------------------------------------------------------------------------------
    learnkbt |      Coef.   Std. Err.      t    P>|t|     [95% Conf. Interval]
-------------+----------------------------------------------------------------
    learnpbt |   .2816712   .0035493    79.36   0.000     .2747146    .2886277
       _cons |   .3396343    .001752   193.86   0.000     .3362004    .3430681
------------------------------------------------------------------------------

.         reg learnkbt learnpbt if bt_par

      Source |       SS           df       MS      Number of obs   =    60,000
-------------+----------------------------------   F(1, 59998)     =   2124.07
       Model |   873.91032         1   873.91032   Prob > F        =    0.0000
    Residual |  24685.0697    59,998  .411431542   R-squared       =    0.0342
-------------+----------------------------------   Adj R-squared   =    0.0342
       Total |    25558.98    59,999    .4259901   Root MSE        =    .64143

------------------------------------------------------------------------------
    learnkbt |      Coef.   Std. Err.      t    P>|t|     [95% Conf. Interval]
-------------+----------------------------------------------------------------
    learnpbt |   .2053157   .0044549    46.09   0.000     .1965841    .2140473
       _cons |    .505382   .0048149   104.96   0.000     .4959447    .5148193
------------------------------------------------------------------------------

. 
.         reg learnkss learnpss if !ss_par

      Source |       SS           df       MS      Number of obs   =    60,000
-------------+----------------------------------   F(1, 59998)     =   2537.02
       Model |  596.067605         1  596.067605   Prob > F        =    0.0000
    Residual |  14096.3937    59,998  .234947727   R-squared       =    0.0406
-------------+----------------------------------   Adj R-squared   =    0.0406
       Total |  14692.4613    59,999  .244878437   Root MSE        =    .48471

------------------------------------------------------------------------------
    learnkss |      Coef.   Std. Err.      t    P>|t|     [95% Conf. Interval]
-------------+----------------------------------------------------------------
    learnpss |   .2170751   .0043097    50.37   0.000     .2086281    .2255222
       _cons |   .3942839   .0024563   160.52   0.000     .3894695    .3990982
------------------------------------------------------------------------------

.         reg learnkss learnpss if ss_par

      Source |       SS           df       MS      Number of obs   =    60,000
-------------+----------------------------------   F(1, 59998)     =   4145.77
       Model |  1401.19575         1  1401.19575   Prob > F        =    0.0000
    Residual |  20278.2381    59,998  .337981902   R-squared       =    0.0646
-------------+----------------------------------   Adj R-squared   =    0.0646
       Total |  21679.4339    59,999   .36132992   Root MSE        =    .58136

------------------------------------------------------------------------------
    learnkss |      Coef.   Std. Err.      t    P>|t|     [95% Conf. Interval]
-------------+----------------------------------------------------------------
    learnpss |   .2713106   .0042137    64.39   0.000     .2630517    .2795695
       _cons |   .4441232   .0040504   109.65   0.000     .4361843    .4520621
------------------------------------------------------------------------------

. 
. //      reg ss_4_k_r netwlth_r lfkavge_r
. //!     reg schild_bt_r resource_bt_r hchild_bt_r
. //      reg schild_ss_r resource_ss_r hchild_ss_r
. log close
      name:  <unnamed>
       log:  /home/sylee/now/ananth/natnurt/stata_final_real/logfiles/comparisons
> .log
  log type:  text
 closed on:  21 Nov 2016, 04:16:27
---------------------------------------------------------------------------------
---------------------------------------------------------------------------------
      name:  <unnamed>
       log:  /home/sylee/now/ananth/natnurt/stata_final_real/logfiles/comparisons
> .log
  log type:  text
 opened on:  21 Nov 2016, 04:16:31

.                 correlate netwlth_r lfkavge_r
(obs=120,000)

             | netwlt~r lfkavg~r
-------------+------------------
   netwlth_r |   1.0000
   lfkavge_r |   0.2721   1.0000


. log close
      name:  <unnamed>
       log:  /home/sylee/now/ananth/natnurt/stata_final_real/logfiles/comparisons
> .log
  log type:  text
 closed on:  21 Nov 2016, 04:16:31
---------------------------------------------------------------------------------
