---------------------------------------------------------------------------------
      name:  <unnamed>
       log:  /home/sylee/now/ananth/natnurt/stata_final_real/logfiles/hh_4_g_r_re
> g.log
  log type:  text
 opened on:  20 Nov 2016, 16:24:53

      Source |       SS           df       MS      Number of obs   =   120,000
-------------+----------------------------------   F(1, 119998)    >  99999.00
       Model |  82390556.5         1  82390556.5   Prob > F        =    0.0000
    Residual |  17609443.5   119,998  146.747808   R-squared       =    0.8239
-------------+----------------------------------   Adj R-squared   =    0.8239
       Total |   100000000   119,999  833.340278   Root MSE        =    12.114

------------------------------------------------------------------------------
    hh_4_g_r |      Coef.   Std. Err.      t    P>|t|     [95% Conf. Interval]
-------------+----------------------------------------------------------------
    hh_3_g_r |   .9076924   .0012114   749.30   0.000     .9053181    .9100668
       _cons |   4.615416   .0699404    65.99   0.000     4.478334    4.752498
------------------------------------------------------------------------------

      Source |       SS           df       MS      Number of obs   =   120,000
-------------+----------------------------------   F(1, 119998)    >  99999.00
       Model |  81872011.3         1  81872011.3   Prob > F        =    0.0000
    Residual |  18127988.7   119,998   151.06909   R-squared       =    0.8187
-------------+----------------------------------   Adj R-squared   =    0.8187
       Total |   100000000   119,999  833.340278   Root MSE        =    12.291

------------------------------------------------------------------------------
    hh_4_g_r |      Coef.   Std. Err.      t    P>|t|     [95% Conf. Interval]
-------------+----------------------------------------------------------------
    hh_2_g_r |   .9048315   .0012291   736.17   0.000     .9024225    .9072406
       _cons |   4.758463   .0709627    67.06   0.000     4.619377    4.897548
------------------------------------------------------------------------------

      Source |       SS           df       MS      Number of obs   =   120,000
-------------+----------------------------------   F(1, 119998)    >  99999.00
       Model |  72568308.6         1  72568308.6   Prob > F        =    0.0000
    Residual |  27431691.3   119,998  228.601238   R-squared       =    0.7257
-------------+----------------------------------   Adj R-squared   =    0.7257
       Total |   100000000   119,999  833.340278   Root MSE        =     15.12

------------------------------------------------------------------------------
    hh_4_g_r |      Coef.   Std. Err.      t    P>|t|     [95% Conf. Interval]
-------------+----------------------------------------------------------------
    hh_1_g_r |   .8518703    .001512   563.42   0.000     .8489069    .8548338
       _cons |   7.406544   .0872934    84.85   0.000     7.235451    7.577638
------------------------------------------------------------------------------

      Source |       SS           df       MS      Number of obs   =   120,000
-------------+----------------------------------   F(2, 119997)    >  99999.00
       Model |  82413107.1         2  41206553.6   Prob > F        =    0.0000
    Residual |  17586892.9   119,997  146.561105   R-squared       =    0.8241
-------------+----------------------------------   Adj R-squared   =    0.8241
       Total |   100000000   119,999  833.340278   Root MSE        =    12.106

------------------------------------------------------------------------------
    hh_4_g_r |      Coef.   Std. Err.      t    P>|t|     [95% Conf. Interval]
-------------+----------------------------------------------------------------
    hh_3_g_r |   .7544151    .012416    60.76   0.000     .7300799    .7787503
    hh_2_g_r |   .1540112    .012416    12.40   0.000      .129676    .1783464
       _cons |   4.578723   .0699584    65.45   0.000     4.441606    4.715841
------------------------------------------------------------------------------

      Source |       SS           df       MS      Number of obs   =   120,000
-------------+----------------------------------   F(3, 119996)    >  99999.00
       Model |  82546100.6         3  27515366.9   Prob > F        =    0.0000
    Residual |  17453899.4   119,996   145.45401   R-squared       =    0.8255
-------------+----------------------------------   Adj R-squared   =    0.8255
       Total |   100000000   119,999  833.340278   Root MSE        =     12.06

------------------------------------------------------------------------------
    hh_4_g_r |      Coef.   Std. Err.      t    P>|t|     [95% Conf. Interval]
-------------+----------------------------------------------------------------
    hh_3_g_r |   .9469896   .0139123    68.07   0.000     .9197217    .9742576
    hh_2_g_r |  -.1527032   .0159963    -9.55   0.000    -.1840556   -.1213507
    hh_1_g_r |   .1221504   .0040396    30.24   0.000     .1142328     .130068
       _cons |   4.178191   .0709413    58.90   0.000     4.039147    4.317235
------------------------------------------------------------------------------

      Source |       SS           df       MS      Number of obs   =   120,000
-------------+----------------------------------   F(7, 119992)    =  79191.02
       Model |  82205722.6         7  11743674.7   Prob > F        =    0.0000
    Residual |  17794277.4   119,992  148.295532   R-squared       =    0.8221
-------------+----------------------------------   Adj R-squared   =    0.8220
       Total |   100000000   119,999  833.340278   Root MSE        =    12.178

------------------------------------------------------------------------------
    hh_4_g_r |      Coef.   Std. Err.      t    P>|t|     [95% Conf. Interval]
-------------+----------------------------------------------------------------
     2.col_k |    12.4272   .1164646   106.70   0.000     12.19893    12.65547
             |
      abi_ki |
          2  |   -15.0725   .0995708  -151.37   0.000    -15.26765   -14.87734
          3  |  -34.02579   .1336214  -254.64   0.000    -34.28769    -33.7639
             |
    hh_5_k_r |   .7365351   .0016723   440.44   0.000     .7332575    .7398127
    ss_5_k_r |   .1981227   .0019192   103.23   0.000      .194361    .2018844
             |
      abi_gi |
          2  |   17.50487   .0867486   201.79   0.000     17.33485     17.6749
          3  |   32.08123   .1015994   315.76   0.000      31.8821    32.28037
             |
       _cons |  -3.466927   .1360603   -25.48   0.000    -3.733603   -3.200251
------------------------------------------------------------------------------

      Source |       SS           df       MS      Number of obs   =   120,000
-------------+----------------------------------   F(9, 119990)    =  42349.85
       Model |  76056525.4         9  8450725.04   Prob > F        =    0.0000
    Residual |  23943474.6   119,990  199.545584   R-squared       =    0.7606
-------------+----------------------------------   Adj R-squared   =    0.7605
       Total |   100000000   119,999  833.340278   Root MSE        =    14.126

------------------------------------------------------------------------------
    hh_4_g_r |      Coef.   Std. Err.      t    P>|t|     [95% Conf. Interval]
-------------+----------------------------------------------------------------
     2.col_k |   18.26931   .1296631   140.90   0.000     18.01517    18.52345
             |
      abi_ki |
          2  |  -10.63206   .1144304   -92.91   0.000    -10.85634   -10.40778
          3  |  -28.18435   .1486987  -189.54   0.000     -28.4758   -27.89291
             |
      h5kcat |
          2  |   21.47625   .1088524   197.30   0.000     21.26291     21.6896
          3  |   42.67846   .1267802   336.63   0.000     42.42998    42.92695
             |
      s5kcat |
          2  |    1.37272   .1125843    12.19   0.000     1.152057    1.593384
          3  |   10.74171   .1520027    70.67   0.000     10.44379    11.03963
             |
      abi_gi |
          2  |   17.46571   .1006292   173.57   0.000     17.26848    17.66294
          3  |   32.05305   .1178558   271.97   0.000     31.82205    32.28404
             |
       _cons |   11.36591   .1341123    84.75   0.000     11.10305    11.62877
------------------------------------------------------------------------------

      Source |       SS           df       MS      Number of obs   =   120,000
-------------+----------------------------------   F(1, 119998)    =  23145.42
       Model |  16169388.9         1  16169388.9   Prob > F        =    0.0000
    Residual |  83830611.1   119,998  698.600069   R-squared       =    0.1617
-------------+----------------------------------   Adj R-squared   =    0.1617
       Total |   100000000   119,999  833.340278   Root MSE        =    26.431

------------------------------------------------------------------------------
    hh_4_g_r |      Coef.   Std. Err.      t    P>|t|     [95% Conf. Interval]
-------------+----------------------------------------------------------------
   lfkearn_r |   .4021118   .0026431   152.14   0.000     .3969313    .4072922
       _cons |   29.89466   .1526007   195.90   0.000     29.59556    30.19375
------------------------------------------------------------------------------

      Source |       SS           df       MS      Number of obs   =   120,000
-------------+----------------------------------   F(1, 119998)    =  78535.26
       Model |  39557735.9         1  39557735.9   Prob > F        =    0.0000
    Residual |  60442264.1   119,998  503.693929   R-squared       =    0.3956
-------------+----------------------------------   Adj R-squared   =    0.3956
       Total |   100000000   119,999  833.340278   Root MSE        =    22.443

------------------------------------------------------------------------------
    hh_4_g_r |      Coef.   Std. Err.      t    P>|t|     [95% Conf. Interval]
-------------+----------------------------------------------------------------
   lfkwlth_r |   .6289494   .0022443   280.24   0.000     .6245506    .6333482
       _cons |   18.55268   .1295763   143.18   0.000     18.29872    18.80665
------------------------------------------------------------------------------

      Source |       SS           df       MS      Number of obs   =   120,000
-------------+----------------------------------   F(2, 119997)    =   9952.04
       Model |  14227247.9         2  7113623.96   Prob > F        =    0.0000
    Residual |  85772752.1   119,997  714.790804   R-squared       =    0.1423
-------------+----------------------------------   Adj R-squared   =    0.1423
       Total |   100000000   119,999  833.340278   Root MSE        =    26.736

------------------------------------------------------------------------------
    hh_4_g_r |      Coef.   Std. Err.      t    P>|t|     [95% Conf. Interval]
-------------+----------------------------------------------------------------
     lfkecat |
          2  |   14.32407    .189049    75.77   0.000     13.95353     14.6946
          3  |   26.64633    .189049   140.95   0.000     26.27579    27.01686
             |
       _cons |   36.34362   .1336779   271.87   0.000     36.08161    36.60563
------------------------------------------------------------------------------

      Source |       SS           df       MS      Number of obs   =   120,000
-------------+----------------------------------   F(2, 119997)    =  32778.91
       Model |  35330701.2         2  17665350.6   Prob > F        =    0.0000
    Residual |  64669298.8   119,997  538.924296   R-squared       =    0.3533
-------------+----------------------------------   Adj R-squared   =    0.3533
       Total |   100000000   119,999  833.340278   Root MSE        =    23.215

------------------------------------------------------------------------------
    hh_4_g_r |      Coef.   Std. Err.      t    P>|t|     [95% Conf. Interval]
-------------+----------------------------------------------------------------
     lfkwcat |
          2  |   28.46486    .164153   173.40   0.000     28.14312     28.7866
          3  |    41.0133    .164153   249.85   0.000     40.69156    41.33504
             |
       _cons |   26.84103   .1160737   231.24   0.000     26.61353    27.06853
------------------------------------------------------------------------------

      Source |       SS           df       MS      Number of obs   =   120,000
-------------+----------------------------------   F(2, 119997)    =  37310.56
       Model |  38342330.1         2    19171165   Prob > F        =    0.0000
    Residual |  61657669.9   119,997  513.826762   R-squared       =    0.3834
-------------+----------------------------------   Adj R-squared   =    0.3834
       Total |   100000000   119,999  833.340278   Root MSE        =    22.668

------------------------------------------------------------------------------
    hh_4_g_r |      Coef.   Std. Err.      t    P>|t|     [95% Conf. Interval]
-------------+----------------------------------------------------------------
   lfkearn_r |   .2734225   .0023499   116.35   0.000     .2688167    .2780282
   lfpearn_r |   .4881499   .0023499   207.73   0.000     .4835442    .4927557
       _cons |   11.92148   .1568874    75.99   0.000     11.61398    12.22898
------------------------------------------------------------------------------

      Source |       SS           df       MS      Number of obs   =   120,000
-------------+----------------------------------   F(2, 119997)    =  80951.14
       Model |  57432669.9         2  28716334.9   Prob > F        =    0.0000
    Residual |  42567330.1   119,997  354.736619   R-squared       =    0.5743
-------------+----------------------------------   Adj R-squared   =    0.5743
       Total |   100000000   119,999  833.340278   Root MSE        =    18.834

------------------------------------------------------------------------------
    hh_4_g_r |      Coef.   Std. Err.      t    P>|t|     [95% Conf. Interval]
-------------+----------------------------------------------------------------
   lfkwlth_r |   .0860956   .0030652    28.09   0.000     .0800878    .0921034
   lfpwlth_r |   .6880695   .0030652   224.48   0.000     .6820617    .6940773
       _cons |   11.29184   .1134502    99.53   0.000     11.06948     11.5142
------------------------------------------------------------------------------

      Source |       SS           df       MS      Number of obs   =   120,000
-------------+----------------------------------   F(4, 119995)    =  16622.50
       Model |  35654341.4         4  8913585.34   Prob > F        =    0.0000
    Residual |  64345658.6   119,995  536.236165   R-squared       =    0.3565
-------------+----------------------------------   Adj R-squared   =    0.3565
       Total |   100000000   119,999  833.340278   Root MSE        =    23.157

------------------------------------------------------------------------------
    hh_4_g_r |      Coef.   Std. Err.      t    P>|t|     [95% Conf. Interval]
-------------+----------------------------------------------------------------
     lfkecat |
          2  |   12.41722   .1649363    75.28   0.000     12.09394    12.74049
          3  |   19.25336   .1684075   114.33   0.000     18.92328    19.58343
             |
     lfpecat |
          2  |   12.61343    .165994    75.99   0.000     12.28809    12.93878
          3  |   33.29536   .1684313   197.68   0.000     32.96524    33.62548
             |
       _cons |   24.14063   .1398472   172.62   0.000     23.86653    24.41473
------------------------------------------------------------------------------

      Source |       SS           df       MS      Number of obs   =   120,000
-------------+----------------------------------   F(4, 119995)    =  34004.27
       Model |  53129165.2         4  13282291.3   Prob > F        =    0.0000
    Residual |  46870834.8   119,995  390.606565   R-squared       =    0.5313
-------------+----------------------------------   Adj R-squared   =    0.5313
       Total |   100000000   119,999  833.340278   Root MSE        =    19.764

------------------------------------------------------------------------------
    hh_4_g_r |      Coef.   Std. Err.      t    P>|t|     [95% Conf. Interval]
-------------+----------------------------------------------------------------
     lfkwcat |
          2  |   10.33596   .1663717    62.13   0.000     10.00988    10.66205
          3  |   11.95314   .1951896    61.24   0.000     11.57057    12.33571
             |
     lfpwcat |
          2  |   23.59464   .1629497   144.80   0.000     23.27526    23.91402
          3  |   41.73448   .1958326   213.11   0.000     41.35065     42.1183
             |
       _cons |   20.79434   .1065326   195.19   0.000     20.58554    21.00315
------------------------------------------------------------------------------
      name:  <unnamed>
       log:  /home/sylee/now/ananth/natnurt/stata_final_real/logfiles/hh_4_g_r_re
> g.log
  log type:  text
 closed on:  20 Nov 2016, 16:24:54
---------------------------------------------------------------------------------
