---------------------------------------------------------------------------------
      name:  <unnamed>
       log:  /home/sylee/now/ananth/natnurt/stata_final_real/logfiles/hs4_var.log
  log type:  text
 opened on:  20 Nov 2016, 16:24:48

. log close
      name:  <unnamed>
       log:  /home/sylee/now/ananth/natnurt/stata_final_real/logfiles/hs4_var.log
  log type:  text
 closed on:  20 Nov 2016, 16:24:48
---------------------------------------------------------------------------------
---------------------------------------------------------------------------------
      name:  <unnamed>
       log:  /home/sylee/now/ananth/natnurt/stata_final_real/logfiles/hs4_var.log
  log type:  text
 opened on:  20 Nov 2016, 16:24:48

      Source |       SS           df       MS      Number of obs   =   120,000
-------------+----------------------------------   F(0, 119999)    =      0.00
       Model |           0         0           .   Prob > F        =         .
    Residual |  74260.2234   119,999  .618840352   R-squared       =    0.0000
-------------+----------------------------------   Adj R-squared   =    0.0000
       Total |  74260.2234   119,999  .618840352   Root MSE        =    .78666

------------------------------------------------------------------------------
      hh_4_g |      Coef.   Std. Err.      t    P>|t|     [95% Conf. Interval]
-------------+----------------------------------------------------------------
       _cons |   1.105892   .0022709   486.98   0.000     1.101442    1.110343
------------------------------------------------------------------------------
      name:  <unnamed>
       log:  /home/sylee/now/ananth/natnurt/stata_final_real/logfiles/hs4_var.log
  log type:  text
 closed on:  20 Nov 2016, 16:24:48
---------------------------------------------------------------------------------
---------------------------------------------------------------------------------
      name:  <unnamed>
       log:  /home/sylee/now/ananth/natnurt/stata_final_real/logfiles/hs4_var.log
  log type:  text
 opened on:  20 Nov 2016, 16:24:48

      Source |       SS           df       MS      Number of obs   =   120,000
-------------+----------------------------------   F(9, 119990)    =  22617.27
       Model |  46720.0908         9   5191.1212   Prob > F        =    0.0000
    Residual |  27540.1326   119,990  .229520232   R-squared       =    0.6291
-------------+----------------------------------   Adj R-squared   =    0.6291
       Total |  74260.2234   119,999  .618840352   Root MSE        =    .47908

------------------------------------------------------------------------------
      hh_4_g |      Coef.   Std. Err.      t    P>|t|     [95% Conf. Interval]
-------------+----------------------------------------------------------------
     2.col_k |   .3286288   .0043975    74.73   0.000     .3200098    .3372478
             |
      abi_ki |
          2  |  -.2822092   .0038809   -72.72   0.000    -.2898156   -.2746027
          3  |   -.723309   .0050431  -143.43   0.000    -.7331934   -.7134246
             |
      h5kcat |
          2  |   .4251002   .0036917   115.15   0.000     .4178645    .4323359
          3  |   1.169482   .0042997   271.99   0.000     1.161055    1.177909
             |
      s5kcat |
          2  |   .0072639   .0038183     1.90   0.057    -.0002198    .0147477
          3  |   .3706079   .0051551    71.89   0.000     .3605039    .3807119
             |
      abi_gi |
          2  |   .3288297   .0034128    96.35   0.000     .3221407    .3355188
          3  |   .6481899   .0039971   162.17   0.000     .6403557     .656024
             |
       _cons |   .2849396   .0045484    62.65   0.000     .2760249    .2938544
------------------------------------------------------------------------------
      name:  <unnamed>
       log:  /home/sylee/now/ananth/natnurt/stata_final_real/logfiles/hs4_var.log
  log type:  text
 closed on:  20 Nov 2016, 16:24:48
---------------------------------------------------------------------------------
---------------------------------------------------------------------------------
      name:  <unnamed>
       log:  /home/sylee/now/ananth/natnurt/stata_final_real/logfiles/hs4_var.log
  log type:  text
 opened on:  20 Nov 2016, 16:24:48

      Source |       SS           df       MS      Number of obs   =   120,000
-------------+----------------------------------   F(7, 119992)    =  21188.95
       Model |  41050.5831         7  5864.36902   Prob > F        =    0.0000
    Residual |  33209.6403   119,992  .276765453   R-squared       =    0.5528
-------------+----------------------------------   Adj R-squared   =    0.5528
       Total |  74260.2234   119,999  .618840352   Root MSE        =    .52609

------------------------------------------------------------------------------
      hh_4_g |      Coef.   Std. Err.      t    P>|t|     [95% Conf. Interval]
-------------+----------------------------------------------------------------
     2.col_k |   .2419497   .0051864    46.65   0.000     .2317845    .2521149
             |
      abi_ki |
          2  |  -.1204135   .0038868   -30.98   0.000    -.1280315   -.1127956
          3  |  -.3571763   .0047771   -74.77   0.000    -.3665393   -.3478134
             |
       hkcat |
          2  |   .3271159   .0039193    83.46   0.000     .3194341    .3347977
          3  |    1.07622   .0043516   247.32   0.000     1.067691    1.084749
             |
       skcat |
          2  |   .0966646   .0041774    23.14   0.000     .0884769    .1048522
          3  |   .4895169   .0059129    82.79   0.000     .4779277    .5011061
             |
       _cons |   .4750887   .0041068   115.68   0.000     .4670394    .4831379
------------------------------------------------------------------------------
      name:  <unnamed>
       log:  /home/sylee/now/ananth/natnurt/stata_final_real/logfiles/hs4_var.log
  log type:  text
 closed on:  20 Nov 2016, 16:24:48
---------------------------------------------------------------------------------
---------------------------------------------------------------------------------
      name:  <unnamed>
       log:  /home/sylee/now/ananth/natnurt/stata_final_real/logfiles/hs4_var.log
  log type:  text
 opened on:  20 Nov 2016, 16:24:48

      Source |       SS           df       MS      Number of obs   =   120,000
-------------+----------------------------------   F(7, 119992)    =  15586.50
       Model |  35365.7184         7  5052.24548   Prob > F        =    0.0000
    Residual |   38894.505   119,992  .324142485   R-squared       =    0.4762
-------------+----------------------------------   Adj R-squared   =    0.4762
       Total |  74260.2234   119,999  .618840352   Root MSE        =    .56934

------------------------------------------------------------------------------
      hh_4_g |      Coef.   Std. Err.      t    P>|t|     [95% Conf. Interval]
-------------+----------------------------------------------------------------
     2.col_p |   .2247986   .0055987    40.15   0.000     .2138253    .2357719
             |
      abi_pi |
          2  |   .1210541      .0042    28.82   0.000     .1128222    .1292859
          3  |   .2524495   .0051765    48.77   0.000     .2423037    .2625952
             |
       hpcat |
          2  |   .2026659   .0042391    47.81   0.000     .1943573    .2109745
          3  |   .8601519   .0047044   182.84   0.000     .8509314    .8693724
             |
       spcat |
          2  |   .1122596   .0045074    24.91   0.000     .1034252    .1210939
          3  |   .4589182   .0063895    71.82   0.000     .4463949    .4714414
             |
       _cons |   .3292046   .0044418    74.11   0.000     .3204987    .3379105
------------------------------------------------------------------------------
      name:  <unnamed>
       log:  /home/sylee/now/ananth/natnurt/stata_final_real/logfiles/hs4_var.log
  log type:  text
 closed on:  20 Nov 2016, 16:24:49
---------------------------------------------------------------------------------
---------------------------------------------------------------------------------
      name:  <unnamed>
       log:  /home/sylee/now/ananth/natnurt/stata_final_real/logfiles/hs4_var.log
  log type:  text
 opened on:  20 Nov 2016, 16:24:49

      Source |       SS           df       MS      Number of obs   =   120,000
-------------+----------------------------------   F(0, 119999)    =      0.00
       Model |           0         0           .   Prob > F        =         .
    Residual |  72945.3114   119,999  .607882661   R-squared       =    0.0000
-------------+----------------------------------   Adj R-squared   =    0.0000
       Total |  72945.3114   119,999  .607882661   Root MSE        =    .77967

------------------------------------------------------------------------------
      ss_4_g |      Coef.   Std. Err.      t    P>|t|     [95% Conf. Interval]
-------------+----------------------------------------------------------------
       _cons |     .81833   .0022507   363.59   0.000     .8139187    .8227414
------------------------------------------------------------------------------
      name:  <unnamed>
       log:  /home/sylee/now/ananth/natnurt/stata_final_real/logfiles/hs4_var.log
  log type:  text
 closed on:  20 Nov 2016, 16:24:49
---------------------------------------------------------------------------------
---------------------------------------------------------------------------------
      name:  <unnamed>
       log:  /home/sylee/now/ananth/natnurt/stata_final_real/logfiles/hs4_var.log
  log type:  text
 opened on:  20 Nov 2016, 16:24:49

      Source |       SS           df       MS      Number of obs   =   120,000
-------------+----------------------------------   F(9, 119990)    =  24904.10
       Model |  47510.7751         9  5278.97501   Prob > F        =    0.0000
    Residual |  25434.5363   119,990  .211972133   R-squared       =    0.6513
-------------+----------------------------------   Adj R-squared   =    0.6513
       Total |  72945.3114   119,999  .607882661   Root MSE        =     .4604

------------------------------------------------------------------------------
      ss_4_g |      Coef.   Std. Err.      t    P>|t|     [95% Conf. Interval]
-------------+----------------------------------------------------------------
     2.col_k |  -.0332418   .0042261    -7.87   0.000    -.0415248   -.0249588
             |
      abi_ki |
          2  |   .4571315   .0037296   122.57   0.000     .4498216    .4644414
          3  |   1.516948   .0048465   313.00   0.000     1.507449    1.526447
             |
      h5kcat |
          2  |   .0095964   .0035478     2.70   0.007     .0026428      .01655
          3  |   .3811547   .0041321    92.24   0.000     .3730558    .3892535
             |
      s5kcat |
          2  |   .1903505   .0036694    51.87   0.000     .1831585    .1975425
          3  |   .4918615   .0049542    99.28   0.000     .4821514    .5015715
             |
      abi_gi |
          2  |  -.2858717   .0032798   -87.16   0.000       -.2923   -.2794435
          3  |  -.5931207   .0038412  -154.41   0.000    -.6006495    -.585592
             |
       _cons |   .1604838   .0043711    36.72   0.000     .1519166     .169051
------------------------------------------------------------------------------
      name:  <unnamed>
       log:  /home/sylee/now/ananth/natnurt/stata_final_real/logfiles/hs4_var.log
  log type:  text
 closed on:  20 Nov 2016, 16:24:49
---------------------------------------------------------------------------------
---------------------------------------------------------------------------------
      name:  <unnamed>
       log:  /home/sylee/now/ananth/natnurt/stata_final_real/logfiles/hs4_var.log
  log type:  text
 opened on:  20 Nov 2016, 16:24:49

      Source |       SS           df       MS      Number of obs   =   120,000
-------------+----------------------------------   F(7, 119992)    =  23298.36
       Model |  42025.2972         7  6003.61388   Prob > F        =    0.0000
    Residual |  30920.0142   119,992  .257683964   R-squared       =    0.5761
-------------+----------------------------------   Adj R-squared   =    0.5761
       Total |  72945.3114   119,999  .607882661   Root MSE        =    .50763

------------------------------------------------------------------------------
      ss_4_g |      Coef.   Std. Err.      t    P>|t|     [95% Conf. Interval]
-------------+----------------------------------------------------------------
     2.col_k |  -.0586303   .0050044   -11.72   0.000    -.0684388   -.0488217
             |
      abi_ki |
          2  |   .3480635   .0037504    92.81   0.000     .3407129    .3554142
          3  |   1.358361   .0046094   294.69   0.000     1.349327    1.367396
             |
       hkcat |
          2  |    .068388   .0037818    18.08   0.000     .0609758    .0758003
          3  |   .3609997   .0041989    85.98   0.000     .3527699    .3692294
             |
       skcat |
          2  |   .1565497   .0040308    38.84   0.000     .1486494    .1644501
          3  |   .4950692   .0057054    86.77   0.000     .4838866    .5062517
             |
       _cons |  -.0268672   .0039627    -6.78   0.000     -.034634   -.0191004
------------------------------------------------------------------------------
      name:  <unnamed>
       log:  /home/sylee/now/ananth/natnurt/stata_final_real/logfiles/hs4_var.log
  log type:  text
 closed on:  20 Nov 2016, 16:24:49
---------------------------------------------------------------------------------
---------------------------------------------------------------------------------
      name:  <unnamed>
       log:  /home/sylee/now/ananth/natnurt/stata_final_real/logfiles/hs4_var.log
  log type:  text
 opened on:  20 Nov 2016, 16:24:49

      Source |       SS           df       MS      Number of obs   =   120,000
-------------+----------------------------------   F(7, 119992)    =   4287.20
       Model |  14593.8829         7  2084.84041   Prob > F        =    0.0000
    Residual |  58351.4285   119,992  .486294324   R-squared       =    0.2001
-------------+----------------------------------   Adj R-squared   =    0.2000
       Total |  72945.3114   119,999  .607882661   Root MSE        =    .69735

------------------------------------------------------------------------------
      ss_4_g |      Coef.   Std. Err.      t    P>|t|     [95% Conf. Interval]
-------------+----------------------------------------------------------------
     2.col_p |  -.0348488   .0068575    -5.08   0.000    -.0482894   -.0214082
             |
      abi_pi |
          2  |   .1526606   .0051443    29.68   0.000     .1425779    .1627434
          3  |   .6357367   .0063404   100.27   0.000     .6233097    .6481637
             |
       hpcat |
          2  |   .1529572   .0051923    29.46   0.000     .1427804     .163134
          3  |   .3926065   .0057622    68.14   0.000     .3813128    .4039002
             |
       spcat |
          2  |   .1050175   .0055208    19.02   0.000     .0941968    .1158383
          3  |   .3229708   .0078261    41.27   0.000     .3076318    .3383099
             |
       _cons |   .2759693   .0054405    50.72   0.000     .2653059    .2866327
------------------------------------------------------------------------------
      name:  <unnamed>
       log:  /home/sylee/now/ananth/natnurt/stata_final_real/logfiles/hs4_var.log
  log type:  text
 closed on:  20 Nov 2016, 16:24:49
---------------------------------------------------------------------------------
