---------------------------------------------------------------------------------
      name:  <unnamed>
       log:  /home/sylee/now/ananth/natnurt/stata_final_real/logfiles/lfgearn_reg
> .log
  log type:  text
 opened on:  20 Nov 2016, 16:24:49

      Source |       SS           df       MS      Number of obs   =   120,000
-------------+----------------------------------   F(5, 119994)    >  99999.00
       Model |  60675.0086         5  12135.0017   Prob > F        =    0.0000
    Residual |  6140.51398   119,994  .051173509   R-squared       =    0.9081
-------------+----------------------------------   Adj R-squared   =    0.9081
       Total |  66815.5226   119,999  .556800662   Root MSE        =    .22622

------------------------------------------------------------------------------
     lfgearn |      Coef.   Std. Err.      t    P>|t|     [95% Conf. Interval]
-------------+----------------------------------------------------------------
     2.col_g |  -.2939165   .0022488  -130.70   0.000    -.2983241   -.2895089
             |
      abi_gi |
          2  |   .5003098   .0016837   297.15   0.000     .4970098    .5036098
          3  |   1.066627   .0020647   516.59   0.000      1.06258    1.070673
             |
    hh_4_g_r |   .0179534   .0000269   666.38   0.000     .0179006    .0180062
    ss_4_g_r |   .0003998   .0000365    10.95   0.000     .0003282    .0004714
       _cons |  -.9301729   .0021414  -434.38   0.000      -.93437   -.9259759
------------------------------------------------------------------------------

      Source |       SS           df       MS      Number of obs   =   120,000
-------------+----------------------------------   F(7, 119992)    =  70431.96
       Model |  53737.0188         7  7676.71697   Prob > F        =    0.0000
    Residual |  13078.5038   119,992  .108994798   R-squared       =    0.8043
-------------+----------------------------------   Adj R-squared   =    0.8042
       Total |  66815.5226   119,999  .556800662   Root MSE        =    .33014

------------------------------------------------------------------------------
     lfgearn |      Coef.   Std. Err.      t    P>|t|     [95% Conf. Interval]
-------------+----------------------------------------------------------------
     2.col_k |   .1302768   .0031574    41.26   0.000     .1240883    .1364653
             |
      abi_ki |
          2  |  -.3425025   .0026994  -126.88   0.000    -.3477933   -.3372117
          3  |  -.7733999   .0036226  -213.50   0.000    -.7805001   -.7662998
             |
    hh_5_k_r |   .0120995   .0000453   266.89   0.000     .0120106    .0121883
    ss_5_k_r |   .0031294    .000052    60.14   0.000     .0030274    .0032314
             |
      abi_gi |
          2  |   .8064778   .0023518   342.92   0.000     .8018683    .8110873
          3  |   1.627046   .0027544   590.70   0.000     1.621647    1.632444
             |
       _cons |  -.9081595   .0036887  -246.20   0.000    -.9153892   -.9009297
------------------------------------------------------------------------------

      Source |       SS           df       MS      Number of obs   =   120,000
-------------+----------------------------------   F(7, 119992)    =  93031.28
       Model |  56419.7575         7  8059.96536   Prob > F        =    0.0000
    Residual |  10395.7651   119,992  .086637151   R-squared       =    0.8444
-------------+----------------------------------   Adj R-squared   =    0.8444
       Total |  66815.5226   119,999  .556800662   Root MSE        =    .29434

------------------------------------------------------------------------------
     lfgearn |      Coef.   Std. Err.      t    P>|t|     [95% Conf. Interval]
-------------+----------------------------------------------------------------
     2.col_g |  -.1984047   .0028944   -68.55   0.000    -.2040776   -.1927318
             |
      abi_gi |
          2  |   .5722632   .0021691   263.82   0.000     .5680118    .5765147
          3  |   1.154188   .0026624   433.51   0.000      1.14897    1.159407
             |
       hgcat |
          2  |    .532222   .0021933   242.66   0.000     .5279233    .5365208
          3  |   1.106128   .0024355   454.16   0.000     1.101354    1.110902
             |
       sgcat |
          2  |   .0548638   .0023376    23.47   0.000     .0502821    .0594454
          3  |  -.0068629   .0033052    -2.08   0.038    -.0133411   -.0003846
             |
       _cons |  -.6786844   .0022893  -296.46   0.000    -.6831713   -.6741974
------------------------------------------------------------------------------

      Source |       SS           df       MS      Number of obs   =   120,000
-------------+----------------------------------   F(9, 119990)    =  45144.23
       Model |  51582.0494         9  5731.33882   Prob > F        =    0.0000
    Residual |  15233.4732   119,990   .12695619   R-squared       =    0.7720
-------------+----------------------------------   Adj R-squared   =    0.7720
       Total |  66815.5226   119,999  .556800662   Root MSE        =    .35631

------------------------------------------------------------------------------
     lfgearn |      Coef.   Std. Err.      t    P>|t|     [95% Conf. Interval]
-------------+----------------------------------------------------------------
     2.col_k |   .2362299   .0032706    72.23   0.000     .2298196    .2426401
             |
      abi_ki |
          2  |  -.2634895   .0028863   -91.29   0.000    -.2691467   -.2578323
          3  |  -.6638708   .0037507  -177.00   0.000    -.6712221   -.6565195
             |
      h5kcat |
          2  |   .3561439   .0027456   129.71   0.000     .3507625    .3615253
          3  |   .6707934   .0031978   209.76   0.000     .6645257    .6770612
             |
      s5kcat |
          2  |    .018541   .0028398     6.53   0.000     .0129751    .0241069
          3  |   .1669609    .003834    43.55   0.000     .1594462    .1744756
             |
      abi_gi |
          2  |   .8057603   .0025382   317.45   0.000     .8007855    .8107352
          3  |   1.626448   .0029727   547.12   0.000     1.620622    1.632275
             |
       _cons |  -.6684415   .0033828  -197.60   0.000    -.6750717   -.6618112
------------------------------------------------------------------------------
      name:  <unnamed>
       log:  /home/sylee/now/ananth/natnurt/stata_final_real/logfiles/lfgearn_reg
> .log
  log type:  text
 closed on:  20 Nov 2016, 16:24:50
---------------------------------------------------------------------------------
