---------------------------------------------------------------------------------
      name:  <unnamed>
       log:  /home/sylee/now/ananth/natnurt/stata_final_real/logfiles/lfgearn_r_r
> eg.log
  log type:  text
 opened on:  20 Nov 2016, 16:24:51

      Source |       SS           df       MS      Number of obs   =   120,000
-------------+----------------------------------   F(5, 119994)    >  99999.00
       Model |  91015293.5         5  18203058.7   Prob > F        =    0.0000
    Residual |  8984706.53   119,994  74.8762982   R-squared       =    0.9102
-------------+----------------------------------   Adj R-squared   =    0.9101
       Total |   100000000   119,999  833.340278   Root MSE        =    8.6531

------------------------------------------------------------------------------
   lfgearn_r |      Coef.   Std. Err.      t    P>|t|     [95% Conf. Interval]
-------------+----------------------------------------------------------------
     2.col_g |  -9.300088     .08602  -108.12   0.000    -9.468686    -9.13149
             |
      abi_gi |
          2  |   15.89584   .0644032   246.82   0.000     15.76961    16.02207
          3  |   40.25558   .0789791   509.70   0.000     40.10078    40.41037
             |
    hh_4_g_r |   .6958346   .0010306   675.20   0.000     .6938147    .6978544
    ss_4_g_r |  -.0013804   .0013968    -0.99   0.323     -.004118    .0013572
       _cons |   1.772676   .0819109    21.64   0.000     1.612132     1.93322
------------------------------------------------------------------------------

      Source |       SS           df       MS      Number of obs   =   120,000
-------------+----------------------------------   F(7, 119992)    =  72964.30
       Model |  80976058.7         7  11568008.4   Prob > F        =    0.0000
    Residual |  19023941.3   119,992  158.543413   R-squared       =    0.8098
-------------+----------------------------------   Adj R-squared   =    0.8097
       Total |   100000000   119,999  833.340278   Root MSE        =    12.591

------------------------------------------------------------------------------
   lfgearn_r |      Coef.   Std. Err.      t    P>|t|     [95% Conf. Interval]
-------------+----------------------------------------------------------------
     2.col_k |   5.373205   .1204215    44.62   0.000     5.137181    5.609229
             |
      abi_ki |
          2  |  -13.34745   .1029537  -129.65   0.000    -13.54924   -13.14566
          3  |  -29.31258   .1381612  -212.16   0.000    -29.58338   -29.04179
             |
    hh_5_k_r |   .4838753   .0017291   279.85   0.000     .4804864    .4872643
    ss_5_k_r |    .118245   .0019845    59.59   0.000     .1143555    .1221345
             |
      abi_gi |
          2  |   27.93051   .0896959   311.39   0.000      27.7547    28.10631
          3  |   62.22143   .1050512   592.30   0.000     62.01553    62.42733
             |
       _cons |   1.772208   .1406829    12.60   0.000     1.496472    2.047945
------------------------------------------------------------------------------

      Source |       SS           df       MS      Number of obs   =   120,000
-------------+----------------------------------   F(7, 119992)    >  99999.00
       Model |  85625267.6         7  12232181.1   Prob > F        =    0.0000
    Residual |  14374732.4   119,992  119.797423   R-squared       =    0.8563
-------------+----------------------------------   Adj R-squared   =    0.8562
       Total |   100000000   119,999  833.340278   Root MSE        =    10.945

------------------------------------------------------------------------------
   lfgearn_r |      Coef.   Std. Err.      t    P>|t|     [95% Conf. Interval]
-------------+----------------------------------------------------------------
     2.col_g |  -6.376702   .1076279   -59.25   0.000    -6.587651   -6.165753
             |
      abi_gi |
          2  |   18.61846   .0806598   230.83   0.000     18.46037    18.77655
          3  |   43.59218   .0990036   440.31   0.000     43.39814    43.78623
             |
       hgcat |
          2  |   20.34709   .0815571   249.48   0.000     20.18724    20.50694
          3  |   43.75155   .0905662   483.09   0.000     43.57404    43.92906
             |
       sgcat |
          2  |   1.352428   .0869249    15.56   0.000     1.182056    1.522799
          3  |  -.8043706   .1229067    -6.54   0.000    -1.045266   -.5634756
             |
       _cons |   11.33856   .0851272   133.20   0.000     11.17171    11.50541
------------------------------------------------------------------------------

      Source |       SS           df       MS      Number of obs   =   120,000
-------------+----------------------------------   F(9, 119990)    =  46823.86
       Model |  77837282.5         9  8648586.95   Prob > F        =    0.0000
    Residual |  22162717.4   119,990  184.704704   R-squared       =    0.7784
-------------+----------------------------------   Adj R-squared   =    0.7784
       Total |   100000000   119,999  833.340278   Root MSE        =    13.591

------------------------------------------------------------------------------
   lfgearn_r |      Coef.   Std. Err.      t    P>|t|     [95% Conf. Interval]
-------------+----------------------------------------------------------------
     2.col_k |   9.485456   .1247482    76.04   0.000     9.240951     9.72996
             |
      abi_ki |
          2  |  -10.36896   .1100929   -94.18   0.000    -10.58474   -10.15318
          3  |  -25.21269   .1430623  -176.24   0.000    -25.49309   -24.93229
             |
      h5kcat |
          2  |   14.94808   .1047263   142.73   0.000     14.74281    15.15334
          3  |   27.23164   .1219746   223.26   0.000     26.99257    27.47071
             |
      s5kcat |
          2  |   .2399397   .1083168     2.22   0.027     .0276406    .4522389
          3  |   6.239824    .146241    42.67   0.000     5.953194    6.526454
             |
      abi_gi |
          2  |   27.89901   .0968148   288.17   0.000     27.70925    28.08876
          3  |   62.19545   .1133884   548.52   0.000     61.97321    62.41769
             |
       _cons |   11.17922   .1290288    86.64   0.000     10.92633    11.43211
------------------------------------------------------------------------------
      name:  <unnamed>
       log:  /home/sylee/now/ananth/natnurt/stata_final_real/logfiles/lfgearn_r_r
> eg.log
  log type:  text
 closed on:  20 Nov 2016, 16:24:52
---------------------------------------------------------------------------------
