---------------------------------------------------------------------------------
      name:  <unnamed>
       log:  /home/sylee/now/ananth/natnurt/stata_final_real/logfiles/lfgwlth_reg
> .log
  log type:  text
 opened on:  20 Nov 2016, 16:24:50

      Source |       SS           df       MS      Number of obs   =   120,000
-------------+----------------------------------   F(5, 119994)    >  99999.00
       Model |  36325.7109         5  7265.14217   Prob > F        =    0.0000
    Residual |  4686.78544   119,994  .039058498   R-squared       =    0.8857
-------------+----------------------------------   Adj R-squared   =    0.8857
       Total |  41012.4963   119,999  .341773651   Root MSE        =    .19763

------------------------------------------------------------------------------
     lfgwlth |      Coef.   Std. Err.      t    P>|t|     [95% Conf. Interval]
-------------+----------------------------------------------------------------
     2.col_g |   -.117803   .0019646   -59.96   0.000    -.1216537   -.1139524
             |
      abi_gi |
          2  |   .2195893   .0014709   149.29   0.000     .2167063    .2224723
          3  |   .6472367   .0018038   358.81   0.000     .6437012    .6507722
             |
    hh_4_g_r |    .011956   .0000235   507.96   0.000     .0119098    .0120021
    ss_4_g_r |   .0104392   .0000319   327.24   0.000     .0103767    .0105017
       _cons |  -.5111189   .0018708  -273.21   0.000    -.5147856   -.5074521
------------------------------------------------------------------------------

      Source |       SS           df       MS      Number of obs   =   120,000
-------------+----------------------------------   F(7, 119992)    =  97817.48
       Model |  34897.0697         7  4985.29566   Prob > F        =    0.0000
    Residual |  6115.42665   119,992  .050965286   R-squared       =    0.8509
-------------+----------------------------------   Adj R-squared   =    0.8509
       Total |  41012.4963   119,999  .341773651   Root MSE        =    .22575

------------------------------------------------------------------------------
     lfgwlth |      Coef.   Std. Err.      t    P>|t|     [95% Conf. Interval]
-------------+----------------------------------------------------------------
     2.col_k |  -.0019596   .0021591    -0.91   0.364    -.0061914    .0022721
             |
      abi_ki |
          2  |   .0161981   .0018459     8.78   0.000     .0125802     .019816
          3  |   .1615448   .0024771    65.21   0.000     .1566897       .1664
             |
    hh_5_k_r |    .012237    .000031   394.73   0.000     .0121762    .0122977
    ss_5_k_r |    .006802   .0000356   191.18   0.000     .0067323    .0068718
             |
      abi_gi |
          2  |   .2962016   .0016082   184.18   0.000     .2930496    .2993536
          3  |   .7900785   .0018835   419.47   0.000     .7863868    .7937701
             |
       _cons |  -.5219274   .0025223  -206.92   0.000    -.5268712   -.5169837
------------------------------------------------------------------------------

      Source |       SS           df       MS      Number of obs   =   120,000
-------------+----------------------------------   F(7, 119992)    =  66775.38
       Model |  32634.8887         7  4662.12695   Prob > F        =    0.0000
    Residual |  8377.60764   119,992  .069818051   R-squared       =    0.7957
-------------+----------------------------------   Adj R-squared   =    0.7957
       Total |  41012.4963   119,999  .341773651   Root MSE        =    .26423

------------------------------------------------------------------------------
     lfgwlth |      Coef.   Std. Err.      t    P>|t|     [95% Conf. Interval]
-------------+----------------------------------------------------------------
     2.col_g |   .0555565   .0025983    21.38   0.000     .0504639     .060649
             |
      abi_gi |
          2  |   .2370835   .0019472   121.75   0.000     .2332669       .2409
          3  |   .6521551   .0023901   272.86   0.000     .6474706    .6568396
             |
       hgcat |
          2  |   .3631465   .0019689   184.44   0.000     .3592875    .3670055
          3  |   .7241913   .0021864   331.23   0.000      .719906    .7284766
             |
       sgcat |
          2  |    .212887   .0020985   101.45   0.000      .208774        .217
          3  |   .5512185   .0029671   185.78   0.000      .545403     .557034
             |
       _cons |  -.1025462   .0020551   -49.90   0.000    -.1065742   -.0985183
------------------------------------------------------------------------------

      Source |       SS           df       MS      Number of obs   =   120,000
-------------+----------------------------------   F(9, 119990)    =  51169.16
       Model |  32535.3494         9  3615.03882   Prob > F        =    0.0000
    Residual |  8477.14689   119,990  .070648778   R-squared       =    0.7933
-------------+----------------------------------   Adj R-squared   =    0.7933
       Total |  41012.4963   119,999  .341773651   Root MSE        =     .2658

------------------------------------------------------------------------------
     lfgwlth |      Coef.   Std. Err.      t    P>|t|     [95% Conf. Interval]
-------------+----------------------------------------------------------------
     2.col_k |   .1424351   .0024398    58.38   0.000     .1376532     .147217
             |
      abi_ki |
          2  |   .0782946   .0021531    36.36   0.000     .0740744    .0825147
          3  |   .2308123   .0027979    82.49   0.000     .2253284    .2362962
             |
      h5kcat |
          2  |   .3638352   .0020482   177.64   0.000     .3598208    .3678497
          3  |   .6807211   .0023855   285.36   0.000     .6760455    .6853966
             |
      s5kcat |
          2  |   .0960667   .0021184    45.35   0.000     .0919147    .1002187
          3  |   .3635812   .0028601   127.12   0.000     .3579755     .369187
             |
      abi_gi |
          2  |   .2955411   .0018935   156.09   0.000       .29183    .2992523
          3  |   .7898583   .0022176   356.18   0.000     .7855119    .7942048
             |
       _cons |  -.1891609   .0025235   -74.96   0.000    -.1941069   -.1842149
------------------------------------------------------------------------------
      name:  <unnamed>
       log:  /home/sylee/now/ananth/natnurt/stata_final_real/logfiles/lfgwlth_reg
> .log
  log type:  text
 closed on:  20 Nov 2016, 16:24:51
---------------------------------------------------------------------------------
