---------------------------------------------------------------------------------
      name:  <unnamed>
       log:  /home/sylee/now/ananth/natnurt/stata_final_real/logfiles/lfgwlth_r_r
> eg.log
  log type:  text
 opened on:  20 Nov 2016, 16:24:52

      Source |       SS           df       MS      Number of obs   =   120,000
-------------+----------------------------------   F(5, 119994)    >  99999.00
       Model |  86055647.2         5  17211129.4   Prob > F        =    0.0000
    Residual |  13944352.8   119,994  116.208751   R-squared       =    0.8606
-------------+----------------------------------   Adj R-squared   =    0.8606
       Total |   100000000   119,999  833.340278   Root MSE        =     10.78

------------------------------------------------------------------------------
   lfgwlth_r |      Coef.   Std. Err.      t    P>|t|     [95% Conf. Interval]
-------------+----------------------------------------------------------------
     2.col_g |   .1032287   .1071634     0.96   0.335    -.1068099    .3132673
             |
      abi_gi |
          2  |   9.244468   .0802333   115.22   0.000     9.087212    9.401724
          3  |   31.83336   .0983919   323.54   0.000     31.64052    32.02621
             |
    hh_4_g_r |   .5546426   .0012839   432.01   0.000     .5521262    .5571589
    ss_4_g_r |   .4170123   .0017401   239.65   0.000     .4136018    .4204228
       _cons |  -11.23505   .1020443  -110.10   0.000    -11.43505   -11.03504
------------------------------------------------------------------------------

      Source |       SS           df       MS      Number of obs   =   120,000
-------------+----------------------------------   F(7, 119992)    =  91435.57
       Model |  84212430.7         7  12030347.2   Prob > F        =    0.0000
    Residual |  15787569.3   119,992  131.571849   R-squared       =    0.8421
-------------+----------------------------------   Adj R-squared   =    0.8421
       Total |   100000000   119,999  833.340278   Root MSE        =     11.47

------------------------------------------------------------------------------
   lfgwlth_r |      Coef.   Std. Err.      t    P>|t|     [95% Conf. Interval]
-------------+----------------------------------------------------------------
     2.col_k |   2.442452   .1097012    22.26   0.000     2.227439    2.657464
             |
      abi_ki |
          2  |  -1.848885   .0937885   -19.71   0.000    -2.032709   -1.665061
          3  |   6.129448   .1258616    48.70   0.000     5.882761    6.376135
             |
    hh_5_k_r |   .5866688   .0015751   372.45   0.000     .5835815     .589756
    ss_5_k_r |    .278832   .0018078   154.24   0.000     .2752888    .2823753
             |
      abi_gi |
          2  |   13.75858   .0817109   168.38   0.000     13.59843    13.91874
          3  |   39.98266   .0956992   417.79   0.000     39.79509    40.17023
             |
       _cons |  -11.95478   .1281589   -93.28   0.000    -12.20597   -11.70359
------------------------------------------------------------------------------

      Source |       SS           df       MS      Number of obs   =   120,000
-------------+----------------------------------   F(7, 119992)    =  72878.14
       Model |  80957851.1         7  11565407.3   Prob > F        =    0.0000
    Residual |  19042148.9   119,992  158.695153   R-squared       =    0.8096
-------------+----------------------------------   Adj R-squared   =    0.8096
       Total |   100000000   119,999  833.340278   Root MSE        =    12.597

------------------------------------------------------------------------------
   lfgwlth_r |      Coef.   Std. Err.      t    P>|t|     [95% Conf. Interval]
-------------+----------------------------------------------------------------
     2.col_g |   5.853475   .1238748    47.25   0.000     5.610683    6.096268
             |
      abi_gi |
          2  |   9.985477   .0928358   107.56   0.000      9.80352    10.16743
          3  |    32.1386   .1139487   282.04   0.000     31.91527    32.36194
             |
       hgcat |
          2  |   16.07154   .0938685   171.21   0.000     15.88756    16.25553
          3  |   35.50769   .1042376   340.64   0.000     35.30338    35.71199
             |
       sgcat |
          2  |   6.475174   .1000466    64.72   0.000     6.279085    6.671264
          3  |   22.98236     .14146   162.47   0.000      22.7051    23.25962
             |
       _cons |     7.1009   .0979775    72.47   0.000     6.908866    7.292935
------------------------------------------------------------------------------

      Source |       SS           df       MS      Number of obs   =   120,000
-------------+----------------------------------   F(9, 119990)    =  53001.30
       Model |  79901229.6         9   8877914.4   Prob > F        =    0.0000
    Residual |  20098770.4   119,990  167.503712   R-squared       =    0.7990
-------------+----------------------------------   Adj R-squared   =    0.7990
       Total |   100000000   119,999  833.340278   Root MSE        =    12.942

------------------------------------------------------------------------------
   lfgwlth_r |      Coef.   Std. Err.      t    P>|t|     [95% Conf. Interval]
-------------+----------------------------------------------------------------
     2.col_k |    8.28405   .1187976    69.73   0.000     8.051209    8.516891
             |
      abi_ki |
          2  |   1.110129   .1048414    10.59   0.000     .9046419    1.315617
          3  |   9.517095    .136238    69.86   0.000     9.250071     9.78412
             |
      h5kcat |
          2  |   16.41191   .0997307   164.56   0.000     16.21644    16.60738
          3  |   33.82611   .1161562   291.21   0.000     33.59844    34.05377
             |
      s5kcat |
          2  |   2.902642   .1031499    28.14   0.000      2.70047    3.104814
          3  |   14.99052   .1392651   107.64   0.000     14.71757    15.26348
             |
      abi_gi |
          2  |   13.73359   .0921966   148.96   0.000     13.55288    13.91429
          3  |   39.97994   .1079797   370.25   0.000     39.76831    40.19158
             |
       _cons |   3.472926    .122874    28.26   0.000     3.232095    3.713756
------------------------------------------------------------------------------
      name:  <unnamed>
       log:  /home/sylee/now/ananth/natnurt/stata_final_real/logfiles/lfgwlth_r_r
> eg.log
  log type:  text
 closed on:  20 Nov 2016, 16:24:53
---------------------------------------------------------------------------------
