---------------------------------------------------------------------------------
      name:  <unnamed>
       log:  /home/sylee/now/ananth/natnurt/stata_final_real/logfiles/lifetime_va
> r.log
  log type:  text
 opened on:  20 Nov 2016, 16:24:44

. log close
      name:  <unnamed>
       log:  /home/sylee/now/ananth/natnurt/stata_final_real/logfiles/lifetime_va
> r.log
  log type:  text
 closed on:  20 Nov 2016, 16:24:44
---------------------------------------------------------------------------------
---------------------------------------------------------------------------------
      name:  <unnamed>
       log:  /home/sylee/now/ananth/natnurt/stata_final_real/logfiles/lifetime_va
> r.log
  log type:  text
 opened on:  20 Nov 2016, 16:24:44

      Source |       SS           df       MS      Number of obs   =   120,000
-------------+----------------------------------   F(0, 119999)    =      0.00
       Model |           0         0           .   Prob > F        =         .
    Residual |  32352.8585   119,999  .269609401   R-squared       =    0.0000
-------------+----------------------------------   Adj R-squared   =    0.0000
       Total |  32352.8585   119,999  .269609401   Root MSE        =    .51924

------------------------------------------------------------------------------
     lfgavge |      Coef.   Std. Err.      t    P>|t|     [95% Conf. Interval]
-------------+----------------------------------------------------------------
       _cons |   .6884182   .0014989   459.28   0.000     .6854804    .6913561
------------------------------------------------------------------------------

      Source |       SS           df       MS      Number of obs   =   120,000
-------------+----------------------------------   F(0, 119999)    =      0.00
       Model |           0         0           .   Prob > F        =         .
    Residual |   218406.89   119,999  1.82007258   R-squared       =    0.0000
-------------+----------------------------------   Adj R-squared   =    0.0000
       Total |   218406.89   119,999  1.82007258   Root MSE        =    1.3491

------------------------------------------------------------------------------
     lfgearn |      Coef.   Std. Err.      t    P>|t|     [95% Conf. Interval]
-------------+----------------------------------------------------------------
       _cons |   1.858472   .0038945   477.20   0.000     1.850839    1.866105
------------------------------------------------------------------------------

      Source |       SS           df       MS      Number of obs   =   120,000
-------------+----------------------------------   F(0, 119999)    =      0.00
       Model |           0         0           .   Prob > F        =         .
    Residual |  286941.258   119,999  2.39119708   R-squared       =    0.0000
-------------+----------------------------------   Adj R-squared   =    0.0000
       Total |  286941.258   119,999  2.39119708   Root MSE        =    1.5463

------------------------------------------------------------------------------
     lfgwlth |      Coef.   Std. Err.      t    P>|t|     [95% Conf. Interval]
-------------+----------------------------------------------------------------
       _cons |   2.676802   .0044639   599.65   0.000     2.668053    2.685552
------------------------------------------------------------------------------
      name:  <unnamed>
       log:  /home/sylee/now/ananth/natnurt/stata_final_real/logfiles/lifetime_va
> r.log
  log type:  text
 closed on:  20 Nov 2016, 16:24:44
---------------------------------------------------------------------------------
---------------------------------------------------------------------------------
      name:  <unnamed>
       log:  /home/sylee/now/ananth/natnurt/stata_final_real/logfiles/lifetime_va
> r.log
  log type:  text
 opened on:  20 Nov 2016, 16:24:44

      Source |       SS           df       MS      Number of obs   =   120,000
-------------+----------------------------------   F(7, 119992)    =  55524.30
       Model |  24720.9078         7  3531.55825   Prob > F        =    0.0000
    Residual |  7631.95069   119,992  .063603829   R-squared       =    0.7641
-------------+----------------------------------   Adj R-squared   =    0.7641
       Total |  32352.8585   119,999  .269609401   Root MSE        =     .2522

------------------------------------------------------------------------------
     lfgavge |      Coef.   Std. Err.      t    P>|t|     [95% Conf. Interval]
-------------+----------------------------------------------------------------
     2.col_g |  -.0468455   .0024799   -18.89   0.000    -.0517062   -.0419848
             |
      abi_gi |
          2  |   .2373325   .0018586   127.70   0.000     .2336898    .2409752
          3  |   .8624961   .0022812   378.08   0.000      .858025    .8669673
             |
       hgcat |
          2  |   .1389634   .0018792    73.95   0.000     .1352802    .1426467
          3  |   .5735921   .0020868   274.86   0.000      .569502    .5776823
             |
       sgcat |
          2  |   .0660514   .0020029    32.98   0.000     .0621257     .069977
          3  |    .132736    .002832    46.87   0.000     .1271853    .1382867
             |
       _cons |   .0724352   .0019615    36.93   0.000     .0685907    .0762797
------------------------------------------------------------------------------

      Source |       SS           df       MS      Number of obs   =   120,000
-------------+----------------------------------   F(7, 119992)    =  49964.28
       Model |   162616.52         7  23230.9314   Prob > F        =    0.0000
    Residual |  55790.3699   119,992  .464950746   R-squared       =    0.7446
-------------+----------------------------------   Adj R-squared   =    0.7445
       Total |   218406.89   119,999  1.82007258   Root MSE        =    .68187

------------------------------------------------------------------------------
     lfgearn |      Coef.   Std. Err.      t    P>|t|     [95% Conf. Interval]
-------------+----------------------------------------------------------------
     2.col_g |  -.1703642   .0067051   -25.41   0.000    -.1835061   -.1572223
             |
      abi_gi |
          2  |   .4686382    .005025    93.26   0.000     .4587892    .4784871
          3  |   1.950158   .0061678   316.18   0.000     1.938069    1.962247
             |
       hgcat |
          2  |   .4433574   .0050809    87.26   0.000     .4333989    .4533159
          3  |    1.74101   .0056422   308.57   0.000     1.729952    1.752069
             |
       sgcat |
          2  |   .0500731   .0054153     9.25   0.000     .0394592     .060687
          3  |   .0499511   .0076569     6.52   0.000     .0349437    .0649586
             |
       _cons |   .4560439   .0053033    85.99   0.000     .4456495    .4664383
------------------------------------------------------------------------------

      Source |       SS           df       MS      Number of obs   =   120,000
-------------+----------------------------------   F(7, 119992)    =  45370.43
       Model |  208257.903         7   29751.129   Prob > F        =    0.0000
    Residual |  78683.3555   119,992  .655738345   R-squared       =    0.7258
-------------+----------------------------------   Adj R-squared   =    0.7258
       Total |  286941.258   119,999  2.39119708   Root MSE        =    .80978

------------------------------------------------------------------------------
     lfgwlth |      Coef.   Std. Err.      t    P>|t|     [95% Conf. Interval]
-------------+----------------------------------------------------------------
     2.col_g |   .0593933   .0079628     7.46   0.000     .0437863    .0750003
             |
      abi_gi |
          2  |   .3961037   .0059676    66.38   0.000     .3844073    .4078001
          3  |   1.764878   .0073247   240.95   0.000     1.750521    1.779234
             |
       hgcat |
          2  |   .4466965    .006034    74.03   0.000       .43487     .458523
          3  |   1.749302   .0067005   261.07   0.000     1.736169    1.762435
             |
       sgcat |
          2  |    .383866   .0064311    59.69   0.000     .3712611    .3964708
          3  |   1.374564   .0090932   151.16   0.000     1.356741    1.392386
             |
       _cons |   .6887976   .0062981   109.37   0.000     .6764534    .7011418
------------------------------------------------------------------------------
      name:  <unnamed>
       log:  /home/sylee/now/ananth/natnurt/stata_final_real/logfiles/lifetime_va
> r.log
  log type:  text
 closed on:  20 Nov 2016, 16:24:44
---------------------------------------------------------------------------------
---------------------------------------------------------------------------------
      name:  <unnamed>
       log:  /home/sylee/now/ananth/natnurt/stata_final_real/logfiles/lifetime_va
> r.log
  log type:  text
 opened on:  20 Nov 2016, 16:24:44

      Source |       SS           df       MS      Number of obs   =   120,000
-------------+----------------------------------   F(6, 119993)    =  64527.54
       Model |  24698.2126         6  4116.36877   Prob > F        =    0.0000
    Residual |  7654.64585   119,993  .063792437   R-squared       =    0.7634
-------------+----------------------------------   Adj R-squared   =    0.7634
       Total |  32352.8585   119,999  .269609401   Root MSE        =    .25257

------------------------------------------------------------------------------
     lfgavge |      Coef.   Std. Err.      t    P>|t|     [95% Conf. Interval]
-------------+----------------------------------------------------------------
      abi_gi |
          2  |    .232501   .0018436   126.11   0.000     .2288876    .2361144
          3  |     .85413   .0022411   381.11   0.000     .8497374    .8585225
             |
       hgcat |
          2  |    .137396   .0018802    73.08   0.000     .1337109    .1410812
          3  |   .5593503   .0019487   287.03   0.000     .5555308    .5631698
             |
       sgcat |
          2  |   .0498865   .0018136    27.51   0.000     .0463319    .0534411
          3  |   .0917291   .0018214    50.36   0.000     .0881593     .095299
             |
       _cons |   .0785256   .0019377    40.53   0.000     .0747277    .0823234
------------------------------------------------------------------------------

      Source |       SS           df       MS      Number of obs   =   120,000
-------------+----------------------------------   F(6, 119993)    =  57873.19
       Model |  162316.359         6  27052.7265   Prob > F        =    0.0000
    Residual |  56090.5308   119,993  .467448358   R-squared       =    0.7432
-------------+----------------------------------   Adj R-squared   =    0.7432
       Total |   218406.89   119,999  1.82007258   Root MSE        =     .6837

------------------------------------------------------------------------------
     lfgearn |      Coef.   Std. Err.      t    P>|t|     [95% Conf. Interval]
-------------+----------------------------------------------------------------
      abi_gi |
          2  |   .4510673   .0049906    90.38   0.000     .4412859    .4608487
          3  |   1.919732   .0060667   316.44   0.000     1.907842    1.931623
             |
       hgcat |
          2  |   .4376572   .0050896    85.99   0.000     .4276817    .4476326
          3  |   1.689216   .0052752   320.22   0.000     1.678877    1.699556
             |
       sgcat |
          2  |   -.008714   .0049093    -1.77   0.076    -.0183361    .0009082
          3  |  -.0991796   .0049304   -20.12   0.000    -.1088431   -.0895161
             |
       _cons |   .4781928   .0052452    91.17   0.000     .4679122    .4884733
------------------------------------------------------------------------------

      Source |       SS           df       MS      Number of obs   =   120,000
-------------+----------------------------------   F(6, 119993)    =  52898.81
       Model |  208221.421         6  34703.5702   Prob > F        =    0.0000
    Residual |   78719.837   119,993   .65603691   R-squared       =    0.7257
-------------+----------------------------------   Adj R-squared   =    0.7256
       Total |  286941.258   119,999  2.39119708   Root MSE        =    .80996

------------------------------------------------------------------------------
     lfgwlth |      Coef.   Std. Err.      t    P>|t|     [95% Conf. Interval]
-------------+----------------------------------------------------------------
      abi_gi |
          2  |   .4022294   .0059122    68.03   0.000     .3906417    .4138171
          3  |   1.775485    .007187   247.04   0.000     1.761399    1.789571
             |
       hgcat |
          2  |   .4486837   .0060295    74.42   0.000     .4368661    .4605013
          3  |   1.767359   .0062493   282.81   0.000      1.75511    1.779607
             |
       sgcat |
          2  |   .4043606   .0058159    69.53   0.000     .3929616    .4157597
          3  |   1.426554   .0058409   244.24   0.000     1.415106    1.438002
             |
       _cons |    .681076   .0062139   109.61   0.000     .6688969     .693255
------------------------------------------------------------------------------
      name:  <unnamed>
       log:  /home/sylee/now/ananth/natnurt/stata_final_real/logfiles/lifetime_va
> r.log
  log type:  text
 closed on:  20 Nov 2016, 16:24:45
---------------------------------------------------------------------------------
---------------------------------------------------------------------------------
      name:  <unnamed>
       log:  /home/sylee/now/ananth/natnurt/stata_final_real/logfiles/lifetime_va
> r.log
  log type:  text
 opened on:  20 Nov 2016, 16:24:45

      Source |       SS           df       MS      Number of obs   =   120,000
-------------+----------------------------------   F(5, 119994)    =  19405.33
       Model |  14464.4743         5  2892.89485   Prob > F        =    0.0000
    Residual |  17888.3842   119,994  .149077322   R-squared       =    0.4471
-------------+----------------------------------   Adj R-squared   =    0.4471
       Total |  32352.8585   119,999  .269609401   Root MSE        =    .38611

------------------------------------------------------------------------------
     lfgavge |      Coef.   Std. Err.      t    P>|t|     [95% Conf. Interval]
-------------+----------------------------------------------------------------
     2.col_g |   .1277308   .0037235    34.30   0.000     .1204328    .1350289
             |
       hgcat |
          2  |   .3436418   .0027639   124.33   0.000     .3382246     .349059
          3  |   .7949031   .0030677   259.12   0.000     .7888904    .8009159
             |
       sgcat |
          2  |  -.0671786   .0030046   -22.36   0.000    -.0730676   -.0612895
          3  |  -.1065309    .004207   -25.32   0.000    -.1147764   -.0982853
             |
       _cons |    .304808   .0023777   128.19   0.000     .3001477    .3094683
------------------------------------------------------------------------------

      Source |       SS           df       MS      Number of obs   =   120,000
-------------+----------------------------------   F(5, 119994)    =  23575.25
       Model |   108231.22         5  21646.2439   Prob > F        =    0.0000
    Residual |   110175.67   119,994  .918176494   R-squared       =    0.4955
-------------+----------------------------------   Adj R-squared   =    0.4955
       Total |   218406.89   119,999  1.82007258   Root MSE        =    .95822

------------------------------------------------------------------------------
     lfgearn |      Coef.   Std. Err.      t    P>|t|     [95% Conf. Interval]
-------------+----------------------------------------------------------------
     2.col_g |   .2217954   .0092408    24.00   0.000     .2036836    .2399072
             |
       hgcat |
          2  |   .9092527   .0068593   132.56   0.000     .8958085    .9226968
          3  |   2.241753   .0076133   294.45   0.000     2.226831    2.256675
             |
       sgcat |
          2  |  -.2465853   .0074568   -33.07   0.000    -.2612004   -.2319702
          3  |  -.4855827   .0104406   -46.51   0.000    -.5060462   -.4651193
             |
       _cons |   .9445372   .0059009   160.07   0.000     .9329715    .9561028
------------------------------------------------------------------------------

      Source |       SS           df       MS      Number of obs   =   120,000
-------------+----------------------------------   F(5, 119994)    =  31523.12
       Model |  162913.739         5  32582.7478   Prob > F        =    0.0000
    Residual |   124027.52   119,994  1.03361434   R-squared       =    0.5678
-------------+----------------------------------   Adj R-squared   =    0.5677
       Total |  286941.258   119,999  2.39119708   Root MSE        =    1.0167

------------------------------------------------------------------------------
     lfgwlth |      Coef.   Std. Err.      t    P>|t|     [95% Conf. Interval]
-------------+----------------------------------------------------------------
     2.col_g |   .4132364   .0098045    42.15   0.000     .3940197    .4324531
             |
       hgcat |
          2  |   .8696072   .0072777   119.49   0.000      .855343    .8838715
          3  |   2.202613   .0080778   272.68   0.000      2.18678    2.218445
             |
       sgcat |
          2  |   .1172806   .0079116    14.82   0.000     .1017739    .1327873
          3  |   .8921606   .0110775    80.54   0.000     .8704488    .9138723
             |
       _cons |   1.115671   .0062609   178.20   0.000       1.1034    1.127942
------------------------------------------------------------------------------
      name:  <unnamed>
       log:  /home/sylee/now/ananth/natnurt/stata_final_real/logfiles/lifetime_va
> r.log
  log type:  text
 closed on:  20 Nov 2016, 16:24:45
---------------------------------------------------------------------------------
---------------------------------------------------------------------------------
      name:  <unnamed>
       log:  /home/sylee/now/ananth/natnurt/stata_final_real/logfiles/lifetime_va
> r.log
  log type:  text
 opened on:  20 Nov 2016, 16:24:45

      Source |       SS           df       MS      Number of obs   =   120,000
-------------+----------------------------------   F(5, 119994)    =  36116.85
       Model |  19437.2565         5   3887.4513   Prob > F        =    0.0000
    Residual |   12915.602   119,994  .107635398   R-squared       =    0.6008
-------------+----------------------------------   Adj R-squared   =    0.6008
       Total |  32352.8585   119,999  .269609401   Root MSE        =    .32808

------------------------------------------------------------------------------
     lfgavge |      Coef.   Std. Err.      t    P>|t|     [95% Conf. Interval]
-------------+----------------------------------------------------------------
     2.col_g |   .2374516   .0029536    80.39   0.000     .2316626    .2432407
             |
      abi_gi |
          2  |   .3143537    .002378   132.19   0.000     .3096929    .3190145
          3  |     1.0081    .002815   358.11   0.000     1.002582    1.013617
             |
       sgcat |
          2  |   .0121402   .0025706     4.72   0.000     .0071019    .0171786
          3  |  -.0449402   .0035736   -12.58   0.000    -.0519443   -.0379361
             |
       _cons |   .1743139    .002436    71.56   0.000     .1695394    .1790885
------------------------------------------------------------------------------

      Source |       SS           df       MS      Number of obs   =   120,000
-------------+----------------------------------   F(5, 119994)    =  26388.22
       Model |   114382.02         5  22876.4039   Prob > F        =    0.0000
    Residual |   104024.87   119,994  .866917265   R-squared       =    0.5237
-------------+----------------------------------   Adj R-squared   =    0.5237
       Total |   218406.89   119,999  1.82007258   Root MSE        =    .93108

------------------------------------------------------------------------------
     lfgearn |      Coef.   Std. Err.      t    P>|t|     [95% Conf. Interval]
-------------+----------------------------------------------------------------
     2.col_g |   .6865983   .0083824    81.91   0.000      .670169    .7030276
             |
      abi_gi |
          2  |    .703959   .0067487   104.31   0.000     .6907316    .7171863
          3  |   2.396724    .007989   300.00   0.000     2.381065    2.412382
             |
       sgcat |
          2  |  -.1093237   .0072954   -14.99   0.000    -.1236225   -.0950249
          3  |  -.4828517   .0101417   -47.61   0.000    -.5027293   -.4629741
             |
       _cons |   .7698496   .0069134   111.36   0.000     .7562994    .7833997
------------------------------------------------------------------------------

      Source |       SS           df       MS      Number of obs   =   120,000
-------------+----------------------------------   F(5, 119994)    =  30072.99
       Model |    159587.5         5  31917.4999   Prob > F        =    0.0000
    Residual |  127353.759   119,994  1.06133439   R-squared       =    0.5562
-------------+----------------------------------   Adj R-squared   =    0.5561
       Total |  286941.258   119,999  2.39119708   Root MSE        =    1.0302

------------------------------------------------------------------------------
     lfgwlth |      Coef.   Std. Err.      t    P>|t|     [95% Conf. Interval]
-------------+----------------------------------------------------------------
     2.col_g |   .9200981   .0092748    99.20   0.000     .9019196    .9382765
             |
      abi_gi |
          2  |    .632633   .0074672    84.72   0.000     .6179974    .6472686
          3  |   2.213833   .0088396   250.45   0.000     2.196508    2.231159
             |
       sgcat |
          2  |   .2239513   .0080721    27.74   0.000     .2081302    .2397724
          3  |   .8395928   .0112214    74.82   0.000     .8175989    .8615866
             |
       _cons |   1.004358   .0076494   131.30   0.000     .9893655    1.019351
------------------------------------------------------------------------------
      name:  <unnamed>
       log:  /home/sylee/now/ananth/natnurt/stata_final_real/logfiles/lifetime_va
> r.log
  log type:  text
 closed on:  20 Nov 2016, 16:24:46
---------------------------------------------------------------------------------
---------------------------------------------------------------------------------
      name:  <unnamed>
       log:  /home/sylee/now/ananth/natnurt/stata_final_real/logfiles/lifetime_va
> r.log
  log type:  text
 opened on:  20 Nov 2016, 16:24:46

      Source |       SS           df       MS      Number of obs   =   120,000
-------------+----------------------------------   F(5, 119994)    =  75888.78
       Model |  24579.8223         5  4915.96446   Prob > F        =    0.0000
    Residual |  7773.03615   119,994   .06477854   R-squared       =    0.7597
-------------+----------------------------------   Adj R-squared   =    0.7597
       Total |  32352.8585   119,999  .269609401   Root MSE        =    .25452

------------------------------------------------------------------------------
     lfgavge |      Coef.   Std. Err.      t    P>|t|     [95% Conf. Interval]
-------------+----------------------------------------------------------------
     2.col_g |   .0414721   .0015981    25.95   0.000     .0383397    .0446044
             |
      abi_gi |
          2  |   .2211496   .0018417   120.08   0.000     .2175399    .2247594
          3  |     .83642   .0022321   374.73   0.000     .8320452    .8407949
             |
       hgcat |
          2  |   .1440954   .0018855    76.42   0.000     .1403999    .1477909
          3  |   .5572283    .002067   269.59   0.000     .5531771    .5612795
             |
       _cons |   .1141603   .0016956    67.33   0.000      .110837    .1174836
------------------------------------------------------------------------------

      Source |       SS           df       MS      Number of obs   =   120,000
-------------+----------------------------------   F(5, 119994)    =  69883.59
       Model |  162576.361         5  32515.2721   Prob > F        =    0.0000
    Residual |  55830.5294   119,994  .465277675   R-squared       =    0.7444
-------------+----------------------------------   Adj R-squared   =    0.7444
       Total |   218406.89   119,999  1.82007258   Root MSE        =    .68211

------------------------------------------------------------------------------
     lfgearn |      Coef.   Std. Err.      t    P>|t|     [95% Conf. Interval]
-------------+----------------------------------------------------------------
     2.col_g |  -.1398612   .0042831   -32.65   0.000    -.1482559   -.1314664
             |
      abi_gi |
          2  |   .4607932   .0049359    93.35   0.000     .4511189    .4704676
          3  |   1.938255    .005982   324.01   0.000     1.926531     1.94998
             |
       hgcat |
          2  |   .4482038   .0050531    88.70   0.000     .4382998    .4581079
          3  |   1.737487   .0055395   313.65   0.000     1.726629    1.748344
             |
       _cons |   .4810237   .0045442   105.85   0.000     .4721171    .4899303
------------------------------------------------------------------------------

      Source |       SS           df       MS      Number of obs   =   120,000
-------------+----------------------------------   F(5, 119994)    =  48492.87
       Model |   191947.64         5  38389.5279   Prob > F        =    0.0000
    Residual |  94993.6189   119,994  .791653073   R-squared       =    0.6689
-------------+----------------------------------   Adj R-squared   =    0.6689
       Total |  286941.258   119,999  2.39119708   Root MSE        =    .88975

------------------------------------------------------------------------------
     lfgwlth |      Coef.   Std. Err.      t    P>|t|     [95% Conf. Interval]
-------------+----------------------------------------------------------------
     2.col_g |     1.0065   .0055869   180.15   0.000     .9955503    1.017451
             |
      abi_gi |
          2  |   .2494089   .0064384    38.74   0.000     .2367896    .2620281
          3  |   1.519716    .007803   194.76   0.000     1.504423     1.53501
             |
       hgcat |
          2  |   .4651436   .0065913    70.57   0.000     .4522248    .4780625
          3  |   1.548487   .0072257   214.30   0.000     1.534325    1.562649
             |
       _cons |    1.01046   .0059275   170.47   0.000     .9988418    1.022077
------------------------------------------------------------------------------
      name:  <unnamed>
       log:  /home/sylee/now/ananth/natnurt/stata_final_real/logfiles/lifetime_va
> r.log
  log type:  text
 closed on:  20 Nov 2016, 16:24:46
---------------------------------------------------------------------------------
---------------------------------------------------------------------------------
      name:  <unnamed>
       log:  /home/sylee/now/ananth/natnurt/stata_final_real/logfiles/lifetime_va
> r.log
  log type:  text
 opened on:  20 Nov 2016, 16:24:46

      Source |       SS           df       MS      Number of obs   =   120,000
-------------+----------------------------------   F(9, 119990)    =  37142.30
       Model |  23807.2495         9  2645.24995   Prob > F        =    0.0000
    Residual |  8545.60892   119,990  .071219343   R-squared       =    0.7359
-------------+----------------------------------   Adj R-squared   =    0.7358
       Total |  32352.8585   119,999  .269609401   Root MSE        =    .26687

------------------------------------------------------------------------------
     lfgavge |      Coef.   Std. Err.      t    P>|t|     [95% Conf. Interval]
-------------+----------------------------------------------------------------
     2.col_k |    .110668   .0024496    45.18   0.000     .1058668    .1154692
             |
      abi_ki |
          2  |  -.0884947   .0021618   -40.94   0.000    -.0927319   -.0842576
          3  |  -.1910213   .0028092   -68.00   0.000    -.1965273   -.1855153
             |
      h5kcat |
          2  |   .1739177   .0020564    84.57   0.000     .1698871    .1779483
          3  |   .4400855   .0023951   183.74   0.000      .435391    .4447799
             |
      s5kcat |
          2  |   .0289154   .0021269    13.59   0.000     .0247466    .0330841
          3  |   .1607756   .0028716    55.99   0.000     .1551473     .166404
             |
      abi_gi |
          2  |   .3353541   .0019011   176.40   0.000      .331628    .3390802
          3  |     1.0513   .0022265   472.17   0.000     1.046936    1.055664
             |
       _cons |   .0278621   .0025336    11.00   0.000     .0228961     .032828
------------------------------------------------------------------------------

      Source |       SS           df       MS      Number of obs   =   120,000
-------------+----------------------------------   F(9, 119990)    =  32199.66
       Model |  154455.009         9  17161.6677   Prob > F        =    0.0000
    Residual |  63951.8804   119,990  .532976752   R-squared       =    0.7072
-------------+----------------------------------   Adj R-squared   =    0.7072
       Total |   218406.89   119,999  1.82007258   Root MSE        =    .73005

------------------------------------------------------------------------------
     lfgearn |      Coef.   Std. Err.      t    P>|t|     [95% Conf. Interval]
-------------+----------------------------------------------------------------
     2.col_k |   .3356132   .0067012    50.08   0.000      .322479    .3487473
             |
      abi_ki |
          2  |  -.4092097   .0059139   -69.19   0.000    -.4208009   -.3976185
          3  |   -.955646   .0076849  -124.35   0.000    -.9707083   -.9405836
             |
      h5kcat |
          2  |   .5434688   .0056256    96.61   0.000     .5324427     .554495
          3  |   1.286526   .0065522   196.35   0.000     1.273683    1.299368
             |
      s5kcat |
          2  |    .020071   .0058185     3.45   0.001     .0086668    .0314751
          3  |    .382471   .0078557    48.69   0.000      .367074     .397868
             |
      abi_gi |
          2  |    .826789   .0052006   158.98   0.000     .8165958    .8369821
          3  |   2.634073   .0060909   432.46   0.000     2.622135    2.646011
             |
       _cons |   .3217696   .0069311    46.42   0.000     .3081848    .3353544
------------------------------------------------------------------------------

      Source |       SS           df       MS      Number of obs   =   120,000
-------------+----------------------------------   F(9, 119990)    =  34171.85
       Model |  206409.953         9  22934.4393   Prob > F        =    0.0000
    Residual |  80531.3051   119,990  .671150138   R-squared       =    0.7193
-------------+----------------------------------   Adj R-squared   =    0.7193
       Total |  286941.258   119,999  2.39119708   Root MSE        =    .81924

------------------------------------------------------------------------------
     lfgwlth |      Coef.   Std. Err.      t    P>|t|     [95% Conf. Interval]
-------------+----------------------------------------------------------------
     2.col_k |   .3023718   .0075198    40.21   0.000     .2876332    .3171104
             |
      abi_ki |
          2  |   .0479215   .0066364     7.22   0.000     .0349143    .0609287
          3  |   .5613016   .0086237    65.09   0.000     .5443992     .578204
             |
      h5kcat |
          2  |   .5530647   .0063129    87.61   0.000     .5406915    .5654378
          3  |   1.667679   .0073526   226.82   0.000     1.653268     1.68209
             |
      s5kcat |
          2  |   .2104209   .0065293    32.23   0.000     .1976236    .2232183
          3  |    .874332   .0088154    99.18   0.000      .857054    .8916099
             |
      abi_gi |
          2  |   .5409175    .005836    92.69   0.000     .5294791    .5523559
          3  |   2.040952    .006835   298.60   0.000     2.027555    2.054348
             |
       _cons |   .4822542   .0077778    62.00   0.000     .4670099    .4974986
------------------------------------------------------------------------------
      name:  <unnamed>
       log:  /home/sylee/now/ananth/natnurt/stata_final_real/logfiles/lifetime_va
> r.log
  log type:  text
 closed on:  20 Nov 2016, 16:24:47
---------------------------------------------------------------------------------
---------------------------------------------------------------------------------
      name:  <unnamed>
       log:  /home/sylee/now/ananth/natnurt/stata_final_real/logfiles/lifetime_va
> r.log
  log type:  text
 opened on:  20 Nov 2016, 16:24:47

      Source |       SS           df       MS      Number of obs   =   120,000
-------------+----------------------------------   F(7, 119992)    =   4751.58
       Model |  7021.65683         7  1003.09383   Prob > F        =    0.0000
    Residual |  25331.2016   119,992  .211107421   R-squared       =    0.2170
-------------+----------------------------------   Adj R-squared   =    0.2170
       Total |  32352.8585   119,999  .269609401   Root MSE        =    .45946

------------------------------------------------------------------------------
     lfgavge |      Coef.   Std. Err.      t    P>|t|     [95% Conf. Interval]
-------------+----------------------------------------------------------------
     2.col_k |   .0719452   .0045296    15.88   0.000     .0630673    .0808232
             |
      abi_ki |
          2  |   .0499873   .0033946    14.73   0.000      .043334    .0566406
          3  |   .1246434   .0041721    29.88   0.000     .1164661    .1328207
             |
       hkcat |
          2  |   .1414319    .003423    41.32   0.000     .1347229    .1481409
          3  |   .4129359   .0038005   108.65   0.000      .405487    .4203848
             |
       skcat |
          2  |   .0651936   .0036484    17.87   0.000     .0580428    .0723444
          3  |   .2098959   .0051641    40.65   0.000     .1997743    .2200175
             |
       _cons |   .3210214   .0035867    89.50   0.000     .3139914    .3280513
------------------------------------------------------------------------------

      Source |       SS           df       MS      Number of obs   =   120,000
-------------+----------------------------------   F(7, 119992)    =   4953.96
       Model |   48967.928         7  6995.41828   Prob > F        =    0.0000
    Residual |  169438.962   119,992  1.41208549   R-squared       =    0.2242
-------------+----------------------------------   Adj R-squared   =    0.2242
       Total |   218406.89   119,999  1.82007258   Root MSE        =    1.1883

------------------------------------------------------------------------------
     lfgearn |      Coef.   Std. Err.      t    P>|t|     [95% Conf. Interval]
-------------+----------------------------------------------------------------
     2.col_k |   .2232103   .0117149    19.05   0.000     .2002493    .2461714
             |
      abi_ki |
          2  |  -.0323512   .0087793    -3.68   0.000    -.0495585   -.0151438
          3  |  -.1098067   .0107903   -10.18   0.000    -.1309556   -.0886578
             |
       hkcat |
          2  |   .4280501   .0088529    48.35   0.000     .4106986    .4454016
          3  |   1.206164   .0098292   122.71   0.000     1.186899    1.225429
             |
       skcat |
          2  |   .1475812   .0094359    15.64   0.000      .129087    .1660754
          3  |   .5330075    .013356    39.91   0.000       .50683     .559185
             |
       _cons |   1.022508   .0092764   110.23   0.000     1.004326    1.040689
------------------------------------------------------------------------------

      Source |       SS           df       MS      Number of obs   =   120,000
-------------+----------------------------------   F(7, 119992)    =  16692.91
       Model |  141567.528         7  20223.9326   Prob > F        =    0.0000
    Residual |   145373.73   119,992  1.21152852   R-squared       =    0.4934
-------------+----------------------------------   Adj R-squared   =    0.4933
       Total |  286941.258   119,999  2.39119708   Root MSE        =    1.1007

------------------------------------------------------------------------------
     lfgwlth |      Coef.   Std. Err.      t    P>|t|     [95% Conf. Interval]
-------------+----------------------------------------------------------------
     2.col_k |   .1645802   .0108511    15.17   0.000     .1433122    .1858483
             |
      abi_ki |
          2  |   .3157121    .008132    38.82   0.000     .2997735    .3316507
          3  |   1.248555   .0099947   124.92   0.000     1.228965    1.268144
             |
       hkcat |
          2  |   .4964372   .0082001    60.54   0.000     .4803651    .5125094
          3  |   1.567163   .0091045   172.13   0.000     1.549318    1.585007
             |
       skcat |
          2  |    .304131   .0087402    34.80   0.000     .2870005    .3212616
          3  |   1.028077   .0123712    83.10   0.000     1.003829    1.052324
             |
       _cons |   .9956413   .0085924   115.87   0.000     .9788004    1.012482
------------------------------------------------------------------------------
      name:  <unnamed>
       log:  /home/sylee/now/ananth/natnurt/stata_final_real/logfiles/lifetime_va
> r.log
  log type:  text
 closed on:  20 Nov 2016, 16:24:48
---------------------------------------------------------------------------------
---------------------------------------------------------------------------------
      name:  <unnamed>
       log:  /home/sylee/now/ananth/natnurt/stata_final_real/logfiles/lifetime_va
> r.log
  log type:  text
 opened on:  20 Nov 2016, 16:24:48

      Source |       SS           df       MS      Number of obs   =   120,000
-------------+----------------------------------   F(7, 119992)    =   3575.29
       Model |  5583.37603         7  797.625147   Prob > F        =    0.0000
    Residual |  26769.4824   119,992  .223093893   R-squared       =    0.1726
-------------+----------------------------------   Adj R-squared   =    0.1725
       Total |  32352.8585   119,999  .269609401   Root MSE        =    .47233

------------------------------------------------------------------------------
     lfgavge |      Coef.   Std. Err.      t    P>|t|     [95% Conf. Interval]
-------------+----------------------------------------------------------------
     2.col_p |   .0893932   .0046447    19.25   0.000     .0802897    .0984968
             |
      abi_pi |
          2  |   .0771975   .0034843    22.16   0.000     .0703683    .0840268
          3  |   .1574566   .0042945    36.67   0.000     .1490395    .1658736
             |
       hpcat |
          2  |   .1057434   .0035168    30.07   0.000     .0988505    .1126364
          3  |   .3284493   .0039028    84.16   0.000     .3207998    .3360988
             |
       spcat |
          2  |   .0516541   .0037394    13.81   0.000      .044325    .0589832
          3  |   .1759383   .0053008    33.19   0.000     .1655488    .1863278
             |
       _cons |   .3468088    .003685    94.11   0.000     .3395862    .3540313
------------------------------------------------------------------------------

      Source |       SS           df       MS      Number of obs   =   120,000
-------------+----------------------------------   F(7, 119992)    =   4053.91
       Model |  41772.8232         7  5967.54617   Prob > F        =    0.0000
    Residual |  176634.067   119,992  1.47204869   R-squared       =    0.1913
-------------+----------------------------------   Adj R-squared   =    0.1912
       Total |   218406.89   119,999  1.82007258   Root MSE        =    1.2133

------------------------------------------------------------------------------
     lfgearn |      Coef.   Std. Err.      t    P>|t|     [95% Conf. Interval]
-------------+----------------------------------------------------------------
     2.col_p |   .2729195    .011931    22.87   0.000     .2495349     .296304
             |
      abi_pi |
          2  |   .1821053   .0089503    20.35   0.000     .1645629    .1996478
          3  |   .2844112   .0110313    25.78   0.000     .2627901    .3060324
             |
       hpcat |
          2  |   .2948984   .0090338    32.64   0.000     .2771923    .3126045
          3  |   .9359226   .0100253    93.36   0.000     .9162732     .955572
             |
       spcat |
          2  |   .1323523   .0096054    13.78   0.000     .1135258    .1511787
          3  |   .4731493   .0136163    34.75   0.000     .4464617     .499837
             |
       _cons |    .952593   .0094657   100.64   0.000     .9340404    .9711457
------------------------------------------------------------------------------

      Source |       SS           df       MS      Number of obs   =   120,000
-------------+----------------------------------   F(7, 119992)    =   8799.09
       Model |  97330.1118         7  13904.3017   Prob > F        =    0.0000
    Residual |  189611.147   119,992  1.58019824   R-squared       =    0.3392
-------------+----------------------------------   Adj R-squared   =    0.3392
       Total |  286941.258   119,999  2.39119708   Root MSE        =    1.2571

------------------------------------------------------------------------------
     lfgwlth |      Coef.   Std. Err.      t    P>|t|     [95% Conf. Interval]
-------------+----------------------------------------------------------------
     2.col_p |   .2380713   .0123615    19.26   0.000      .213843    .2622997
             |
      abi_pi |
          2  |   .3347651   .0092733    36.10   0.000     .3165897    .3529406
          3  |   .9201474   .0114293    80.51   0.000     .8977461    .9425488
             |
       hpcat |
          2  |   .4478553   .0093598    47.85   0.000     .4295103    .4662003
          3  |   1.328529    .010387   127.90   0.000      1.30817    1.348887
             |
       spcat |
          2  |   .2373694    .009952    23.85   0.000     .2178636    .2568752
          3  |   .7961192   .0141076    56.43   0.000     .7684686    .8237699
             |
       _cons |   1.228563   .0098073   125.27   0.000     1.209341    1.247785
------------------------------------------------------------------------------
      name:  <unnamed>
       log:  /home/sylee/now/ananth/natnurt/stata_final_real/logfiles/lifetime_va
> r.log
  log type:  text
 closed on:  20 Nov 2016, 16:24:48
---------------------------------------------------------------------------------
