---------------------------------------------------------------------------------
      name:  <unnamed>
       log:  /home/sylee/now/ananth/natnurt/stata_final_real/logfiles/param_dist.
> log
  log type:  text
 opened on:  20 Nov 2016, 16:24:42

.                 disp(log(mu_a)-0.5*sig_a^2)
-.23346748

.                 tab hmean

      hmean |      Freq.     Percent        Cum.
------------+-----------------------------------
  -.1126193 |    120,000      100.00      100.00
------------+-----------------------------------
      Total |    120,000      100.00

.                 tab smean

      smean |      Freq.     Percent        Cum.
------------+-----------------------------------
  -.7261342 |    120,000      100.00      100.00
------------+-----------------------------------
      Total |    120,000      100.00

.                 tab smean1

     smean1 |      Freq.     Percent        Cum.
------------+-----------------------------------
  -.7201139 |    119,980      100.00      100.00
------------+-----------------------------------
      Total |    119,980      100.00

. 
.                 disp(sig_a^2)
.09156567

.                 tab hvar

       hvar |      Freq.     Percent        Cum.
------------+-----------------------------------
   .4171467 |    120,000      100.00      100.00
------------+-----------------------------------
      Total |    120,000      100.00

.                 tab svar

       svar |      Freq.     Percent        Cum.
------------+-----------------------------------
   1.556251 |    120,000      100.00      100.00
------------+-----------------------------------
      Total |    120,000      100.00

.                 tab svar1

      svar1 |      Freq.     Percent        Cum.
------------+-----------------------------------
   1.339051 |    119,980      100.00      100.00
------------+-----------------------------------
      Total |    119,980      100.00

. 
.                 correlate abi_k hh_4_k
(obs=120,000)

             |    abi_k   hh_4_k
-------------+------------------
       abi_k |   1.0000
      hh_4_k |   0.3635   1.0000


.                 correlate abi_k ss_4_k
(obs=120,000)

             |    abi_k   ss_4_k
-------------+------------------
       abi_k |   1.0000
      ss_4_k |  -0.0865   1.0000


.                 correlate hh_4_k ss_4_k
(obs=120,000)

             |   hh_4_k   ss_4_k
-------------+------------------
      hh_4_k |   1.0000
      ss_4_k |   0.1485   1.0000


. 
.                 correlate abi_k ss_4_k1
(obs=119,980)

             |    abi_k  ss_4_k1
-------------+------------------
       abi_k |   1.0000
     ss_4_k1 |  -0.0922   1.0000


.                 correlate hh_4_k ss_4_k1
(obs=119,980)

             |   hh_4_k  ss_4_k1
-------------+------------------
      hh_4_k |   1.0000
     ss_4_k1 |   0.1682   1.0000


. 
.         log close
      name:  <unnamed>
       log:  /home/sylee/now/ananth/natnurt/stata_final_real/logfiles/param_dist.
> log
  log type:  text
 closed on:  20 Nov 2016, 16:24:42
---------------------------------------------------------------------------------
