---------------------------------------------------------------------------------
      name:  <unnamed>
       log:  /home/sylee/now/ananth/natnurt/stata_final_real/logfiles/rrige.log
  log type:  text
 opened on:  20 Nov 2016, 16:24:56

.         reg lfgavge_r lfkavge_r

      Source |       SS           df       MS      Number of obs   =   120,000
-------------+----------------------------------   F(1, 119998)    =  15982.89
       Model |  11753775.2         1  11753775.2   Prob > F        =    0.0000
    Residual |  88246224.8   119,998  735.397463   R-squared       =    0.1175
-------------+----------------------------------   Adj R-squared   =    0.1175
       Total |   100000000   119,999  833.340278   Root MSE        =    27.118

------------------------------------------------------------------------------
   lfgavge_r |      Coef.   Std. Err.      t    P>|t|     [95% Conf. Interval]
-------------+----------------------------------------------------------------
   lfkavge_r |   .3428378   .0027118   126.42   0.000     .3375227    .3481529
       _cons |   32.85838   .1565681   209.87   0.000     32.55151    33.16526
------------------------------------------------------------------------------

.         predict lfgkeres
(option xb assumed; fitted values)

. 
.         reg lfgavge_r lfpavge_r

      Source |       SS           df       MS      Number of obs   =   120,000
-------------+----------------------------------   F(1, 119998)    =  17514.86
       Model |  12736888.6         1  12736888.6   Prob > F        =    0.0000
    Residual |  87263111.4   119,998  727.204715   R-squared       =    0.1274
-------------+----------------------------------   Adj R-squared   =    0.1274
       Total |   100000000   119,999  833.340278   Root MSE        =    26.967

------------------------------------------------------------------------------
   lfgavge_r |      Coef.   Std. Err.      t    P>|t|     [95% Conf. Interval]
-------------+----------------------------------------------------------------
   lfpavge_r |   .3568878   .0026967   132.34   0.000     .3516023    .3621732
       _cons |   32.15588   .1556935   206.53   0.000     31.85072    32.46104
------------------------------------------------------------------------------

.         reg lfgavge_r lfkavge_r lfpavge_r

      Source |       SS           df       MS      Number of obs   =   120,000
-------------+----------------------------------   F(2, 119997)    =  13353.85
       Model |  18205079.1         2  9102539.55   Prob > F        =    0.0000
    Residual |  81794920.9   119,997  681.641382   R-squared       =    0.1821
-------------+----------------------------------   Adj R-squared   =    0.1820
       Total |   100000000   119,999  833.340278   Root MSE        =    26.108

------------------------------------------------------------------------------
   lfgavge_r |      Coef.   Std. Err.      t    P>|t|     [95% Conf. Interval]
-------------+----------------------------------------------------------------
   lfkavge_r |     .24922   .0027825    89.57   0.000     .2437663    .2546737
   lfpavge_r |   .2706979   .0027825    97.28   0.000     .2652442    .2761516
       _cons |   24.00431   .1760818   136.32   0.000     23.65919    24.34942
------------------------------------------------------------------------------

. 
.         reg lfgkeres lfpavge_r

      Source |       SS           df       MS      Number of obs   =   120,000
-------------+----------------------------------   F(1, 119998)    =  16302.09
       Model |  1405803.28         1  1405803.28   Prob > F        =    0.0000
    Residual |  10347971.9   119,998  86.2345364   R-squared       =    0.1196
-------------+----------------------------------   Adj R-squared   =    0.1196
       Total |  11753775.2   119,999  97.9489427   Root MSE        =    9.2863

------------------------------------------------------------------------------
    lfgkeres |      Coef.   Std. Err.      t    P>|t|     [95% Conf. Interval]
-------------+----------------------------------------------------------------
   lfpavge_r |   .1185666   .0009286   127.68   0.000     .1167465    .1203867
       _cons |   44.07204   .0536146   822.02   0.000     43.96695    44.17712
------------------------------------------------------------------------------

. 
.         reg lfgavge_r lfkwlth_r

      Source |       SS           df       MS      Number of obs   =   120,000
-------------+----------------------------------   F(1, 119998)    =  26871.44
       Model |  18296140.2         1  18296140.2   Prob > F        =    0.0000
    Residual |  81703859.8   119,998  680.876847   R-squared       =    0.1830
-------------+----------------------------------   Adj R-squared   =    0.1830
       Total |   100000000   119,999  833.340278   Root MSE        =    26.094

------------------------------------------------------------------------------
   lfgavge_r |      Coef.   Std. Err.      t    P>|t|     [95% Conf. Interval]
-------------+----------------------------------------------------------------
   lfkwlth_r |   .4277399   .0026094   163.93   0.000     .4226256    .4328542
       _cons |   28.61324   .1506525   189.93   0.000     28.31797    28.90852
------------------------------------------------------------------------------

.         predict lfgkwres
(option xb assumed; fitted values)

. 
.         reg lfgavge_r lfpwlth_r

      Source |       SS           df       MS      Number of obs   =   120,000
-------------+----------------------------------   F(1, 119998)    =  28685.54
       Model |  19293014.4         1  19293014.4   Prob > F        =    0.0000
    Residual |  80706985.6   119,998  672.569423   R-squared       =    0.1929
-------------+----------------------------------   Adj R-squared   =    0.1929
       Total |   100000000   119,999  833.340278   Root MSE        =    25.934

------------------------------------------------------------------------------
   lfgavge_r |      Coef.   Std. Err.      t    P>|t|     [95% Conf. Interval]
-------------+----------------------------------------------------------------
   lfpwlth_r |   .4392381   .0025934   169.37   0.000     .4341551    .4443212
       _cons |   28.03833   .1497306   187.26   0.000     27.74486     28.3318
------------------------------------------------------------------------------

.         reg lfgavge_r lfkwlth_r lfpwlth_r

      Source |       SS           df       MS      Number of obs   =   120,000
-------------+----------------------------------   F(2, 119997)    =  15986.92
       Model |  21039456.2         2  10519728.1   Prob > F        =    0.0000
    Residual |  78960543.8   119,997  658.020982   R-squared       =    0.2104
-------------+----------------------------------   Adj R-squared   =    0.2104
       Total |   100000000   119,999  833.340278   Root MSE        =    25.652

------------------------------------------------------------------------------
   lfgavge_r |      Coef.   Std. Err.      t    P>|t|     [95% Conf. Interval]
-------------+----------------------------------------------------------------
   lfkwlth_r |   .2150736   .0041747    51.52   0.000     .2068912     .223256
   lfpwlth_r |   .2695554   .0041747    64.57   0.000     .2613729    .2777378
       _cons |   25.76877   .1545156   166.77   0.000     25.46592    26.07161
------------------------------------------------------------------------------

. 
.         reg lfgkwres lfpwlth_r

      Source |       SS           df       MS      Number of obs   =   120,000
-------------+----------------------------------   F(1, 119998)    >  99999.00
       Model |  11388346.8         1  11388346.8   Prob > F        =    0.0000
    Residual |  6907793.35   119,998   57.565904   R-squared       =    0.6224
-------------+----------------------------------   Adj R-squared   =    0.6224
       Total |  18296140.2   119,999  152.469105   Root MSE        =    7.5872

------------------------------------------------------------------------------
    lfgkwres |      Coef.   Std. Err.      t    P>|t|     [95% Conf. Interval]
-------------+----------------------------------------------------------------
   lfpwlth_r |   .3374662   .0007587   444.78   0.000     .3359792    .3389533
       _cons |   33.12696   .0438051   756.24   0.000     33.04111    33.21282
------------------------------------------------------------------------------

. log close
      name:  <unnamed>
       log:  /home/sylee/now/ananth/natnurt/stata_final_real/logfiles/rrige.log
  log type:  text
 closed on:  20 Nov 2016, 16:24:57
---------------------------------------------------------------------------------
