---------------------------------------------------------------------------------
      name:  <unnamed>
       log:  /home/sylee/now/ananth/natnurt/stata_final_real/logfiles/ss_4_g_r_re
> g.log
  log type:  text
 opened on:  20 Nov 2016, 16:24:54

      Source |       SS           df       MS      Number of obs   =   120,000
-------------+----------------------------------   F(1, 119998)    =   2822.53
       Model |  2298092.18         1  2298092.18   Prob > F        =    0.0000
    Residual |  97701907.8   119,998  814.196135   R-squared       =    0.0230
-------------+----------------------------------   Adj R-squared   =    0.0230
       Total |   100000000   119,999  833.340278   Root MSE        =    28.534

------------------------------------------------------------------------------
    ss_4_g_r |      Coef.   Std. Err.      t    P>|t|     [95% Conf. Interval]
-------------+----------------------------------------------------------------
    hh_3_g_r |   .1515946   .0028534    53.13   0.000      .146002    .1571872
       _cons |   42.42062   .1647429   257.50   0.000     42.09773    42.74352
------------------------------------------------------------------------------

      Source |       SS           df       MS      Number of obs   =   120,000
-------------+----------------------------------   F(1, 119998)    =   1741.40
       Model |  1430434.03         1  1430434.03   Prob > F        =    0.0000
    Residual |    98569566   119,998   821.42674   R-squared       =    0.0143
-------------+----------------------------------   Adj R-squared   =    0.0143
       Total |   100000000   119,999  833.340278   Root MSE        =    28.661

------------------------------------------------------------------------------
    ss_4_g_r |      Coef.   Std. Err.      t    P>|t|     [95% Conf. Interval]
-------------+----------------------------------------------------------------
    hh_2_g_r |   .1196008   .0028661    41.73   0.000     .1139833    .1252182
       _cons |   44.02033   .1654728   266.03   0.000     43.69601    44.34465
------------------------------------------------------------------------------

      Source |       SS           df       MS      Number of obs   =   120,000
-------------+----------------------------------   F(1, 119998)    =    154.00
       Model |   128167.73         1   128167.73   Prob > F        =    0.0000
    Residual |  99871832.3   119,998   832.27914   R-squared       =    0.0013
-------------+----------------------------------   Adj R-squared   =    0.0013
       Total |   100000000   119,999  833.340278   Root MSE        =    28.849

------------------------------------------------------------------------------
    ss_4_g_r |      Coef.   Std. Err.      t    P>|t|     [95% Conf. Interval]
-------------+----------------------------------------------------------------
    hh_1_g_r |  -.0358005   .0028849   -12.41   0.000    -.0414549   -.0301461
       _cons |   51.79046   .1665623   310.94   0.000       51.464    52.11692
------------------------------------------------------------------------------

      Source |       SS           df       MS      Number of obs   =   120,000
-------------+----------------------------------   F(2, 119997)    =   8637.13
       Model |  12584032.7         2  6292016.36   Prob > F        =    0.0000
    Residual |  87415967.3   119,997  728.484606   R-squared       =    0.1258
-------------+----------------------------------   Adj R-squared   =    0.1258
       Total |   100000000   119,999  833.340278   Root MSE        =     26.99

------------------------------------------------------------------------------
    ss_4_g_r |      Coef.   Std. Err.      t    P>|t|     [95% Conf. Interval]
-------------+----------------------------------------------------------------
    hh_3_g_r |   3.425159   .0276811   123.74   0.000     3.370905    3.479414
    hh_2_g_r |  -3.289238   .0276811  -118.83   0.000    -3.343492   -3.234983
       _cons |   43.20428   .1559699   277.00   0.000     42.89859    43.50998
------------------------------------------------------------------------------

      Source |       SS           df       MS      Number of obs   =   120,000
-------------+----------------------------------   F(3, 119996)    =  12059.83
       Model |  23165919.8         3  7721973.25   Prob > F        =    0.0000
    Residual |  76834080.2   119,996  640.305345   R-squared       =    0.2317
-------------+----------------------------------   Adj R-squared   =    0.2316
       Total |   100000000   119,999  833.340278   Root MSE        =    25.304

------------------------------------------------------------------------------
    ss_4_g_r |      Coef.   Std. Err.      t    P>|t|     [95% Conf. Interval]
-------------+----------------------------------------------------------------
    hh_3_g_r |   1.707388   .0291898    58.49   0.000     1.650176    1.764599
    hh_2_g_r |  -.5533354   .0335621   -16.49   0.000    -.6191166   -.4875541
    hh_1_g_r |  -1.089586   .0084757  -128.55   0.000    -1.106198   -1.072974
       _cons |   46.77705   .1488435   314.27   0.000     46.48532    47.06878
------------------------------------------------------------------------------

      Source |       SS           df       MS      Number of obs   =   120,000
-------------+----------------------------------   F(7, 119992)    =  47446.39
       Model |  73459952.2         7  10494278.9   Prob > F        =    0.0000
    Residual |  26540047.8   119,992  221.181811   R-squared       =    0.7346
-------------+----------------------------------   Adj R-squared   =    0.7346
       Total |   100000000   119,999  833.340278   Root MSE        =    14.872

------------------------------------------------------------------------------
    ss_4_g_r |      Coef.   Std. Err.      t    P>|t|     [95% Conf. Interval]
-------------+----------------------------------------------------------------
     2.col_k |  -8.765041   .1422344   -61.62   0.000    -9.043818   -8.486264
             |
      abi_ki |
          2  |   25.69524   .1216026   211.31   0.000      25.4569    25.93358
          3  |   60.77474   .1631874   372.42   0.000     60.45489    61.09458
             |
    hh_5_k_r |   .2917158   .0020423   142.84   0.000      .287713    .2957186
    ss_5_k_r |    .404115   .0023439   172.41   0.000      .399521    .4087091
             |
      abi_gi |
          2  |  -12.46139   .1059433  -117.62   0.000    -12.66904   -12.25374
          3  |  -22.05991     .12408  -177.79   0.000    -22.30311   -21.81672
             |
       _cons |   3.157871   .1661659    19.00   0.000     2.832189    3.483554
------------------------------------------------------------------------------

      Source |       SS           df       MS      Number of obs   =   120,000
-------------+----------------------------------   F(9, 119990)    =  31232.40
       Model |  70083393.2         9  7787043.69   Prob > F        =    0.0000
    Residual |  29916606.8   119,990  249.325834   R-squared       =    0.7008
-------------+----------------------------------   Adj R-squared   =    0.7008
       Total |   100000000   119,999  833.340278   Root MSE        =     15.79

------------------------------------------------------------------------------
    ss_4_g_r |      Coef.   Std. Err.      t    P>|t|     [95% Conf. Interval]
-------------+----------------------------------------------------------------
     2.col_k |  -1.969085   .1449369   -13.59   0.000    -2.253159   -1.685011
             |
      abi_ki |
          2  |   26.58292   .1279099   207.83   0.000     26.33222    26.83362
          3  |   60.40672   .1662148   363.43   0.000     60.08094     60.7325
             |
      h5kcat |
          2  |   7.047481   .1216747    57.92   0.000     6.809001    7.285962
          3  |   15.66653   .1417144   110.55   0.000     15.38877    15.94428
             |
      s5kcat |
          2  |   10.73366   .1258463    85.29   0.000       10.487    10.98032
          3  |   20.82196    .169908   122.55   0.000     20.48894    21.15497
             |
      abi_gi |
          2  |  -12.46561   .1124829  -110.82   0.000    -12.68608   -12.24515
          3  |  -22.04217   .1317387  -167.32   0.000    -22.30038   -21.78397
             |
       _cons |   16.21876   .1499102   108.19   0.000     15.92494    16.51258
------------------------------------------------------------------------------

      Source |       SS           df       MS      Number of obs   =   120,000
-------------+----------------------------------   F(1, 119998)    >  99999.00
       Model |  54868429.2         1  54868429.2   Prob > F        =    0.0000
    Residual |  45131570.8   119,998  376.102692   R-squared       =    0.5487
-------------+----------------------------------   Adj R-squared   =    0.5487
       Total |   100000000   119,999  833.340278   Root MSE        =    19.393

------------------------------------------------------------------------------
    ss_4_g_r |      Coef.   Std. Err.      t    P>|t|     [95% Conf. Interval]
-------------+----------------------------------------------------------------
   lfkearn_r |   .7407323   .0019393   381.95   0.000     .7369312    .7445333
       _cons |   12.96349   .1119684   115.78   0.000     12.74404    13.18295
------------------------------------------------------------------------------

      Source |       SS           df       MS      Number of obs   =   120,000
-------------+----------------------------------   F(1, 119998)    >  99999.00
       Model |  66174931.2         1  66174931.2   Prob > F        =    0.0000
    Residual |  33825068.7   119,998  281.880271   R-squared       =    0.6617
-------------+----------------------------------   Adj R-squared   =    0.6617
       Total |   100000000   119,999  833.340278   Root MSE        =    16.789

------------------------------------------------------------------------------
    ss_4_g_r |      Coef.   Std. Err.      t    P>|t|     [95% Conf. Interval]
-------------+----------------------------------------------------------------
   lfkwlth_r |   .8134798   .0016789   484.52   0.000     .8101891    .8167704
       _cons |    9.32609   .0969336    96.21   0.000     9.136102    9.516078
------------------------------------------------------------------------------

      Source |       SS           df       MS      Number of obs   =   120,000
-------------+----------------------------------   F(2, 119997)    =  59064.00
       Model |  49607560.7         2  24803780.4   Prob > F        =    0.0000
    Residual |  50392439.3   119,997  419.947493   R-squared       =    0.4961
-------------+----------------------------------   Adj R-squared   =    0.4961
       Total |   100000000   119,999  833.340278   Root MSE        =    20.493

------------------------------------------------------------------------------
    ss_4_g_r |      Coef.   Std. Err.      t    P>|t|     [95% Conf. Interval]
-------------+----------------------------------------------------------------
     lfkecat |
          2  |   19.92286   .1449047   137.49   0.000     19.63885    20.20687
          3  |   49.49108   .1449047   341.54   0.000     49.20707    49.77509
             |
       _cons |   26.86244   .1024631   262.17   0.000     26.66161    27.06326
------------------------------------------------------------------------------

      Source |       SS           df       MS      Number of obs   =   120,000
-------------+----------------------------------   F(2, 119997)    =  79133.49
       Model |  56876559.4         2  28438279.7   Prob > F        =    0.0000
    Residual |  43123440.6   119,997  359.370989   R-squared       =    0.5688
-------------+----------------------------------   Adj R-squared   =    0.5688
       Total |   100000000   119,999  833.340278   Root MSE        =    18.957

------------------------------------------------------------------------------
    ss_4_g_r |      Coef.   Std. Err.      t    P>|t|     [95% Conf. Interval]
-------------+----------------------------------------------------------------
     lfkwcat |
          2  |   22.48656   .1340468   167.75   0.000     22.22383    22.74929
          3  |   53.11973   .1340468   396.28   0.000       52.857    53.38246
             |
       _cons |   24.79832   .0947854   261.63   0.000     24.61254     24.9841
------------------------------------------------------------------------------

      Source |       SS           df       MS      Number of obs   =   120,000
-------------+----------------------------------   F(2, 119997)    =  91723.60
       Model |  60455002.9         2  30227501.4   Prob > F        =    0.0000
    Residual |  39544997.1   119,997  329.549881   R-squared       =    0.6046
-------------+----------------------------------   Adj R-squared   =    0.6045
       Total |   100000000   119,999  833.340278   Root MSE        =    18.154

------------------------------------------------------------------------------
    ss_4_g_r |      Coef.   Std. Err.      t    P>|t|     [95% Conf. Interval]
-------------+----------------------------------------------------------------
   lfkearn_r |   .6761366   .0018819   359.28   0.000      .672448    .6798251
   lfpearn_r |   .2450272   .0018819   130.20   0.000     .2413387    .2487158
       _cons |   3.941843   .1256436    31.37   0.000     3.695584    4.188103
------------------------------------------------------------------------------

      Source |       SS           df       MS      Number of obs   =   120,000
-------------+----------------------------------   F(2, 119997)    >  99999.00
       Model |  74453293.5         2  37226646.7   Prob > F        =    0.0000
    Residual |  25546706.5   119,997  212.894543   R-squared       =    0.7445
-------------+----------------------------------   Adj R-squared   =    0.7445
       Total |   100000000   119,999  833.340278   Root MSE        =    14.591

------------------------------------------------------------------------------
    ss_4_g_r |      Coef.   Std. Err.      t    P>|t|     [95% Conf. Interval]
-------------+----------------------------------------------------------------
   lfkwlth_r |    1.18291   .0023746   498.15   0.000     1.178256    1.187565
   lfpwlth_r |  -.4682548   .0023746  -197.19   0.000     -.472909   -.4636007
       _cons |   14.26734    .087889   162.33   0.000     14.09508     14.4396
------------------------------------------------------------------------------

      Source |       SS           df       MS      Number of obs   =   120,000
-------------+----------------------------------   F(4, 119995)    =  36449.76
       Model |  54854140.8         4  13713535.2   Prob > F        =    0.0000
    Residual |  45145859.2   119,995   376.23117   R-squared       =    0.5485
-------------+----------------------------------   Adj R-squared   =    0.5485
       Total |   100000000   119,999  833.340278   Root MSE        =    19.397

------------------------------------------------------------------------------
    ss_4_g_r |      Coef.   Std. Err.      t    P>|t|     [95% Conf. Interval]
-------------+----------------------------------------------------------------
     lfkecat |
          2  |    18.9886   .1381547   137.44   0.000     18.71782    19.25938
          3  |   45.84008   .1410622   324.96   0.000      45.5636    46.11656
             |
     lfpecat |
          2  |   6.159213   .1390407    44.30   0.000     5.886695     6.43173
          3  |   16.46193   .1410821   116.68   0.000     16.18541    16.73844
             |
       _cons |   20.85048   .1171395   178.00   0.000     20.62089    21.08007
------------------------------------------------------------------------------

      Source |       SS           df       MS      Number of obs   =   120,000
-------------+----------------------------------   F(4, 119995)    =  42884.16
       Model |  58839801.9         4  14709950.5   Prob > F        =    0.0000
    Residual |  41160198.1   119,995  343.015943   R-squared       =    0.5884
-------------+----------------------------------   Adj R-squared   =    0.5884
       Total |   100000000   119,999  833.340278   Root MSE        =    18.521

------------------------------------------------------------------------------
    ss_4_g_r |      Coef.   Std. Err.      t    P>|t|     [95% Conf. Interval]
-------------+----------------------------------------------------------------
     lfkwcat |
          2  |   28.12321   .1559074   180.38   0.000     27.81763    28.42878
          3  |   62.72832   .1829128   342.94   0.000     62.36982    63.08683
             |
     lfpwcat |
          2  |  -6.503361   .1527007   -42.59   0.000    -6.802651    -6.20407
          3  |  -13.82702   .1835153   -75.35   0.000    -14.18671   -13.46734
             |
       _cons |   26.49337    .099832   265.38   0.000      26.2977    26.68904
------------------------------------------------------------------------------
      name:  <unnamed>
       log:  /home/sylee/now/ananth/natnurt/stata_final_real/logfiles/ss_4_g_r_re
> g.log
  log type:  text
 closed on:  20 Nov 2016, 16:24:56
---------------------------------------------------------------------------------
