---------------------------------------------------------------------------------
      name:  <unnamed>
       log:  /home/sylee/now/ananth/natnurt/stata_final_real/logfiles/wealth.log
  log type:  text
 opened on:  20 Nov 2016, 16:28:30

.         welast kavg lfpwlth
(119,999 real changes made)
(120,000 real changes made)

      Source |       SS           df       MS      Number of obs   =   119,999
-------------+----------------------------------   F(1, 119997)    >  99999.00
       Model |  75489.4986         1  75489.4986   Prob > F        =    0.0000
    Residual |   40573.386   119,997  .338120003   R-squared       =    0.6504
-------------+----------------------------------   Adj R-squared   =    0.6504
       Total |  116062.885   119,998  .967206825   Root MSE        =    .58148

------------------------------------------------------------------------------
        logk |      Coef.   Std. Err.      t    P>|t|     [95% Conf. Interval]
-------------+----------------------------------------------------------------
        logp |   1.355126    .002868   472.51   0.000     1.349505    1.360747
       _cons |  -2.514221   .0028991  -867.25   0.000    -2.519903   -2.508539
------------------------------------------------------------------------------

.         welast ss_4_k lfpwlth
(119,999 real changes made, 20 to missing)
(0 real changes made)

      Source |       SS           df       MS      Number of obs   =   119,980
-------------+----------------------------------   F(1, 119978)    >  99999.00
       Model |  104164.979         1  104164.979   Prob > F        =    0.0000
    Residual |  56493.0325   119,978  .470861595   R-squared       =    0.6484
-------------+----------------------------------   Adj R-squared   =    0.6484
       Total |  160658.012   119,979   1.3390511   Root MSE        =    .68619

------------------------------------------------------------------------------
        logk |      Coef.   Std. Err.      t    P>|t|     [95% Conf. Interval]
-------------+----------------------------------------------------------------
        logp |   1.591828   .0033844   470.34   0.000     1.585195    1.598461
       _cons |   -2.03201   .0034212  -593.95   0.000    -2.038716   -2.025305
------------------------------------------------------------------------------

.         welast ss_6_k lfpwlth
(119,982 real changes made, 24,381 to missing)
(0 real changes made)

      Source |       SS           df       MS      Number of obs   =    95,610
-------------+----------------------------------   F(1, 95608)     =  48633.81
       Model |  81438.2278         1  81438.2278   Prob > F        =    0.0000
    Residual |  160097.378    95,608  1.67451864   R-squared       =    0.3372
-------------+----------------------------------   Adj R-squared   =    0.3372
       Total |  241535.606    95,609  2.52628524   Root MSE        =     1.294

------------------------------------------------------------------------------
        logk |      Coef.   Std. Err.      t    P>|t|     [95% Conf. Interval]
-------------+----------------------------------------------------------------
        logp |   1.703374    .007724   220.53   0.000     1.688236    1.718513
       _cons |  -3.003275    .008198  -366.34   0.000    -3.019343   -2.987207
------------------------------------------------------------------------------

. 
.         welast kavg pavg
(119,998 real changes made, 1 to missing)
(120,000 real changes made)

      Source |       SS           df       MS      Number of obs   =   119,999
-------------+----------------------------------   F(1, 119997)    =  24700.83
       Model |  19812.6656         1  19812.6656   Prob > F        =    0.0000
    Residual |  96250.2189   119,997  .802105211   R-squared       =    0.1707
-------------+----------------------------------   Adj R-squared   =    0.1707
       Total |  116062.885   119,998  .967206825   Root MSE        =     .8956

------------------------------------------------------------------------------
        logk |      Coef.   Std. Err.      t    P>|t|     [95% Conf. Interval]
-------------+----------------------------------------------------------------
        logp |   .4132425   .0026294   157.16   0.000      .408089     .418396
       _cons |  -.8200596   .0044919  -182.56   0.000    -.8288638   -.8112555
------------------------------------------------------------------------------

.         welast ss_4_k pavg
(119,999 real changes made, 20 to missing)
(0 real changes made)

      Source |       SS           df       MS      Number of obs   =   119,980
-------------+----------------------------------   F(1, 119978)    =  14164.34
       Model |  16964.1834         1  16964.1834   Prob > F        =    0.0000
    Residual |  143693.829   119,978  1.19766814   R-squared       =    0.1056
-------------+----------------------------------   Adj R-squared   =    0.1056
       Total |  160658.012   119,979   1.3390511   Root MSE        =    1.0944

------------------------------------------------------------------------------
        logk |      Coef.   Std. Err.      t    P>|t|     [95% Conf. Interval]
-------------+----------------------------------------------------------------
        logp |   .3824002   .0032131   119.01   0.000     .3761026    .3886977
       _cons |  -.1858294   .0054896   -33.85   0.000    -.1965889   -.1750698
------------------------------------------------------------------------------

.         welast ss_6_k pavg
(119,982 real changes made, 24,381 to missing)
(0 real changes made)

      Source |       SS           df       MS      Number of obs   =    95,610
-------------+----------------------------------   F(1, 95608)     =   6624.69
       Model |   15651.537         1   15651.537   Prob > F        =    0.0000
    Residual |  225884.069    95,608  2.36260636   R-squared       =    0.0648
-------------+----------------------------------   Adj R-squared   =    0.0648
       Total |  241535.606    95,609  2.52628524   Root MSE        =    1.5371

------------------------------------------------------------------------------
        logk |      Coef.   Std. Err.      t    P>|t|     [95% Conf. Interval]
-------------+----------------------------------------------------------------
        logp |   .4420891   .0054316    81.39   0.000     .4314432     .452735
       _cons |  -.8683171   .0086923   -99.90   0.000    -.8853539   -.8512803
------------------------------------------------------------------------------

. 
.         g temp = ss_9_p+ss_10_p

.         welast ss_6_k temp
(0 real changes made)
(119,997 real changes made, 4,210 to missing)

      Source |       SS           df       MS      Number of obs   =    93,051
-------------+----------------------------------   F(1, 93049)     =  10669.07
       Model |  24167.2221         1  24167.2221   Prob > F        =    0.0000
    Residual |  210771.424    93,049  2.26516592   R-squared       =    0.1029
-------------+----------------------------------   Adj R-squared   =    0.1029
       Total |  234938.646    93,050  2.52486455   Root MSE        =     1.505

------------------------------------------------------------------------------
        logk |      Coef.   Std. Err.      t    P>|t|     [95% Conf. Interval]
-------------+----------------------------------------------------------------
        logp |   .4360549   .0042216   103.29   0.000     .4277806    .4443292
       _cons |   -.860494   .0073433  -117.18   0.000    -.8748867   -.8461013
------------------------------------------------------------------------------

. log close
      name:  <unnamed>
       log:  /home/sylee/now/ananth/natnurt/stata_final_real/logfiles/wealth.log
  log type:  text
 closed on:  20 Nov 2016, 16:28:30
---------------------------------------------------------------------------------
---------------------------------------------------------------------------------
      name:  <unnamed>
       log:  /home/sylee/now/ananth/natnurt/stata_final_real/logfiles/wealth.log
  log type:  text
 opened on:  20 Nov 2016, 16:28:31

.         wrrcorr kavg lfpwlth
(120,000 real changes made)
(120,000 real changes made)
(obs=120,000)

             |    krank    prank
-------------+------------------
       krank |   1.0000
       prank |   0.7663   1.0000


.         wrrcorr ss_4_k lfpwlth
(119,996 real changes made)
(72,573 real changes made)
(obs=120,000)

             |    krank    prank
-------------+------------------
       krank |   1.0000
       prank |   0.8144   1.0000


.         wrrcorr ss_6_k lfpwlth
(119,997 real changes made)
(72,824 real changes made)
(obs=120,000)

             |    krank    prank
-------------+------------------
       krank |   1.0000
       prank |   0.5576   1.0000


. 
.         wrrcorr kavg pavg
(119,981 real changes made)
(119,996 real changes made)
(obs=120,000)

             |    krank    prank
-------------+------------------
       krank |   1.0000
       prank |   0.3336   1.0000


.         wrrcorr ss_4_k pavg
(119,992 real changes made)
(52,134 real changes made)
(obs=120,000)

             |    krank    prank
-------------+------------------
       krank |   1.0000
       prank |   0.2668   1.0000


.         wrrcorr ss_6_k pavg
(120,000 real changes made)
(52,412 real changes made)
(obs=120,000)

             |    krank    prank
-------------+------------------
       krank |   1.0000
       prank |   0.2469   1.0000


. 
.         replace temp = ss_9_p+ss_10_p
(0 real changes made)

.         wrrcorr ss_6_k temp
(99,829 real changes made)
(119,993 real changes made)
(obs=120,000)

             |    krank    prank
-------------+------------------
       krank |   1.0000
       prank |   0.3807   1.0000


. log close
      name:  <unnamed>
       log:  /home/sylee/now/ananth/natnurt/stata_final_real/logfiles/wealth.log
  log type:  text
 closed on:  20 Nov 2016, 16:28:32
---------------------------------------------------------------------------------
