    thet   rho_a    zeta   omeg1   omeg2      bp   zcols   zcolm    mu_a   sig_a     bta      ww     tfp
   0.318   0.227   3.108   0.559   0.298   0.814   0.005   0.228   0.829   0.303   0.982   0.717   1.674
 --------------------------------------------------
   0.300   0.220   3.000   0.540   0.280   0.800  -0.060   0.100   0.810   0.210   0.980   0.700   1.600
   0.330   0.230   3.300   0.570   0.310   0.815   0.100   0.400   0.830   0.330   0.984   0.900   1.700
 --------------------------------------------------
     hsc     col     std    time     igc  eprem1  i.rate  enroll avgearn
   1.000   1.000  10.000  25.000  25.000  25.000  10.000  25.000 100.000
 --------------------------------------------------
      DISTANCE:    14.544
 --------------------------------------------------
  hmax/smax*avge       hk/sk*max
  20.000   6.000   0.250   1.250
 --------------------------------------------------
   itmax    bign  switch
     200       1       0       0       0       0
 --------------------------------------------------
         eprem/avge:   157.256   100.000
         eprem/avge:   157.613    98.958
 --------------
    IR/enrl/ww/ups0:     4.242    47.986    71.711    46.694
    IR/enrl/ww/ups1:     3.891    50.962    66.440    47.276
 --------------------------------------------------
                avg:     0.586     0.750     0.862     0.925     0.991     1.000     0.894
               mavg:     0.233     0.457     0.595     0.718     0.865     1.000     0.989
               prem:     1.148     1.299     1.476     1.634     1.694     1.869     2.087
              mprem:     1.155     1.422     1.541     1.702     1.647     1.911     1.783
 --------------
                hsc:     0.748     0.899     0.970     0.989     1.041     1.000     0.846
               mhsc:     0.301     0.531     0.664     0.762     0.933     1.000     1.024
                col:     0.859     1.169     1.432     1.616     1.763     1.869     1.766
               mcol:     0.348     0.756     1.023     1.296     1.537     1.911     1.826
 --------------
             logstd:     0.474     0.506     0.529     0.564     0.586     0.653     0.686
            mlogstd:     0.465     0.433     0.439     0.534     0.744     0.812     0.786
 --------------
               time:     0.157     0.104     0.083
              mtime:     0.145     0.115     0.096
               igc4:     0.341     0.675     0.154     0.208     0.450
              migc4:     0.286     1.188     0.241     0.292     0.065
 --------------------------------------------------
         hbins: 1.000
 --------------
 0.000 0.001 0.292 0.302 0.189 0.109 0.064 0.028 0.011 0.003 0.001 0.000 0.000
 --------------
        hkbins: 1.000
 --------------
 0.000 0.000 0.055 0.481 0.205 0.207 0.036 0.013 0.001 0.001 0.000 0.000 0.000
 --------------
         sbins: 1.000
 --------------
 0.000 0.184 0.098 0.122 0.113 0.086 0.075 0.072 0.063 0.053 0.040 0.027 0.021 0.016 0.011 0.008 0.005 0.003 0.001 0.001 0.000 0.000 0.000 0.000 0.000
 --------------
        skbins: 1.000
 --------------
 0.000 0.004 0.037 0.078 0.112 0.125 0.105 0.089 0.078 0.084 0.077 0.065 0.049 0.036 0.025 0.016 0.009 0.005 0.002 0.001 0.001 0.000 0.000 0.000 0.000
