 --------------------------------------------------
         eprem/avge:   157.256   100.000
         eprem/avge:   160.149    97.926
 --------------
    IR/enrl/ww/ups0:     4.242    47.986    71.711    46.694
    IR/enrl/ww/ups1:     4.107    49.921    67.212    47.188
 --------------------------------------------------
                avg:     0.586     0.750     0.862     0.925     0.991     1.000     0.894
               mavg:     0.235     0.465     0.600     0.700     0.868     1.000     0.993
               prem:     1.148     1.299     1.476     1.634     1.694     1.869     2.087
              mprem:     1.191     1.446     1.570     1.645     1.700     1.961     1.823
 --------------
                hsc:     0.748     0.899     0.970     0.989     1.041     1.000     0.846
               mhsc:     0.301     0.542     0.671     0.765     0.932     1.000     1.030
                col:     0.859     1.169     1.432     1.616     1.763     1.869     1.766
               mcol:     0.359     0.783     1.053     1.258     1.585     1.961     1.878
 --------------
             logstd:     0.474     0.506     0.529     0.564     0.586     0.653     0.686
            mlogstd:     0.483     0.446     0.434     0.543     0.739     0.806     0.778
 --------------
               time:     0.157     0.104     0.083
              mtime:     0.137     0.109     0.092
               igc4:     0.341     0.675     0.154     0.208     0.450
              migc4:     0.318     1.219     0.258     0.298     0.070
  tax,dd   0.106   0.213
