 --------------------------------------------------
         eprem/avge:   157.256   100.000
         eprem/avge:   154.654    97.782
 --------------
    IR/enrl/ww/ups0:     4.242    47.986    71.711    46.694
    IR/enrl/ww/ups1:     3.955    49.848    69.148    46.972
 --------------------------------------------------
                avg:     0.586     0.750     0.862     0.925     0.991     1.000     0.894
               mavg:     0.235     0.455     0.593     0.691     0.865     1.000     0.988
               prem:     1.148     1.299     1.476     1.634     1.694     1.869     2.087
              mprem:     1.192     1.334     1.507     1.602     1.658     1.882     1.765
 --------------
                hsc:     0.748     0.899     0.970     0.989     1.041     1.000     0.846
               mhsc:     0.295     0.541     0.662     0.749     0.921     1.000     1.020
                col:     0.859     1.169     1.432     1.616     1.763     1.869     1.766
               mcol:     0.352     0.721     0.998     1.199     1.528     1.882     1.801
 --------------
             logstd:     0.474     0.506     0.529     0.564     0.586     0.653     0.686
            mlogstd:     0.480     0.424     0.438     0.546     0.735     0.802     0.776
 --------------
               time:     0.157     0.104     0.083
              mtime:     0.136     0.113     0.094
               igc4:     0.341     0.675     0.154     0.208     0.450
              migc4:     0.297     1.182     0.253     0.294     0.065
  tax,dd   0.106   0.213
