 --------------------------------------------------
         eprem/avge:   157.256   100.000
         eprem/avge:   155.513    99.700
 --------------
    IR/enrl/ww/ups0:     4.242    47.986    71.711    46.694
    IR/enrl/ww/ups1:     3.888    51.151    66.390    47.282
 --------------------------------------------------
                avg:     0.586     0.750     0.862     0.925     0.991     1.000     0.894
               mavg:     0.239     0.457     0.590     0.697     0.867     1.000     0.987
               prem:     1.148     1.299     1.476     1.634     1.694     1.869     2.087
              mprem:     1.177     1.340     1.533     1.614     1.659     1.900     1.788
 --------------
                hsc:     0.748     0.899     0.970     0.989     1.041     1.000     0.846
               mhsc:     0.306     0.547     0.659     0.757     0.930     1.000     1.019
                col:     0.859     1.169     1.432     1.616     1.763     1.869     1.766
               mcol:     0.360     0.733     1.010     1.222     1.542     1.900     1.821
 --------------
             logstd:     0.474     0.506     0.529     0.564     0.586     0.653     0.686
            mlogstd:     0.467     0.428     0.443     0.551     0.737     0.806     0.777
 --------------
               time:     0.157     0.104     0.083
              mtime:     0.147     0.122     0.088
               igc4:     0.341     0.675     0.154     0.208     0.450
              migc4:     0.295     1.193     0.242     0.293     0.063
  tax,dd   0.106   0.213
