 --------------------------------------------------
         eprem/avge:   157.256   100.000
         eprem/avge:   157.483    97.893
 --------------
    IR/enrl/ww/ups0:     4.242    47.986    71.711    46.694
    IR/enrl/ww/ups1:     4.106    50.555    66.879    47.226
 --------------------------------------------------
                avg:     0.586     0.750     0.862     0.925     0.991     1.000     0.894
               mavg:     0.233     0.463     0.600     0.700     0.867     1.000     0.992
               prem:     1.148     1.299     1.476     1.634     1.694     1.869     2.087
              mprem:     1.149     1.428     1.542     1.624     1.673     1.934     1.805
 --------------
                hsc:     0.748     0.899     0.970     0.989     1.041     1.000     0.846
               mhsc:     0.303     0.540     0.673     0.765     0.933     1.000     1.028
                col:     0.859     1.169     1.432     1.616     1.763     1.869     1.766
               mcol:     0.348     0.772     1.038     1.243     1.562     1.934     1.855
 --------------
             logstd:     0.474     0.506     0.529     0.564     0.586     0.653     0.686
            mlogstd:     0.473     0.439     0.430     0.540     0.736     0.804     0.776
 --------------
               time:     0.157     0.104     0.083
              mtime:     0.137     0.108     0.092
               igc4:     0.341     0.675     0.154     0.208     0.450
              migc4:     0.301     1.218     0.252     0.299     0.069
  tax,dd   0.106   0.213
      IR   4.167
