 --------------------------------------------------
         eprem/avge:   157.256   100.000
         eprem/avge:   156.835    98.363
 --------------
    IR/enrl/ww/ups0:     4.242    47.986    71.711    46.694
    IR/enrl/ww/ups1:     3.879    50.882    66.536    47.265
 --------------------------------------------------
                avg:     0.586     0.750     0.862     0.925     0.991     1.000     0.894
               mavg:     0.238     0.453     0.592     0.694     0.863     1.000     0.986
               prem:     1.148     1.299     1.476     1.634     1.694     1.869     2.087
              mprem:     1.224     1.388     1.529     1.618     1.655     1.898     1.769
 --------------
                hsc:     0.748     0.899     0.970     0.989     1.041     1.000     0.846
               mhsc:     0.297     0.531     0.661     0.753     0.925     1.000     1.022
                col:     0.859     1.169     1.432     1.616     1.763     1.869     1.766
               mcol:     0.363     0.737     1.010     1.218     1.532     1.898     1.808
 --------------
             logstd:     0.474     0.506     0.529     0.564     0.586     0.653     0.686
            mlogstd:     0.470     0.436     0.437     0.544     0.740     0.810     0.783
 --------------
               time:     0.157     0.104     0.083
              mtime:     0.142     0.111     0.094
               igc4:     0.341     0.675     0.154     0.208     0.450
              migc4:     0.306     1.192     0.249     0.294     0.060
  tax,dd   0.106   0.213
