 --------------------------------------------------
         eprem/avge:   157.256   100.000
         eprem/avge:   158.609    97.105
 --------------
    IR/enrl/ww/ups0:     4.242    47.986    71.711    46.694
    IR/enrl/ww/ups1:     3.838    50.792    67.090    47.202
 --------------------------------------------------
                avg:     0.586     0.750     0.862     0.925     0.991     1.000     0.894
               mavg:     0.227     0.444     0.593     0.696     0.857     1.000     0.988
               prem:     1.148     1.299     1.476     1.634     1.694     1.869     2.087
              mprem:     1.238     1.422     1.528     1.647     1.678     1.909     1.779
 --------------
                hsc:     0.748     0.899     0.970     0.989     1.041     1.000     0.846
               mhsc:     0.283     0.516     0.664     0.751     0.915     1.000     1.024
                col:     0.859     1.169     1.432     1.616     1.763     1.869     1.766
               mcol:     0.351     0.734     1.014     1.236     1.535     1.909     1.822
 --------------
             logstd:     0.474     0.506     0.529     0.564     0.586     0.653     0.686
            mlogstd:     0.501     0.445     0.440     0.547     0.743     0.809     0.784
 --------------
               time:     0.157     0.104     0.083
              mtime:     0.140     0.107     0.096
               igc4:     0.341     0.675     0.154     0.208     0.450
              migc4:     0.295     1.188     0.249     0.291     0.059
  tax,dd   0.106   0.213
