 --------------------------------------------------
         eprem/avge:   157.256   100.000
         eprem/avge:   149.814    98.982
 --------------
    IR/enrl/ww/ups0:     4.242    47.986    69.910    46.694
    IR/enrl/ww/ups1:     4.017    48.802    72.038    46.660
 --------------------------------------------------
                avg:     0.586     0.750     0.862     0.925     0.991     1.000     0.894
               mavg:     0.238     0.466     0.573     0.661     0.849     1.000     0.987
               prem:     1.148     1.299     1.476     1.634     1.694     1.869     2.087
              mprem:     1.070     1.273     1.550     1.604     1.606     1.817     1.713
 --------------
                hsc:     0.748     0.899     0.970     0.989     1.041     1.000     0.846
               mhsc:     0.309     0.554     0.620     0.703     0.902     1.000     1.016
                col:     0.859     1.169     1.432     1.616     1.763     1.869     1.766
               mcol:     0.330     0.706     0.960     1.127     1.448     1.817     1.741
 --------------
             logstd:     0.474     0.506     0.529     0.564     0.586     0.653     0.686
            mlogstd:     0.489     0.423     0.452     0.560     0.730     0.786     0.759
 --------------
               time:     0.157     0.104     0.083
              mtime:     0.153     0.127     0.095
               igc4:     0.341     0.675     0.154     0.208     0.450
              migc4:     0.293     1.159     0.249     0.292     0.063
  tax,dd   0.106   0.213
      IR   4.242
