 --------------------------------------------------
         eprem/avge:   157.256   100.000
         eprem/avge:   157.510    97.681
 --------------
    IR/enrl/ww/ups0:     4.242    47.986    71.711    46.694
    IR/enrl/ww/ups1:     3.989    51.012    67.152    47.195
 --------------------------------------------------
                avg:     0.586     0.750     0.862     0.925     0.991     1.000     0.894
               mavg:     0.227     0.451     0.592     0.691     0.858     1.000     0.984
               prem:     1.148     1.299     1.476     1.634     1.694     1.869     2.087
              mprem:     1.288     1.390     1.506     1.611     1.651     1.889     1.775
 --------------
                hsc:     0.748     0.899     0.970     0.989     1.041     1.000     0.846
               mhsc:     0.277     0.528     0.665     0.749     0.920     1.000     1.016
                col:     0.859     1.169     1.432     1.616     1.763     1.869     1.766
               mcol:     0.356     0.734     1.001     1.207     1.518     1.889     1.803
 --------------
             logstd:     0.474     0.506     0.529     0.564     0.586     0.653     0.686
            mlogstd:     0.470     0.429     0.438     0.547     0.737     0.805     0.779
 --------------
               time:     0.157     0.104     0.083
              mtime:     0.142     0.111     0.099
               igc4:     0.341     0.675     0.154     0.208     0.450
              migc4:     0.291     1.184     0.246     0.295     0.059
  tax,dd   0.106   0.213
      IR   4.242
