 --------------------------------------------------
         eprem/avge:   157.256   100.000
         eprem/avge:   159.685    99.164
 --------------
    IR/enrl/ww/ups0:     4.242    47.986    71.711    46.694
    IR/enrl/ww/ups1:     3.960    50.418    66.578    47.261
 --------------------------------------------------
                avg:     0.586     0.750     0.862     0.925     0.991     1.000     0.894
               mavg:     0.234     0.456     0.591     0.715     0.867     1.000     0.989
               prem:     1.148     1.299     1.476     1.634     1.694     1.869     2.087
              mprem:     1.175     1.431     1.562     1.724     1.678     1.936     1.802
 --------------
                hsc:     0.748     0.899     0.970     0.989     1.041     1.000     0.846
               mhsc:     0.301     0.531     0.659     0.758     0.932     1.000     1.026
                col:     0.859     1.169     1.432     1.616     1.763     1.869     1.766
               mcol:     0.354     0.759     1.029     1.307     1.564     1.936     1.848
 --------------
             logstd:     0.474     0.506     0.529     0.564     0.586     0.653     0.686
            mlogstd:     0.472     0.436     0.444     0.539     0.746     0.814     0.786
 --------------
               time:     0.157     0.104     0.083
              mtime:     0.145     0.116     0.097
               igc4:     0.341     0.675     0.154     0.208     0.450
              migc4:     0.302     1.196     0.245     0.294     0.068
  tax,dd   0.106   0.213
