 --------------------------------------------------
         eprem/avge:   157.256   100.000
         eprem/avge:   158.848    98.830
 --------------
    IR/enrl/ww/ups0:     4.225    47.986    69.483    46.694
    IR/enrl/ww/ups1:     3.914    48.195    71.018    46.768
 --------------------------------------------------
                avg:     0.586     0.750     0.862     0.925     0.991     1.000     0.894
               mavg:     0.234     0.461     0.592     0.692     0.855     1.000     0.988
               prem:     1.148     1.299     1.476     1.634     1.694     1.869     2.087
              mprem:     1.168     1.448     1.623     1.675     1.664     1.880     1.773
 --------------
                hsc:     0.748     0.899     0.970     0.989     1.041     1.000     0.846
               mhsc:     0.294     0.523     0.636     0.732     0.907     1.000     1.017
                col:     0.859     1.169     1.432     1.616     1.763     1.869     1.766
               mcol:     0.344     0.757     1.032     1.226     1.510     1.880     1.802
 --------------
             logstd:     0.474     0.506     0.529     0.564     0.586     0.653     0.686
            mlogstd:     0.504     0.457     0.448     0.557     0.744     0.804     0.778
 --------------
               time:     0.157     0.104     0.083
              mtime:     0.148     0.099     0.102
               igc4:     0.341     0.675     0.154     0.208     0.450
              migc4:     0.312     1.195     0.241     0.290     0.063
  tax,dd   0.106   0.213
      IR   4.225
