 --------------------------------------------------
         eprem/avge:   157.256   100.000
         eprem/avge:   162.219    98.016
 --------------
    IR/enrl/ww/ups0:     4.225    47.986    71.711    46.694
    IR/enrl/ww/ups1:     3.823    51.060    64.817    47.465
 --------------------------------------------------
                avg:     0.586     0.750     0.862     0.925     0.991     1.000     0.894
               mavg:     0.227     0.447     0.597     0.687     0.857     1.000     0.989
               prem:     1.148     1.299     1.476     1.634     1.694     1.869     2.087
              mprem:     1.166     1.419     1.664     1.692     1.733     1.981     1.848
 --------------
                hsc:     0.748     0.899     0.970     0.989     1.041     1.000     0.846
               mhsc:     0.298     0.530     0.653     0.745     0.918     1.000     1.025
                col:     0.859     1.169     1.432     1.616     1.763     1.869     1.766
               mcol:     0.347     0.752     1.086     1.260     1.590     1.981     1.894
 --------------
             logstd:     0.474     0.506     0.529     0.564     0.586     0.653     0.686
            mlogstd:     0.475     0.439     0.437     0.569     0.736     0.801     0.776
 --------------
               time:     0.157     0.104     0.083
              mtime:     0.145     0.106     0.090
               igc4:     0.341     0.675     0.154     0.208     0.450
              migc4:     0.321     1.214     0.246     0.293     0.061
  tax,dd   0.106   0.213
