 --------------------------------------------------
         eprem/avge:   157.256   100.000
         eprem/avge:   156.864    99.329
 --------------
    IR/enrl/ww/ups0:     4.225    47.986    71.711    46.694
    IR/enrl/ww/ups1:     3.980    51.344    64.602    47.490
 --------------------------------------------------
                avg:     0.586     0.750     0.862     0.925     0.991     1.000     0.894
               mavg:     0.236     0.462     0.597     0.698     0.866     1.000     0.990
               prem:     1.148     1.299     1.476     1.634     1.694     1.869     2.087
              mprem:     1.171     1.329     1.544     1.670     1.684     1.929     1.794
 --------------
                hsc:     0.748     0.899     0.970     0.989     1.041     1.000     0.846
               mhsc:     0.304     0.560     0.669     0.751     0.929     1.000     1.028
                col:     0.859     1.169     1.432     1.616     1.763     1.869     1.766
               mcol:     0.356     0.744     1.032     1.255     1.564     1.929     1.843
 --------------
             logstd:     0.474     0.506     0.529     0.564     0.586     0.653     0.686
            mlogstd:     0.453     0.423     0.426     0.547     0.737     0.802     0.778
 --------------
               time:     0.157     0.104     0.083
              mtime:     0.142     0.107     0.098
               igc4:     0.341     0.675     0.154     0.208     0.450
              migc4:     0.305     1.199     0.246     0.294     0.062
  tax,dd   0.106   0.213
      IR   4.225
