 --------------------------------------------------
         eprem/avge:   157.256   100.000
         eprem/avge:   153.985    99.422
 --------------
    IR/enrl/ww/ups0:     4.225    47.986    71.711    46.694
    IR/enrl/ww/ups1:     4.107    51.761    64.622    47.488
 --------------------------------------------------
                avg:     0.586     0.750     0.862     0.925     0.991     1.000     0.894
               mavg:     0.213     0.437     0.559     0.670     0.852     1.000     0.984
               prem:     1.148     1.299     1.476     1.634     1.694     1.869     2.087
              mprem:     1.030     1.306     1.617     1.678     1.676     1.875     1.790
 --------------
                hsc:     0.748     0.899     0.970     0.989     1.041     1.000     0.846
               mhsc:     0.291     0.527     0.603     0.709     0.903     1.000     1.008
                col:     0.859     1.169     1.432     1.616     1.763     1.869     1.766
               mcol:     0.300     0.688     0.975     1.190     1.514     1.875     1.804
 --------------
             logstd:     0.474     0.506     0.529     0.564     0.586     0.653     0.686
            mlogstd:     0.436     0.413     0.447     0.554     0.723     0.785     0.762
 --------------
               time:     0.157     0.104     0.083
              mtime:     0.153     0.112     0.108
               igc4:     0.341     0.675     0.154     0.208     0.450
              migc4:     0.300     1.160     0.258     0.294     0.061
  tax,dd   0.106   0.213
