 --------------------------------------------------
         eprem/avge:   157.256   100.000
         eprem/avge:   163.372    99.563
 --------------
    IR/enrl/ww/ups0:     4.225    47.986    71.711    46.694
    IR/enrl/ww/ups1:     3.821    47.913    70.237    46.853
 --------------------------------------------------
                avg:     0.586     0.750     0.862     0.925     0.991     1.000     0.894
               mavg:     0.246     0.465     0.593     0.696     0.860     1.000     0.989
               prem:     1.148     1.299     1.476     1.634     1.694     1.869     2.087
              mprem:     1.136     1.486     1.696     1.730     1.727     1.964     1.848
 --------------
                hsc:     0.748     0.899     0.970     0.989     1.041     1.000     0.846
               mhsc:     0.320     0.532     0.636     0.739     0.914     1.000     1.018
                col:     0.859     1.169     1.432     1.616     1.763     1.869     1.766
               mcol:     0.363     0.790     1.079     1.279     1.579     1.964     1.882
 --------------
             logstd:     0.474     0.506     0.529     0.564     0.586     0.653     0.686
            mlogstd:     0.497     0.453     0.444     0.552     0.743     0.805     0.778
 --------------
               time:     0.157     0.104     0.083
              mtime:     0.148     0.099     0.097
               igc4:     0.341     0.675     0.154     0.208     0.450
              migc4:     0.345     1.208     0.248     0.290     0.066
  tax,dd   0.106   0.213
