 --------------------------------------------------
         eprem/avge:   157.256   100.000
         eprem/avge:   159.086    98.916
 --------------
    IR/enrl/ww/ups0:     4.225    47.986    71.711    46.694
    IR/enrl/ww/ups1:     3.867    50.891    65.220    47.418
 --------------------------------------------------
                avg:     0.586     0.750     0.862     0.925     0.991     1.000     0.894
               mavg:     0.233     0.447     0.596     0.688     0.864     1.000     0.987
               prem:     1.148     1.299     1.476     1.634     1.694     1.869     2.087
              mprem:     1.150     1.483     1.570     1.631     1.681     1.938     1.813
 --------------
                hsc:     0.748     0.899     0.970     0.989     1.041     1.000     0.846
               mhsc:     0.304     0.512     0.663     0.751     0.929     1.000     1.021
                col:     0.859     1.169     1.432     1.616     1.763     1.869     1.766
               mcol:     0.350     0.760     1.041     1.225     1.562     1.938     1.851
 --------------
             logstd:     0.474     0.506     0.529     0.564     0.586     0.653     0.686
            mlogstd:     0.466     0.440     0.426     0.553     0.734     0.802     0.777
 --------------
               time:     0.157     0.104     0.083
              mtime:     0.144     0.103     0.089
               igc4:     0.341     0.675     0.154     0.208     0.450
              migc4:     0.325     1.206     0.250     0.295     0.060
  tax,dd   0.106   0.213
      IR   4.225
