 --------------------------------------------------
         eprem/avge:   157.256   100.000
         eprem/avge:   158.309    99.654
 --------------
    IR/enrl/ww/ups0:     4.225    47.986    71.711    46.694
    IR/enrl/ww/ups1:     3.963    50.938    64.565    47.495
 --------------------------------------------------
                avg:     0.586     0.750     0.862     0.925     0.991     1.000     0.894
               mavg:     0.240     0.461     0.595     0.700     0.868     1.000     0.991
               prem:     1.148     1.299     1.476     1.634     1.694     1.869     2.087
              mprem:     1.179     1.338     1.564     1.683     1.708     1.947     1.805
 --------------
                hsc:     0.748     0.899     0.970     0.989     1.041     1.000     0.846
               mhsc:     0.310     0.558     0.665     0.754     0.928     1.000     1.030
                col:     0.859     1.169     1.432     1.616     1.763     1.869     1.766
               mcol:     0.366     0.747     1.040     1.269     1.585     1.947     1.858
 --------------
             logstd:     0.474     0.506     0.529     0.564     0.586     0.653     0.686
            mlogstd:     0.461     0.430     0.430     0.546     0.739     0.805     0.780
 --------------
               time:     0.157     0.104     0.083
              mtime:     0.142     0.106     0.098
               igc4:     0.341     0.675     0.154     0.208     0.450
              migc4:     0.322     1.205     0.251     0.294     0.064
  tax,dd   0.106   0.213
