 --------------------------------------------------
         eprem/avge:   157.256   100.000
         eprem/avge:   167.101    96.397
 --------------
    IR/enrl/ww/ups0:     4.225    47.986    71.711    46.694
    IR/enrl/ww/ups1:     3.860    49.913    66.110    47.314
 --------------------------------------------------
                avg:     0.586     0.750     0.862     0.925     0.991     1.000     0.894
               mavg:     0.228     0.459     0.587     0.677     0.850     1.000     0.991
               prem:     1.148     1.299     1.476     1.634     1.694     1.869     2.087
              mprem:     1.073     1.643     1.709     1.765     1.797     2.026     1.879
 --------------
                hsc:     0.748     0.899     0.970     0.989     1.041     1.000     0.846
               mhsc:     0.313     0.510     0.639     0.726     0.903     1.000     1.029
                col:     0.859     1.169     1.432     1.616     1.763     1.869     1.766
               mcol:     0.336     0.838     1.093     1.281     1.622     2.026     1.933
 --------------
             logstd:     0.474     0.506     0.529     0.564     0.586     0.653     0.686
            mlogstd:     0.481     0.428     0.426     0.552     0.725     0.783     0.759
 --------------
               time:     0.157     0.104     0.083
              mtime:     0.134     0.098     0.092
               igc4:     0.341     0.675     0.154     0.208     0.450
              migc4:     0.330     1.202     0.262     0.295     0.060
  tax,dd   0.106   0.213
