 --------------------------------------------------
         eprem/avge:   157.256   100.000
         eprem/avge:   161.009    98.973
 --------------
    IR/enrl/ww/ups0:     4.225    47.986    71.711    46.694
    IR/enrl/ww/ups1:     4.075    51.311    63.505    47.621
 --------------------------------------------------
                avg:     0.586     0.750     0.862     0.925     0.991     1.000     0.894
               mavg:     0.232     0.439     0.569     0.671     0.854     1.000     0.990
               prem:     1.148     1.299     1.476     1.634     1.694     1.869     2.087
              mprem:     1.095     1.401     1.614     1.701     1.753     2.020     1.880
 --------------
                hsc:     0.748     0.899     0.970     0.989     1.041     1.000     0.846
               mhsc:     0.317     0.529     0.638     0.733     0.918     1.000     1.027
                col:     0.859     1.169     1.432     1.616     1.763     1.869     1.766
               mcol:     0.347     0.742     1.030     1.247     1.610     2.020     1.931
 --------------
             logstd:     0.474     0.506     0.529     0.564     0.586     0.653     0.686
            mlogstd:     0.488     0.436     0.446     0.556     0.724     0.784     0.758
 --------------
               time:     0.157     0.104     0.083
              mtime:     0.147     0.107     0.098
               igc4:     0.341     0.675     0.154     0.208     0.450
              migc4:     0.346     1.198     0.260     0.296     0.064
  tax,dd   0.106   0.213
