 --------------------------------------------------
         eprem/avge:   157.256   100.000
         eprem/avge:   162.178    95.904
 --------------
    IR/enrl/ww/ups0:     4.000    47.986    71.711    46.694
    IR/enrl/ww/ups1:     4.134    48.703    70.841    46.787
 --------------------------------------------------
                avg:     0.586     0.750     0.862     0.925     0.991     1.000     0.894
               mavg:     0.225     0.452     0.583     0.688     0.854     1.000     0.989
               prem:     1.148     1.299     1.476     1.634     1.694     1.869     2.087
              mprem:     1.297     1.468     1.586     1.646     1.708     1.919     1.810
 --------------
                hsc:     0.748     0.899     0.970     0.989     1.041     1.000     0.846
               mhsc:     0.272     0.515     0.640     0.741     0.904     1.000     1.017
                col:     0.859     1.169     1.432     1.616     1.763     1.869     1.766
               mcol:     0.352     0.756     1.015     1.220     1.544     1.919     1.841
 --------------
             logstd:     0.474     0.506     0.529     0.564     0.586     0.653     0.686
            mlogstd:     0.486     0.442     0.449     0.547     0.736     0.798     0.773
 --------------
               time:     0.157     0.104     0.083
              mtime:     0.138     0.099     0.089
               igc4:     0.341     0.675     0.154     0.208     0.450
              migc4:     0.311     1.212     0.262     0.303     0.071
  tax,dd   0.106   0.213
      IR   4.106
