 --------------------------------------------------
         eprem/avge:   157.256   100.000
         eprem/avge:   166.342    97.600
 --------------
    IR/enrl/ww/ups0:     4.000    47.986    71.711    46.694
    IR/enrl/ww/ups1:     4.018    50.353    64.385    47.516
 --------------------------------------------------
                avg:     0.586     0.750     0.862     0.925     0.991     1.000     0.894
               mavg:     0.230     0.446     0.583     0.682     0.854     1.000     0.993
               prem:     1.148     1.299     1.476     1.634     1.694     1.869     2.087
              mprem:     1.236     1.483     1.614     1.726     1.791     2.030     1.897
 --------------
                hsc:     0.748     0.899     0.970     0.989     1.041     1.000     0.846
               mhsc:     0.295     0.522     0.654     0.740     0.909     1.000     1.027
                col:     0.859     1.169     1.432     1.616     1.763     1.869     1.766
               mcol:     0.365     0.775     1.055     1.277     1.628     2.030     1.949
 --------------
             logstd:     0.474     0.506     0.529     0.564     0.586     0.653     0.686
            mlogstd:     0.493     0.442     0.438     0.547     0.725     0.789     0.762
 --------------
               time:     0.157     0.104     0.083
              mtime:     0.145     0.094     0.087
               igc4:     0.341     0.675     0.154     0.208     0.450
              migc4:     0.354     1.224     0.272     0.302     0.068
  tax,dd   0.106   0.213
