 --------------------------------------------------
         eprem/avge:   157.256   100.000
         eprem/avge:   169.440    97.366
 --------------
    IR/enrl/ww/ups0:     4.000    47.986    71.711    46.694
    IR/enrl/ww/ups1:     4.602    47.658    69.338    46.951
 --------------------------------------------------
                avg:     0.586     0.750     0.862     0.925     0.991     1.000     0.894
               mavg:     0.230     0.458     0.582     0.682     0.849     1.000     0.986
               prem:     1.148     1.299     1.476     1.634     1.694     1.869     2.087
              mprem:     1.323     1.571     1.680     1.707     1.776     1.995     1.899
 --------------
                hsc:     0.748     0.899     0.970     0.989     1.041     1.000     0.846
               mhsc:     0.279     0.513     0.632     0.735     0.898     1.000     1.009
                col:     0.859     1.169     1.432     1.616     1.763     1.869     1.766
               mcol:     0.369     0.806     1.061     1.255     1.594     1.995     1.916
 --------------
             logstd:     0.474     0.506     0.529     0.564     0.586     0.653     0.686
            mlogstd:     0.495     0.446     0.443     0.541     0.717     0.779     0.754
 --------------
               time:     0.157     0.104     0.083
              mtime:     0.142     0.100     0.092
               igc4:     0.341     0.675     0.154     0.208     0.450
              migc4:     0.365     1.238     0.274     0.314     0.076
  tax,dd   0.106   0.213
