 --------------------------------------------------
         eprem/avge:   157.256   100.000
         eprem/avge:   166.014    96.728
 --------------
    IR/enrl/ww/ups0:     4.000    47.986    71.711    46.694
    IR/enrl/ww/ups1:     4.069    50.653    65.011    47.442
 --------------------------------------------------
                avg:     0.586     0.750     0.862     0.925     0.991     1.000     0.894
               mavg:     0.222     0.442     0.581     0.679     0.847     1.000     0.992
               prem:     1.148     1.299     1.476     1.634     1.694     1.869     2.087
              mprem:     1.272     1.482     1.598     1.723     1.773     2.007     1.881
 --------------
                hsc:     0.748     0.899     0.970     0.989     1.041     1.000     0.846
               mhsc:     0.279     0.515     0.652     0.734     0.902     1.000     1.025
                col:     0.859     1.169     1.432     1.616     1.763     1.869     1.766
               mcol:     0.355     0.764     1.041     1.264     1.600     2.007     1.927
 --------------
             logstd:     0.474     0.506     0.529     0.564     0.586     0.653     0.686
            mlogstd:     0.487     0.437     0.441     0.546     0.722     0.784     0.758
 --------------
               time:     0.157     0.104     0.083
              mtime:     0.145     0.093     0.092
               igc4:     0.341     0.675     0.154     0.208     0.450
              migc4:     0.337     1.210     0.272     0.300     0.066
  tax,dd   0.106   0.213
      IR   4.160
