 --------------------------------------------------
         eprem/avge:   157.256   100.000
         eprem/avge:   163.941    97.648
 --------------
    IR/enrl/ww/ups0:     4.000    47.986    71.711    46.694
    IR/enrl/ww/ups1:     4.795    50.818    64.866    47.459
 --------------------------------------------------
                avg:     0.586     0.750     0.862     0.925     0.991     1.000     0.894
               mavg:     0.223     0.433     0.560     0.657     0.843     1.000     0.992
               prem:     1.148     1.299     1.476     1.634     1.694     1.869     2.087
              mprem:     1.204     1.467     1.602     1.717     1.778     1.970     1.870
 --------------
                hsc:     0.748     0.899     0.970     0.989     1.041     1.000     0.846
               mhsc:     0.286     0.503     0.623     0.705     0.888     1.000     1.019
                col:     0.859     1.169     1.432     1.616     1.763     1.869     1.766
               mcol:     0.344     0.738     0.998     1.210     1.579     1.970     1.905
 --------------
             logstd:     0.474     0.506     0.529     0.564     0.586     0.653     0.686
            mlogstd:     0.477     0.434     0.444     0.537     0.701     0.755     0.731
 --------------
               time:     0.157     0.104     0.083
              mtime:     0.153     0.106     0.103
               igc4:     0.341     0.675     0.154     0.208     0.450
              migc4:     0.339     1.219     0.273     0.316     0.068
  tax,dd   0.106   0.213
