 --------------------------------------------------
         eprem/avge:   157.256   100.000
         eprem/avge:   164.754    96.881
 --------------
    IR/enrl/ww/ups0:     4.000    47.986    71.711    46.694
    IR/enrl/ww/ups1:     4.122    49.614    67.710    47.132
 --------------------------------------------------
                avg:     0.586     0.750     0.862     0.925     0.991     1.000     0.894
               mavg:     0.224     0.443     0.573     0.664     0.845     1.000     0.989
               prem:     1.148     1.299     1.476     1.634     1.694     1.869     2.087
              mprem:     1.226     1.556     1.671     1.661     1.733     1.954     1.838
 --------------
                hsc:     0.748     0.899     0.970     0.989     1.041     1.000     0.846
               mhsc:     0.283     0.496     0.619     0.720     0.897     1.000     1.020
                col:     0.859     1.169     1.432     1.616     1.763     1.869     1.766
               mcol:     0.346     0.771     1.035     1.196     1.555     1.954     1.875
 --------------
             logstd:     0.474     0.506     0.529     0.564     0.586     0.653     0.686
            mlogstd:     0.465     0.443     0.444     0.553     0.720     0.778     0.753
 --------------
               time:     0.157     0.104     0.083
              mtime:     0.146     0.113     0.086
               igc4:     0.341     0.675     0.154     0.208     0.450
              migc4:     0.340     1.196     0.266     0.300     0.063
  tax,dd   0.106   0.213
      IR   4.148
