 --------------------------------------------------
         eprem/avge:   157.256   100.000
         eprem/avge:   164.001    96.371
 --------------
    IR/enrl/ww/ups0:     4.000    47.986    71.711    46.694
    IR/enrl/ww/ups1:     4.176    48.443    70.607    46.813
 --------------------------------------------------
                avg:     0.586     0.750     0.862     0.925     0.991     1.000     0.894
               mavg:     0.228     0.453     0.581     0.689     0.855     1.000     0.988
               prem:     1.148     1.299     1.476     1.634     1.694     1.869     2.087
              mprem:     1.324     1.484     1.602     1.660     1.733     1.934     1.822
 --------------
                hsc:     0.748     0.899     0.970     0.989     1.041     1.000     0.846
               mhsc:     0.274     0.516     0.637     0.741     0.902     1.000     1.017
                col:     0.859     1.169     1.432     1.616     1.763     1.869     1.766
               mcol:     0.363     0.765     1.020     1.231     1.563     1.934     1.853
 --------------
             logstd:     0.474     0.506     0.529     0.564     0.586     0.653     0.686
            mlogstd:     0.494     0.447     0.453     0.548     0.741     0.801     0.776
 --------------
               time:     0.157     0.104     0.083
              mtime:     0.139     0.098     0.089
               igc4:     0.341     0.675     0.154     0.208     0.450
              migc4:     0.326     1.224     0.263     0.306     0.075
  tax,dd   0.106   0.213
