 --------------------------------------------------
         eprem/avge:   157.256   100.000
         eprem/avge:   160.034    97.913
 --------------
    IR/enrl/ww/ups0:     4.000    47.986    71.711    46.694
    IR/enrl/ww/ups1:     4.681    49.673    68.650    47.027
 --------------------------------------------------
                avg:     0.586     0.750     0.862     0.925     0.991     1.000     0.894
               mavg:     0.225     0.440     0.572     0.657     0.841     1.000     0.986
               prem:     1.148     1.299     1.476     1.634     1.694     1.869     2.087
              mprem:     1.175     1.496     1.601     1.667     1.691     1.893     1.790
 --------------
                hsc:     0.748     0.899     0.970     0.989     1.041     1.000     0.846
               mhsc:     0.285     0.495     0.622     0.700     0.890     1.000     1.014
                col:     0.859     1.169     1.432     1.616     1.763     1.869     1.766
               mcol:     0.335     0.740     0.995     1.167     1.504     1.893     1.815
 --------------
             logstd:     0.474     0.506     0.529     0.564     0.586     0.653     0.686
            mlogstd:     0.482     0.428     0.444     0.553     0.706     0.765     0.742
 --------------
               time:     0.157     0.104     0.083
              mtime:     0.156     0.114     0.090
               igc4:     0.341     0.675     0.154     0.208     0.450
              migc4:     0.338     1.213     0.260     0.314     0.067
  tax,dd   0.106   0.213
