 --------------------------------------------------
         eprem/avge:   157.256   100.000
         eprem/avge:   167.635    95.191
 --------------
    IR/enrl/ww/ups0:     4.000    47.986    71.711    46.694
    IR/enrl/ww/ups1:     4.575    47.604    71.151    46.754
 --------------------------------------------------
                avg:     0.586     0.750     0.862     0.925     0.991     1.000     0.894
               mavg:     0.230     0.454     0.574     0.661     0.844     1.000     0.993
               prem:     1.148     1.299     1.476     1.634     1.694     1.869     2.087
              mprem:     1.290     1.534     1.683     1.723     1.769     1.966     1.864
 --------------
                hsc:     0.748     0.899     0.970     0.989     1.041     1.000     0.846
               mhsc:     0.281     0.511     0.617     0.704     0.888     1.000     1.019
                col:     0.859     1.169     1.432     1.616     1.763     1.869     1.766
               mcol:     0.362     0.784     1.039     1.213     1.570     1.966     1.899
 --------------
             logstd:     0.474     0.506     0.529     0.564     0.586     0.653     0.686
            mlogstd:     0.485     0.443     0.451     0.557     0.715     0.774     0.748
 --------------
               time:     0.157     0.104     0.083
              mtime:     0.139     0.101     0.090
               igc4:     0.341     0.675     0.154     0.208     0.450
              migc4:     0.353     1.214     0.283     0.313     0.082
  tax,dd   0.106   0.213
