    thet   rho_a    zeta   omeg1   omeg2      bp   zcols   zcolm    mu_a   sig_a     bta      ww     tfp
   0.318   0.227   3.108   0.559   0.298   0.814   0.005   0.228   0.829   0.303   0.982   0.717   1.674
 --------------------------------------------------
   0.300   0.220   3.000   0.540   0.280   0.800  -0.060   0.100   0.810   0.210   0.980   0.700   1.600
   0.330   0.230   3.300   0.570   0.310   0.815   0.100   0.400   0.830   0.330   0.984   0.900   1.700
 --------------------------------------------------
     hsc     col     std    time     igc  eprem1  i.rate  enroll avgearn
   1.000   1.000  10.000  25.000  25.000  25.000  10.000  25.000 100.000
 --------------------------------------------------
      DISTANCE:    13.805
 --------------------------------------------------
  hmax/smax*avge       hk/sk*max
  20.000   6.000   0.250   1.250
 --------------------------------------------------
   itmax    bign  switch
     200       1       0       0       0       0
 --------------------------------------------------
         eprem/avge:   157.256   100.000
         eprem/avge:   156.468    99.097
 --------------
    IR/enrl/ww/ups0:     4.290    47.986    71.711    46.694
    IR/enrl/ww/ups1:     3.854    51.702    64.002    47.562
 --------------------------------------------------
                avg:     0.586     0.750     0.862     0.925     0.991     1.000     0.894
               mavg:     0.224     0.453     0.585     0.689     0.865     1.000     0.988
               prem:     1.148     1.299     1.476     1.634     1.694     1.869     2.087
              mprem:     1.071     1.380     1.544     1.691     1.698     1.936     1.810
 --------------
                hsc:     0.748     0.899     0.970     0.989     1.041     1.000     0.846
               mhsc:     0.305     0.539     0.657     0.739     0.926     1.000     1.023
                col:     0.859     1.169     1.432     1.616     1.763     1.869     1.766
               mcol:     0.326     0.744     1.015     1.250     1.572     1.936     1.852
 --------------
             logstd:     0.474     0.506     0.529     0.564     0.586     0.653     0.686
            mlogstd:     0.477     0.433     0.445     0.551     0.739     0.806     0.777
 --------------
               time:     0.157     0.104     0.083
              mtime:     0.140     0.112     0.096
               igc4:     0.341     0.675     0.154     0.208     0.450
              migc4:     0.308     1.193     0.248     0.290     0.059
 --------------------------------------------------
         hbins: 1.000
 --------------
 0.000 0.001 0.285 0.302 0.193 0.110 0.063 0.029 0.012 0.004 0.001 0.000 0.000
 --------------
        hkbins: 1.000
 --------------
 0.000 0.000 0.044 0.497 0.182 0.221 0.037 0.017 0.002 0.001 0.000 0.000 0.000
 --------------
         sbins: 1.000
 --------------
 0.000 0.174 0.093 0.128 0.107 0.084 0.077 0.077 0.068 0.056 0.041 0.027 0.021 0.016 0.011 0.008 0.005 0.003 0.002 0.001 0.001 0.000 0.000 0.000 0.000
 --------------
        skbins: 1.000
 --------------
 0.000 0.003 0.033 0.075 0.109 0.125 0.105 0.092 0.082 0.087 0.079 0.066 0.049 0.035 0.025 0.016 0.010 0.005 0.003 0.001 0.001 0.000 0.000 0.000 0.000
