 --------------------------------------------------
         eprem/avge:   157.256   100.000
         eprem/avge:   153.213   102.810
 --------------
    IR/enrl/ww/ups0:     4.290    47.986    69.824    46.694
    IR/enrl/ww/ups1:     4.358    49.851    68.711    47.020
 --------------------------------------------------
                avg:     0.586     0.750     0.862     0.925     0.991     1.000     0.894
               mavg:     0.233     0.462     0.585     0.681     0.865     1.000     0.983
               prem:     1.148     1.299     1.476     1.634     1.694     1.869     2.087
              mprem:     1.073     1.376     1.591     1.653     1.625     1.828     1.718
 --------------
                hsc:     0.748     0.899     0.970     0.989     1.041     1.000     0.846
               mhsc:     0.303     0.532     0.627     0.716     0.917     1.000     1.014
                col:     0.859     1.169     1.432     1.616     1.763     1.869     1.766
               mcol:     0.326     0.733     0.997     1.184     1.490     1.828     1.742
 --------------
             logstd:     0.474     0.506     0.529     0.564     0.586     0.653     0.686
            mlogstd:     0.468     0.434     0.446     0.553     0.730     0.788     0.763
 --------------
               time:     0.157     0.104     0.083
              mtime:     0.155     0.132     0.106
               igc4:     0.341     0.675     0.154     0.208     0.450
              migc4:     0.298     1.189     0.242     0.300     0.070
  tax,dd   0.106   0.213
      IR   4.164
