 --------------------------------------------------
         eprem/avge:   157.256   100.000
         eprem/avge:   144.509   102.088
 --------------
    IR/enrl/ww/ups0:     4.290    47.986    67.745    46.694
    IR/enrl/ww/ups1:     3.897    48.068    74.354    46.419
 --------------------------------------------------
                avg:     0.586     0.750     0.862     0.925     0.991     1.000     0.894
               mavg:     0.249     0.489     0.610     0.721     0.873     1.000     0.985
               prem:     1.148     1.299     1.476     1.634     1.694     1.869     2.087
              mprem:     1.005     1.321     1.524     1.614     1.493     1.668     1.619
 --------------
                hsc:     0.748     0.899     0.970     0.989     1.041     1.000     0.846
               mhsc:     0.317     0.547     0.637     0.732     0.921     1.000     0.999
                col:     0.859     1.169     1.432     1.616     1.763     1.869     1.766
               mcol:     0.319     0.723     0.971     1.182     1.375     1.668     1.618
 --------------
             logstd:     0.474     0.506     0.529     0.564     0.586     0.653     0.686
            mlogstd:     0.483     0.421     0.438     0.541     0.759     0.828     0.795
 --------------
               time:     0.157     0.104     0.083
              mtime:     0.147     0.122     0.107
               igc4:     0.341     0.675     0.154     0.208     0.450
              migc4:     0.256     1.198     0.211     0.287     0.066
  tax,dd   0.106   0.213
      IR   4.290
