 --------------------------------------------------
         eprem/avge:   157.256   100.000
         eprem/avge:   156.052   100.091
 --------------
    IR/enrl/ww/ups0:     4.290    47.986    71.711    46.694
    IR/enrl/ww/ups1:     3.785    52.502    63.174    47.661
 --------------------------------------------------
                avg:     0.586     0.750     0.862     0.925     0.991     1.000     0.894
               mavg:     0.236     0.452     0.599     0.689     0.868     1.000     0.987
               prem:     1.148     1.299     1.476     1.634     1.694     1.869     2.087
              mprem:     1.134     1.387     1.556     1.602     1.671     1.921     1.791
 --------------
                hsc:     0.748     0.899     0.970     0.989     1.041     1.000     0.846
               mhsc:     0.312     0.536     0.669     0.758     0.934     1.000     1.024
                col:     0.859     1.169     1.432     1.616     1.763     1.869     1.766
               mcol:     0.353     0.744     1.041     1.214     1.560     1.921     1.834
 --------------
             logstd:     0.474     0.506     0.529     0.564     0.586     0.653     0.686
            mlogstd:     0.487     0.421     0.432     0.552     0.743     0.807     0.780
 --------------
               time:     0.157     0.104     0.083
              mtime:     0.144     0.110     0.102
               igc4:     0.341     0.675     0.154     0.208     0.450
              migc4:     0.304     1.191     0.242     0.288     0.063
  tax,dd   0.106   0.213
