 --------------------------------------------------
         eprem/avge:   157.256   100.000
         eprem/avge:   154.242   102.449
 --------------
    IR/enrl/ww/ups0:     4.290    47.986    71.711    46.694
    IR/enrl/ww/ups1:     3.949    47.604    74.142    46.441
 --------------------------------------------------
                avg:     0.586     0.750     0.862     0.925     0.991     1.000     0.894
               mavg:     0.252     0.484     0.605     0.718     0.870     1.000     0.983
               prem:     1.148     1.299     1.476     1.634     1.694     1.869     2.087
              mprem:     1.076     1.414     1.632     1.712     1.591     1.782     1.722
 --------------
                hsc:     0.748     0.899     0.970     0.989     1.041     1.000     0.846
               mhsc:     0.320     0.540     0.630     0.732     0.918     1.000     0.999
                col:     0.859     1.169     1.432     1.616     1.763     1.869     1.766
               mcol:     0.344     0.764     1.029     1.253     1.460     1.782     1.720
 --------------
             logstd:     0.474     0.506     0.529     0.564     0.586     0.653     0.686
            mlogstd:     0.483     0.424     0.438     0.541     0.761     0.825     0.793
 --------------
               time:     0.157     0.104     0.083
              mtime:     0.148     0.121     0.107
               igc4:     0.341     0.675     0.154     0.208     0.450
              migc4:     0.303     1.216     0.215     0.288     0.070
  tax,dd   0.106   0.213
