 --------------------------------------------------
         eprem/avge:   157.256   100.000
         eprem/avge:   156.920    99.547
 --------------
    IR/enrl/ww/ups0:     4.290    47.986    71.711    46.694
    IR/enrl/ww/ups1:     3.843    51.362    64.968    47.447
 --------------------------------------------------
                avg:     0.586     0.750     0.862     0.925     0.991     1.000     0.894
               mavg:     0.229     0.457     0.581     0.681     0.859     1.000     0.983
               prem:     1.148     1.299     1.476     1.634     1.694     1.869     2.087
              mprem:     1.173     1.378     1.587     1.636     1.654     1.886     1.789
 --------------
                hsc:     0.748     0.899     0.970     0.989     1.041     1.000     0.846
               mhsc:     0.292     0.537     0.635     0.733     0.919     1.000     1.010
                col:     0.859     1.169     1.432     1.616     1.763     1.869     1.766
               mcol:     0.342     0.740     1.008     1.199     1.520     1.886     1.807
 --------------
             logstd:     0.474     0.506     0.529     0.564     0.586     0.653     0.686
            mlogstd:     0.448     0.426     0.435     0.554     0.737     0.802     0.776
 --------------
               time:     0.157     0.104     0.083
              mtime:     0.149     0.120     0.094
               igc4:     0.341     0.675     0.154     0.208     0.450
              migc4:     0.298     1.186     0.249     0.289     0.059
  tax,dd   0.106   0.213
