 --------------------------------------------------
         eprem/avge:   157.256   100.000
         eprem/avge:   153.139   103.740
 --------------
    IR/enrl/ww/ups0:     4.290    47.986    71.711    46.694
    IR/enrl/ww/ups1:     3.889    50.581    67.819    47.120
 --------------------------------------------------
                avg:     0.586     0.750     0.862     0.925     0.991     1.000     0.894
               mavg:     0.239     0.454     0.596     0.707     0.873     1.000     0.978
               prem:     1.148     1.299     1.476     1.634     1.694     1.869     2.087
              mprem:     1.194     1.305     1.579     1.604     1.605     1.808     1.724
 --------------
                hsc:     0.748     0.899     0.970     0.989     1.041     1.000     0.846
               mhsc:     0.295     0.535     0.638     0.751     0.927     1.000     1.002
                col:     0.859     1.169     1.432     1.616     1.763     1.869     1.766
               mcol:     0.353     0.698     1.007     1.205     1.488     1.808     1.727
 --------------
             logstd:     0.474     0.506     0.529     0.564     0.586     0.653     0.686
            mlogstd:     0.480     0.441     0.452     0.542     0.747     0.812     0.787
 --------------
               time:     0.157     0.104     0.083
              mtime:     0.155     0.112     0.104
               igc4:     0.341     0.675     0.154     0.208     0.450
              migc4:     0.312     1.207     0.221     0.293     0.071
  tax,dd   0.106   0.213
