 --------------------------------------------------
         eprem/avge:   157.256   100.000
         eprem/avge:   149.466   102.845
 --------------
    IR/enrl/ww/ups0:     4.290    47.986    69.674    46.694
    IR/enrl/ww/ups1:     3.959    50.875    68.131    47.085
 --------------------------------------------------
                avg:     0.586     0.750     0.862     0.925     0.991     1.000     0.894
               mavg:     0.231     0.456     0.600     0.707     0.871     1.000     0.981
               prem:     1.148     1.299     1.476     1.634     1.694     1.869     2.087
              mprem:     1.209     1.269     1.507     1.557     1.558     1.772     1.678
 --------------
                hsc:     0.748     0.899     0.970     0.989     1.041     1.000     0.846
               mhsc:     0.280     0.540     0.652     0.755     0.930     1.000     1.009
                col:     0.859     1.169     1.432     1.616     1.763     1.869     1.766
               mcol:     0.339     0.685     0.982     1.176     1.448     1.772     1.692
 --------------
             logstd:     0.474     0.506     0.529     0.564     0.586     0.653     0.686
            mlogstd:     0.481     0.439     0.447     0.545     0.747     0.812     0.785
 --------------
               time:     0.157     0.104     0.083
              mtime:     0.154     0.112     0.106
               igc4:     0.341     0.675     0.154     0.208     0.450
              migc4:     0.282     1.192     0.216     0.293     0.067
  tax,dd   0.106   0.213
      IR   4.290
