 --------------------------------------------------
         eprem/avge:   157.256   100.000
         eprem/avge:   155.414   100.697
 --------------
    IR/enrl/ww/ups0:     4.290    47.986    71.711    46.694
    IR/enrl/ww/ups1:     3.877    52.768    62.194    47.780
 --------------------------------------------------
                avg:     0.586     0.750     0.862     0.925     0.991     1.000     0.894
               mavg:     0.231     0.452     0.583     0.683     0.864     1.000     0.988
               prem:     1.148     1.299     1.476     1.634     1.694     1.869     2.087
              mprem:     1.038     1.351     1.580     1.670     1.698     1.931     1.805
 --------------
                hsc:     0.748     0.899     0.970     0.989     1.041     1.000     0.846
               mhsc:     0.320     0.546     0.648     0.737     0.924     1.000     1.024
                col:     0.859     1.169     1.432     1.616     1.763     1.869     1.766
               mcol:     0.332     0.737     1.023     1.231     1.569     1.931     1.848
 --------------
             logstd:     0.474     0.506     0.529     0.564     0.586     0.653     0.686
            mlogstd:     0.465     0.427     0.442     0.549     0.732     0.794     0.768
 --------------
               time:     0.157     0.104     0.083
              mtime:     0.143     0.116     0.103
               igc4:     0.341     0.675     0.154     0.208     0.450
              migc4:     0.302     1.197     0.244     0.291     0.061
  tax,dd   0.106   0.213
