 --------------------------------------------------
         eprem/avge:   157.256   100.000
         eprem/avge:   158.822    99.289
 --------------
    IR/enrl/ww/ups0:     4.290    47.986    71.711    46.694
    IR/enrl/ww/ups1:     3.925    51.043    64.151    47.544
 --------------------------------------------------
                avg:     0.586     0.750     0.862     0.925     0.991     1.000     0.894
               mavg:     0.226     0.450     0.582     0.686     0.866     1.000     0.988
               prem:     1.148     1.299     1.476     1.634     1.694     1.869     2.087
              mprem:     1.078     1.398     1.570     1.714     1.733     1.973     1.838
 --------------
                hsc:     0.748     0.899     0.970     0.989     1.041     1.000     0.846
               mhsc:     0.308     0.537     0.654     0.737     0.925     1.000     1.025
                col:     0.859     1.169     1.432     1.616     1.763     1.869     1.766
               mcol:     0.332     0.750     1.027     1.263     1.603     1.973     1.883
 --------------
             logstd:     0.474     0.506     0.529     0.564     0.586     0.653     0.686
            mlogstd:     0.485     0.439     0.449     0.554     0.740     0.805     0.777
 --------------
               time:     0.157     0.104     0.083
              mtime:     0.141     0.112     0.097
               igc4:     0.341     0.675     0.154     0.208     0.450
              migc4:     0.327     1.202     0.252     0.291     0.062
  tax,dd   0.106   0.213
