    thet   rho_a    zeta   omeg1   omeg2      bp   zcols   zcolm    mu_a   sig_a     bta      ww     tfp
   0.318   0.227   3.108   0.559   0.298   0.814   0.005   0.228   0.829   0.303   0.982   0.717   1.674
 --------------------------------------------------
   0.300   0.220   3.000   0.540   0.280   0.800  -0.060   0.100   0.810   0.210   0.980   0.700   1.600
   0.330   0.230   3.300   0.570   0.310   0.815   0.100   0.400   0.830   0.330   0.984   0.900   1.700
 --------------------------------------------------
     hsc     col     std    time     igc  eprem1  i.rate  enroll avgearn
   1.000   1.000  10.000  25.000  25.000  25.000  10.000  25.000 100.000
 --------------------------------------------------
      DISTANCE:    20.196
 --------------------------------------------------
  hmax/smax*avge       hk/sk*max
  20.000   6.000   0.250   1.250
 --------------------------------------------------
   itmax    bign  switch
     200       1       0       0       5       0
 --------------------------------------------------
         eprem/avge:   157.256   100.000
         eprem/avge:   161.804   104.373
 --------------
    IR/enrl/ww/ups0:     4.377    47.986    71.711    46.694
    IR/enrl/ww/ups1:     4.097    55.162    53.836    48.883
 --------------------------------------------------
                avg:     0.586     0.750     0.862     0.925     0.991     1.000     0.894
               mavg:     0.258     0.455     0.572     0.682     0.883     1.000     0.979
               prem:     1.148     1.299     1.476     1.634     1.694     1.869     2.087
              mprem:     1.033     1.414     1.773     1.664     1.729     2.026     1.924
 --------------
                hsc:     0.748     0.899     0.970     0.989     1.041     1.000     0.846
               mhsc:     0.374     0.555     0.616     0.761     0.964     1.000     1.007
                col:     0.859     1.169     1.432     1.616     1.763     1.869     1.766
               mcol:     0.387     0.785     1.092     1.266     1.666     2.026     1.938
 --------------
             logstd:     0.474     0.506     0.529     0.564     0.586     0.653     0.686
            mlogstd:     0.467     0.474     0.466     0.548     0.714     0.780     0.754
 --------------
               time:     0.157     0.104     0.083
              mtime:     0.101     0.128     0.096
               igc4:     0.341     0.675     0.154     0.208     0.450
              migc4:     0.356     1.264     0.219     0.296     0.060
 --------------------------------------------------
         hbins: 1.000
 --------------
 0.000 0.000 0.264 0.307 0.188 0.119 0.069 0.032 0.014 0.005 0.002 0.000 0.000
 --------------
        hkbins: 1.000
 --------------
 0.000 0.000 0.341 0.277 0.119 0.149 0.060 0.026 0.017 0.005 0.003 0.001 0.000
 --------------
         sbins: 1.000
 --------------
 0.000 0.185 0.089 0.118 0.102 0.085 0.084 0.086 0.070 0.054 0.039 0.026 0.019 0.015 0.011 0.007 0.004 0.002 0.001 0.001 0.000 0.000 0.000 0.000 0.000
 --------------
        skbins: 1.000
 --------------
 0.000 0.004 0.035 0.073 0.098 0.112 0.101 0.094 0.102 0.094 0.080 0.065 0.049 0.033 0.025 0.016 0.009 0.005 0.003 0.001 0.001 0.000 0.000 0.000 0.000
