 --------------------------------------------------
         eprem/avge:   157.256   100.000
         eprem/avge:   160.328   101.666
 --------------
    IR/enrl/ww/ups0:     4.377    47.986    71.711    46.694
    IR/enrl/ww/ups1:     4.046    53.909    55.733    48.619
 --------------------------------------------------
                avg:     0.586     0.750     0.862     0.925     0.991     1.000     0.894
               mavg:     0.254     0.443     0.575     0.688     0.888     1.000     0.987
               prem:     1.148     1.299     1.476     1.634     1.694     1.869     2.087
              mprem:     0.883     1.505     1.710     1.711     1.750     2.081     1.923
 --------------
                hsc:     0.748     0.899     0.970     0.989     1.041     1.000     0.846
               mhsc:     0.403     0.527     0.639     0.765     0.975     1.000     1.030
                col:     0.859     1.169     1.432     1.616     1.763     1.869     1.766
               mcol:     0.356     0.793     1.093     1.309     1.705     2.081     1.981
 --------------
             logstd:     0.474     0.506     0.529     0.564     0.586     0.653     0.686
            mlogstd:     0.418     0.470     0.474     0.544     0.722     0.793     0.767
 --------------
               time:     0.157     0.104     0.083
              mtime:     0.093     0.116     0.094
               igc4:     0.341     0.675     0.154     0.208     0.450
              migc4:     0.369     1.283     0.220     0.295     0.066
  tax,dd   0.106   0.213
