 --------------------------------------------------
         eprem/avge:   157.256   100.000
         eprem/avge:   146.667   105.114
 --------------
    IR/enrl/ww/ups0:     4.377    47.986    67.314    46.694
    IR/enrl/ww/ups1:     4.035    48.597    69.625    46.919
 --------------------------------------------------
                avg:     0.586     0.750     0.862     0.925     0.991     1.000     0.894
               mavg:     0.260     0.486     0.589     0.700     0.893     1.000     0.979
               prem:     1.148     1.299     1.476     1.634     1.694     1.869     2.087
              mprem:     0.926     1.429     1.631     1.566     1.522     1.720     1.650
 --------------
                hsc:     0.748     0.899     0.970     0.989     1.041     1.000     0.846
               mhsc:     0.352     0.532     0.604     0.733     0.947     1.000     0.999
                col:     0.859     1.169     1.432     1.616     1.763     1.869     1.766
               mcol:     0.326     0.760     0.986     1.147     1.442     1.720     1.648
 --------------
             logstd:     0.474     0.506     0.529     0.564     0.586     0.653     0.686
            mlogstd:     0.479     0.466     0.466     0.548     0.745     0.825     0.796
 --------------
               time:     0.157     0.104     0.083
              mtime:     0.103     0.133     0.106
               igc4:     0.341     0.675     0.154     0.208     0.450
              migc4:     0.315     1.256     0.203     0.289     0.069
  tax,dd   0.106   0.213
      IR   4.377
