 --------------------------------------------------
         eprem/avge:   157.256   100.000
         eprem/avge:   149.611   104.800
 --------------
    IR/enrl/ww/ups0:     4.377    47.986    67.395    46.694
    IR/enrl/ww/ups1:     3.983    48.805    69.651    46.917
 --------------------------------------------------
                avg:     0.586     0.750     0.862     0.925     0.991     1.000     0.894
               mavg:     0.262     0.472     0.593     0.703     0.889     1.000     0.984
               prem:     1.148     1.299     1.476     1.634     1.694     1.869     2.087
              mprem:     0.909     1.526     1.663     1.587     1.571     1.741     1.676
 --------------
                hsc:     0.748     0.899     0.970     0.989     1.041     1.000     0.846
               mhsc:     0.360     0.504     0.607     0.735     0.934     1.000     1.003
                col:     0.859     1.169     1.432     1.616     1.763     1.869     1.766
               mcol:     0.327     0.768     1.009     1.167     1.468     1.741     1.680
 --------------
             logstd:     0.474     0.506     0.529     0.564     0.586     0.653     0.686
            mlogstd:     0.520     0.463     0.460     0.549     0.751     0.827     0.794
 --------------
               time:     0.157     0.104     0.083
              mtime:     0.106     0.147     0.099
               igc4:     0.341     0.675     0.154     0.208     0.450
              migc4:     0.311     1.251     0.202     0.287     0.063
  tax,dd   0.106   0.213
      IR   4.377
