 --------------------------------------------------
         eprem/avge:   157.256   100.000
         eprem/avge:   162.585   105.084
 --------------
    IR/enrl/ww/ups0:     4.377    47.986    71.711    46.694
    IR/enrl/ww/ups1:     4.121    55.112    55.042    48.714
 --------------------------------------------------
                avg:     0.586     0.750     0.862     0.925     0.991     1.000     0.894
               mavg:     0.247     0.461     0.568     0.677     0.879     1.000     0.978
               prem:     1.148     1.299     1.476     1.634     1.694     1.869     2.087
              mprem:     1.071     1.518     1.662     1.697     1.766     1.972     1.883
 --------------
                hsc:     0.748     0.899     0.970     0.989     1.041     1.000     0.846
               mhsc:     0.346     0.532     0.624     0.735     0.935     1.000     1.003
                col:     0.859     1.169     1.432     1.616     1.763     1.869     1.766
               mcol:     0.371     0.807     1.038     1.248     1.650     1.972     1.889
 --------------
             logstd:     0.474     0.506     0.529     0.564     0.586     0.653     0.686
            mlogstd:     0.450     0.460     0.459     0.551     0.717     0.785     0.758
 --------------
               time:     0.157     0.104     0.083
              mtime:     0.107     0.136     0.105
               igc4:     0.341     0.675     0.154     0.208     0.450
              migc4:     0.336     1.242     0.227     0.298     0.054
  tax,dd   0.106   0.213
