 --------------------------------------------------
         eprem/avge:   157.256   100.000
         eprem/avge:   158.784   105.799
 --------------
    IR/enrl/ww/ups0:     4.377    47.986    71.711    46.694
    IR/enrl/ww/ups1:     4.119    47.841    69.216    46.964
 --------------------------------------------------
                avg:     0.586     0.750     0.862     0.925     0.991     1.000     0.894
               mavg:     0.265     0.481     0.586     0.697     0.893     1.000     0.982
               prem:     1.148     1.299     1.476     1.634     1.694     1.869     2.087
              mprem:     0.990     1.540     1.786     1.703     1.658     1.863     1.776
 --------------
                hsc:     0.748     0.899     0.970     0.989     1.041     1.000     0.846
               mhsc:     0.359     0.527     0.597     0.728     0.944     1.000     1.004
                col:     0.859     1.169     1.432     1.616     1.763     1.869     1.766
               mcol:     0.355     0.812     1.067     1.239     1.565     1.863     1.784
 --------------
             logstd:     0.474     0.506     0.529     0.564     0.586     0.653     0.686
            mlogstd:     0.479     0.465     0.468     0.548     0.743     0.821     0.789
 --------------
               time:     0.157     0.104     0.083
              mtime:     0.103     0.134     0.110
               igc4:     0.341     0.675     0.154     0.208     0.450
              migc4:     0.372     1.273     0.211     0.292     0.074
  tax,dd   0.106   0.213
