 --------------------------------------------------
         eprem/avge:   157.256   100.000
         eprem/avge:   157.519   103.617
 --------------
    IR/enrl/ww/ups0:     4.377    47.986    67.529    46.694
    IR/enrl/ww/ups1:     4.082    48.465    68.732    47.018
 --------------------------------------------------
                avg:     0.586     0.750     0.862     0.925     0.991     1.000     0.894
               mavg:     0.265     0.498     0.595     0.687     0.870     1.000     0.976
               prem:     1.148     1.299     1.476     1.634     1.694     1.869     2.087
              mprem:     1.166     1.446     1.670     1.642     1.601     1.834     1.773
 --------------
                hsc:     0.748     0.899     0.970     0.989     1.041     1.000     0.846
               mhsc:     0.330     0.559     0.622     0.724     0.929     1.000     0.992
                col:     0.859     1.169     1.432     1.616     1.763     1.869     1.766
               mcol:     0.385     0.808     1.040     1.190     1.487     1.834     1.759
 --------------
             logstd:     0.474     0.506     0.529     0.564     0.586     0.653     0.686
            mlogstd:     0.521     0.513     0.492     0.575     0.755     0.811     0.781
 --------------
               time:     0.157     0.104     0.083
              mtime:     0.093     0.126     0.099
               igc4:     0.341     0.675     0.154     0.208     0.450
              migc4:     0.329     1.276     0.186     0.293     0.069
  tax,dd   0.106   0.213
      IR   4.377
