 --------------------------------------------------
         eprem/avge:   157.256   100.000
         eprem/avge:   151.563   105.057
 --------------
    IR/enrl/ww/ups0:     4.377    47.986    71.711    46.694
    IR/enrl/ww/ups1:     4.188    57.476    53.014    49.001
 --------------------------------------------------
                avg:     0.586     0.750     0.862     0.925     0.991     1.000     0.894
               mavg:     0.251     0.431     0.569     0.669     0.883     1.000     0.978
               prem:     1.148     1.299     1.476     1.634     1.694     1.869     2.087
              mprem:     0.973     1.386     1.565     1.547     1.652     1.883     1.809
 --------------
                hsc:     0.748     0.899     0.970     0.989     1.041     1.000     0.846
               mhsc:     0.367     0.514     0.633     0.749     0.952     1.000     1.000
                col:     0.859     1.169     1.432     1.616     1.763     1.869     1.766
               mcol:     0.357     0.712     0.991     1.159     1.573     1.883     1.810
 --------------
             logstd:     0.474     0.506     0.529     0.564     0.586     0.653     0.686
            mlogstd:     0.444     0.443     0.474     0.567     0.732     0.801     0.770
 --------------
               time:     0.157     0.104     0.083
              mtime:     0.114     0.136     0.096
               igc4:     0.341     0.675     0.154     0.208     0.450
              migc4:     0.349     1.218     0.181     0.294     0.064
  tax,dd   0.106   0.213
