 --------------------------------------------------
         eprem/avge:   157.256   100.000
         eprem/avge:   170.364   104.060
 --------------
    IR/enrl/ww/ups0:     4.377    47.986    71.711    46.694
    IR/enrl/ww/ups1:     4.222    47.326    69.186    46.968
 --------------------------------------------------
                avg:     0.586     0.750     0.862     0.925     0.991     1.000     0.894
               mavg:     0.268     0.489     0.590     0.683     0.869     1.000     0.974
               prem:     1.148     1.299     1.476     1.634     1.694     1.869     2.087
              mprem:     1.228     1.589     1.811     1.771     1.744     1.990     1.917
 --------------
                hsc:     0.748     0.899     0.970     0.989     1.041     1.000     0.846
               mhsc:     0.337     0.544     0.617     0.722     0.925     1.000     0.991
                col:     0.859     1.169     1.432     1.616     1.763     1.869     1.766
               mcol:     0.413     0.864     1.117     1.278     1.612     1.990     1.901
 --------------
             logstd:     0.474     0.506     0.529     0.564     0.586     0.653     0.686
            mlogstd:     0.523     0.507     0.490     0.573     0.753     0.806     0.777
 --------------
               time:     0.157     0.104     0.083
              mtime:     0.094     0.131     0.097
               igc4:     0.341     0.675     0.154     0.208     0.450
              migc4:     0.384     1.293     0.199     0.298     0.075
  tax,dd   0.106   0.213
