 --------------------------------------------------
         eprem/avge:   157.256   100.000
         eprem/avge:   164.811   104.753
 --------------
    IR/enrl/ww/ups0:     4.377    47.986    71.711    46.694
    IR/enrl/ww/ups1:     4.161    53.980    54.625    48.772
 --------------------------------------------------
                avg:     0.586     0.750     0.862     0.925     0.991     1.000     0.894
               mavg:     0.262     0.453     0.569     0.682     0.886     1.000     0.981
               prem:     1.148     1.299     1.476     1.634     1.694     1.869     2.087
              mprem:     1.048     1.444     1.804     1.705     1.768     2.061     1.946
 --------------
                hsc:     0.748     0.899     0.970     0.989     1.041     1.000     0.846
               mhsc:     0.377     0.549     0.611     0.756     0.962     1.000     1.011
                col:     0.859     1.169     1.432     1.616     1.763     1.869     1.766
               mcol:     0.395     0.793     1.102     1.288     1.701     2.061     1.968
 --------------
             logstd:     0.474     0.506     0.529     0.564     0.586     0.653     0.686
            mlogstd:     0.476     0.479     0.471     0.548     0.715     0.780     0.753
 --------------
               time:     0.157     0.104     0.083
              mtime:     0.102     0.128     0.096
               igc4:     0.341     0.675     0.154     0.208     0.450
              migc4:     0.379     1.275     0.229     0.298     0.062
  tax,dd   0.106   0.213
